TpTrace Verbose: 0 : 23184, 1, 2024/08/02, 16:35:44.290, 18403596421152, vstest.console.dll, Version: 17.10.0-release-24203-04 Current process architecture: X64
TpTrace Verbose: 0 : 23184, 1, 2024/08/02, 16:35:44.297, 18403596492108, vstest.console.dll, Runtime location: C:\Program Files\dotnet\shared\Microsoft.NETCore.App\8.0.6
TpTrace Verbose: 0 : 23184, 1, 2024/08/02, 16:35:44.305, 18403596572935, vstest.console.dll, ArtifactProcessingPostProcessModeProcessorExecutor.Initialize: ArtifactProcessingMode.Collect
TpTrace Verbose: 0 : 23184, 1, 2024/08/02, 16:35:44.305, 18403596575640, vstest.console.dll, TestSessionCorrelationIdProcessorModeProcessorExecutor.Initialize: TestSessionCorrelationId '11792_355367be-9446-433d-ae32-20043c6711a2'
TpTrace Information: 0 : 23184, 1, 2024/08/02, 16:35:44.327, 18403596792835, vstest.console.dll, FilePatternParser: The given file C:\Users\VC\Desktop\Presidio\67acres\RealEstateAPISln\RealestateAppTesting\bin\Debug\net6.0\fine-code-coverage\build-output\RealestateAppTesting.dll is a full path.
TpTrace Verbose: 0 : 23184, 1, 2024/08/02, 16:35:44.342, 18403596945897, vstest.console.dll, TestPluginCache.DiscoverTestExtensions: finding test extensions in assemblies ends with: RuntimeProvider.dll TPluginInfo: Microsoft.VisualStudio.TestPlatform.Common.ExtensionFramework.Utilities.TestRuntimePluginInformation TExtension: Microsoft.VisualStudio.TestPlatform.ObjectModel.Host.ITestRuntimeProvider
TpTrace Verbose: 0 : 23184, 1, 2024/08/02, 16:35:44.343, 18403596954367, vstest.console.dll, TestPluginCache.GetExtensionPaths: Filtered extension paths: 
TpTrace Verbose: 0 : 23184, 1, 2024/08/02, 16:35:44.343, 18403596956797, vstest.console.dll, TestPluginCache.GetExtensionPaths: Added default extension paths: C:\Program Files\dotnet\sdk\8.0.302\Extensions\Microsoft.Diagnostics.NETCore.Client.dll
C:\Program Files\dotnet\sdk\8.0.302\Extensions\Microsoft.TestPlatform.Extensions.BlameDataCollector.dll
C:\Program Files\dotnet\sdk\8.0.302\Extensions\Microsoft.TestPlatform.Extensions.EventLogCollector.dll
C:\Program Files\dotnet\sdk\8.0.302\Extensions\Microsoft.TestPlatform.TestHostRuntimeProvider.dll
C:\Program Files\dotnet\sdk\8.0.302\Extensions\Microsoft.VisualStudio.TestPlatform.Extensions.Html.TestLogger.dll
C:\Program Files\dotnet\sdk\8.0.302\Extensions\Microsoft.VisualStudio.TestPlatform.Extensions.Trx.TestLogger.dll
TpTrace Verbose: 0 : 23184, 1, 2024/08/02, 16:35:44.343, 18403596957705, vstest.console.dll, TestPluginCache.GetExtensionPaths: Added unfilterableExtensionPaths: 
TpTrace Information: 0 : 23184, 1, 2024/08/02, 16:35:44.345, 18403596971875, vstest.console.dll, AssemblyResolver.ctor: Creating AssemblyResolver with searchDirectories C:\Program Files\dotnet\sdk\8.0.302\Extensions,C:\Program Files\dotnet\sdk\8.0.302
TpTrace Verbose: 0 : 23184, 1, 2024/08/02, 16:35:44.350, 18403597022862, vstest.console.dll, TestPluginCache.DiscoverTestExtensions: Discovering the extensions using extension path.
TpTrace Verbose: 0 : 23184, 1, 2024/08/02, 16:35:44.351, 18403597028613, vstest.console.dll, TestPluginCache.GetExtensionPaths: Filtered extension paths: 
TpTrace Verbose: 0 : 23184, 1, 2024/08/02, 16:35:44.351, 18403597030793, vstest.console.dll, TestPluginCache.GetExtensionPaths: Added default extension paths: C:\Program Files\dotnet\sdk\8.0.302\Extensions\Microsoft.Diagnostics.NETCore.Client.dll
C:\Program Files\dotnet\sdk\8.0.302\Extensions\Microsoft.TestPlatform.Extensions.BlameDataCollector.dll
C:\Program Files\dotnet\sdk\8.0.302\Extensions\Microsoft.TestPlatform.Extensions.EventLogCollector.dll
C:\Program Files\dotnet\sdk\8.0.302\Extensions\Microsoft.TestPlatform.TestHostRuntimeProvider.dll
C:\Program Files\dotnet\sdk\8.0.302\Extensions\Microsoft.VisualStudio.TestPlatform.Extensions.Html.TestLogger.dll
C:\Program Files\dotnet\sdk\8.0.302\Extensions\Microsoft.VisualStudio.TestPlatform.Extensions.Trx.TestLogger.dll
TpTrace Verbose: 0 : 23184, 1, 2024/08/02, 16:35:44.351, 18403597032109, vstest.console.dll, TestPluginCache.GetExtensionPaths: Added unfilterableExtensionPaths: 
TpTrace Verbose: 0 : 23184, 1, 2024/08/02, 16:35:44.351, 18403597034771, vstest.console.dll, TestPluginCache.DiscoverTestExtensions: Discovering the extensions using allExtensionPaths: C:\Program Files\dotnet\sdk\8.0.302\Extensions\Microsoft.Diagnostics.NETCore.Client.dll
C:\Program Files\dotnet\sdk\8.0.302\Extensions\Microsoft.TestPlatform.Extensions.BlameDataCollector.dll
C:\Program Files\dotnet\sdk\8.0.302\Extensions\Microsoft.TestPlatform.Extensions.EventLogCollector.dll
C:\Program Files\dotnet\sdk\8.0.302\Extensions\Microsoft.TestPlatform.TestHostRuntimeProvider.dll
C:\Program Files\dotnet\sdk\8.0.302\Extensions\Microsoft.VisualStudio.TestPlatform.Extensions.Html.TestLogger.dll
C:\Program Files\dotnet\sdk\8.0.302\Extensions\Microsoft.VisualStudio.TestPlatform.Extensions.Trx.TestLogger.dll
TpTrace Information: 0 : 23184, 1, 2024/08/02, 16:35:44.351, 18403597037091, vstest.console.dll, AssemblyResolver.AddSearchDirectories: Adding more searchDirectories C:\Program Files\dotnet\sdk\8.0.302\Extensions,C:\Program Files\dotnet\sdk\8.0.302
TpTrace Information: 0 : 23184, 1, 2024/08/02, 16:35:44.352, 18403597039654, vstest.console.dll, AssemblyResolver.AddSearchDirectories: Adding more searchDirectories C:\Program Files\dotnet\sdk\8.0.302\Extensions,C:\Program Files\dotnet\sdk\8.0.302
TpTrace Information: 0 : 23184, 1, 2024/08/02, 16:35:44.352, 18403597041071, vstest.console.dll, AssemblyResolver.AddSearchDirectories: Adding more searchDirectories C:\Program Files\dotnet\sdk\8.0.302\Extensions,C:\Program Files\dotnet\sdk\8.0.302
TpTrace Information: 0 : 23184, 1, 2024/08/02, 16:35:44.352, 18403597041721, vstest.console.dll, AssemblyResolver.AddSearchDirectories: Adding more searchDirectories C:\Program Files\dotnet\sdk\8.0.302\Extensions,C:\Program Files\dotnet\sdk\8.0.302
TpTrace Information: 0 : 23184, 1, 2024/08/02, 16:35:44.352, 18403597042470, vstest.console.dll, AssemblyResolver.AddSearchDirectories: Adding more searchDirectories C:\Program Files\dotnet\sdk\8.0.302\Extensions,C:\Program Files\dotnet\sdk\8.0.302
TpTrace Information: 0 : 23184, 1, 2024/08/02, 16:35:44.352, 18403597043082, vstest.console.dll, AssemblyResolver.AddSearchDirectories: Adding more searchDirectories C:\Program Files\dotnet\sdk\8.0.302\Extensions,C:\Program Files\dotnet\sdk\8.0.302
TpTrace Information: 0 : 23184, 1, 2024/08/02, 16:35:44.353, 18403597058125, vstest.console.dll, AssemblyResolver.OnResolve: Microsoft.Diagnostics.NETCore.Client: Resolving assembly.
TpTrace Information: 0 : 23184, 1, 2024/08/02, 16:35:44.354, 18403597060181, vstest.console.dll, AssemblyResolver.OnResolve: Microsoft.Diagnostics.NETCore.Client: Searching in: 'C:\Program Files\dotnet\sdk\8.0.302\Extensions'.
TpTrace Information: 0 : 23184, 1, 2024/08/02, 16:35:44.372, 18403597239104, vstest.console.dll, AssemblyResolver.OnResolve: Microsoft.Diagnostics.NETCore.Client: Loading assembly 'C:\Program Files\dotnet\sdk\8.0.302\Extensions\Microsoft.Diagnostics.NETCore.Client.dll'.
TpTrace Information: 0 : 23184, 1, 2024/08/02, 16:35:44.373, 18403597254510, vstest.console.dll, AssemblyResolver.OnResolve: Resolved assembly: Microsoft.Diagnostics.NETCore.Client, from path: C:\Program Files\dotnet\sdk\8.0.302\Extensions\Microsoft.Diagnostics.NETCore.Client.dll
TpTrace Verbose: 0 : 23184, 1, 2024/08/02, 16:35:44.390, 18403597423725, vstest.console.dll, MetadataReaderExtensionsHelper: Discovering extensions inside assembly 'Microsoft.Diagnostics.NETCore.Client, Version=0.2.10.15101, Culture=neutral, PublicKeyToken=31bf3856ad364e35' file path 'C:\Program Files\dotnet\sdk\8.0.302\Extensions\Microsoft.Diagnostics.NETCore.Client.dll'
TpTrace Information: 0 : 23184, 1, 2024/08/02, 16:35:44.411, 18403597635325, vstest.console.dll, AssemblyResolver.OnResolve: Microsoft.Bcl.AsyncInterfaces: Resolving assembly.
TpTrace Information: 0 : 23184, 1, 2024/08/02, 16:35:44.411, 18403597638021, vstest.console.dll, AssemblyResolver.OnResolve: Microsoft.Bcl.AsyncInterfaces: Searching in: 'C:\Program Files\dotnet\sdk\8.0.302\Extensions'.
TpTrace Information: 0 : 23184, 1, 2024/08/02, 16:35:44.412, 18403597640087, vstest.console.dll, AssemblyResolver.OnResolve: Microsoft.Bcl.AsyncInterfaces: Assembly path does not exist: 'C:\Program Files\dotnet\sdk\8.0.302\Extensions\Microsoft.Bcl.AsyncInterfaces.dll', returning.
TpTrace Information: 0 : 23184, 1, 2024/08/02, 16:35:44.412, 18403597642468, vstest.console.dll, AssemblyResolver.OnResolve: Microsoft.Bcl.AsyncInterfaces: Assembly path does not exist: 'C:\Program Files\dotnet\sdk\8.0.302\Extensions\Microsoft.Bcl.AsyncInterfaces.exe', returning.
TpTrace Information: 0 : 23184, 1, 2024/08/02, 16:35:44.412, 18403597643298, vstest.console.dll, AssemblyResolver.OnResolve: Microsoft.Bcl.AsyncInterfaces: Searching in: 'C:\Program Files\dotnet\sdk\8.0.302'.
TpTrace Information: 0 : 23184, 1, 2024/08/02, 16:35:44.412, 18403597644418, vstest.console.dll, AssemblyResolver.OnResolve: Microsoft.Bcl.AsyncInterfaces: Assembly path does not exist: 'C:\Program Files\dotnet\sdk\8.0.302\Microsoft.Bcl.AsyncInterfaces.dll', returning.
TpTrace Information: 0 : 23184, 1, 2024/08/02, 16:35:44.412, 18403597645201, vstest.console.dll, AssemblyResolver.OnResolve: Microsoft.Bcl.AsyncInterfaces: Assembly path does not exist: 'C:\Program Files\dotnet\sdk\8.0.302\Microsoft.Bcl.AsyncInterfaces.exe', returning.
TpTrace Information: 0 : 23184, 1, 2024/08/02, 16:35:44.412, 18403597645973, vstest.console.dll, AssemblyResolver.OnResolve: Microsoft.Bcl.AsyncInterfaces: Failed to load assembly.
TpTrace Verbose: 0 : 23184, 1, 2024/08/02, 16:35:44.412, 18403597646772, vstest.console.dll, CurrentDomainAssemblyResolve: Resolving assembly 'Microsoft.Bcl.AsyncInterfaces'.
TpTrace Information: 0 : 23184, 1, 2024/08/02, 16:35:44.412, 18403597648027, vstest.console.dll, AssemblyResolver.OnResolve: Microsoft.Bcl.AsyncInterfaces: Resolving assembly.
TpTrace Information: 0 : 23184, 1, 2024/08/02, 16:35:44.413, 18403597648725, vstest.console.dll, AssemblyResolver.OnResolve: Microsoft.Bcl.AsyncInterfaces: Resolved from cache.
TpTrace Verbose: 0 : 23184, 1, 2024/08/02, 16:35:44.413, 18403597649594, vstest.console.dll, CurrentDomainAssemblyResolve: Resolving assembly 'Microsoft.Bcl.AsyncInterfaces'.
TpTrace Verbose: 0 : 23184, 1, 2024/08/02, 16:35:44.413, 18403597650186, vstest.console.dll, CurrentDomainAssemblyResolve: Failed to resolve assembly 'Microsoft.Bcl.AsyncInterfaces'.
TpTrace Verbose: 0 : 23184, 1, 2024/08/02, 16:35:44.415, 18403597668787, vstest.console.dll, CurrentDomainAssemblyResolve: Failed to resolve assembly 'Microsoft.Bcl.AsyncInterfaces'.
TpTrace Warning: 0 : 23184, 1, 2024/08/02, 16:35:44.445, 18403597970048, vstest.console.dll, TestPluginDiscoverer: Failed to get types from assembly 'Microsoft.Diagnostics.NETCore.Client, Version=0.2.10.15101, Culture=neutral, PublicKeyToken=31bf3856ad364e35'. Error: System.Reflection.ReflectionTypeLoadException: Unable to load one or more of the requested types.
Could not load file or assembly 'Microsoft.Bcl.AsyncInterfaces, Version=6.0.0.0, Culture=neutral, PublicKeyToken=cc7b13ffcd2ddd51'. The system cannot find the file specified.
   at System.Reflection.RuntimeModule.GetTypes(RuntimeModule module)
   at System.Reflection.RuntimeModule.GetTypes()
   at Microsoft.VisualStudio.TestPlatform.Common.ExtensionFramework.TestPluginDiscoverer.GetTestExtensionsFromAssembly[TPluginInfo,TExtension](Assembly assembly, Dictionary`2 pluginInfos, String filePath) in /_/src/Microsoft.TestPlatform.Common/ExtensionFramework/TestPluginDiscoverer.cs:line 158
System.IO.FileNotFoundException: Could not load file or assembly 'Microsoft.Bcl.AsyncInterfaces, Version=6.0.0.0, Culture=neutral, PublicKeyToken=cc7b13ffcd2ddd51'. The system cannot find the file specified.
File name: 'Microsoft.Bcl.AsyncInterfaces, Version=6.0.0.0, Culture=neutral, PublicKeyToken=cc7b13ffcd2ddd51'
 ---> System.IO.FileNotFoundException: Could not load file or assembly 'Microsoft.Bcl.AsyncInterfaces, Culture=neutral, PublicKeyToken=null'. The system cannot find the file specified.
File name: 'Microsoft.Bcl.AsyncInterfaces, Culture=neutral, PublicKeyToken=null'
   at System.Reflection.RuntimeAssembly.InternalLoad(AssemblyName assemblyName, StackCrawlMark& stackMark, AssemblyLoadContext assemblyLoadContext, RuntimeAssembly requestingAssembly, Boolean throwOnFileNotFound)
   at System.Reflection.Assembly.Load(AssemblyName assemblyRef)
   at Microsoft.VisualStudio.TestPlatform.Common.ExtensionFramework.TestPluginCache.CurrentDomainAssemblyResolve(Object sender, AssemblyResolveEventArgs args) in /_/src/Microsoft.TestPlatform.Common/ExtensionFramework/TestPluginCache.cs:line 513
   at System.Runtime.Loader.AssemblyLoadContext.GetFirstResolvedAssemblyFromResolvingEvent(AssemblyName assemblyName)
   at System.Runtime.Loader.AssemblyLoadContext.ResolveUsingEvent(AssemblyName assemblyName)
   at System.Runtime.Loader.AssemblyLoadContext.ResolveUsingResolvingEvent(IntPtr gchManagedAssemblyLoadContext, AssemblyName assemblyName)
TpTrace Warning: 0 : 23184, 1, 2024/08/02, 16:35:44.445, 18403597976633, vstest.console.dll, LoaderExceptions: System.IO.FileNotFoundException: Could not load file or assembly 'Microsoft.Bcl.AsyncInterfaces, Version=6.0.0.0, Culture=neutral, PublicKeyToken=cc7b13ffcd2ddd51'. The system cannot find the file specified.
File name: 'Microsoft.Bcl.AsyncInterfaces, Version=6.0.0.0, Culture=neutral, PublicKeyToken=cc7b13ffcd2ddd51'
 ---> System.IO.FileNotFoundException: Could not load file or assembly 'Microsoft.Bcl.AsyncInterfaces, Culture=neutral, PublicKeyToken=null'. The system cannot find the file specified.
File name: 'Microsoft.Bcl.AsyncInterfaces, Culture=neutral, PublicKeyToken=null'
   at System.Reflection.RuntimeAssembly.InternalLoad(AssemblyName assemblyName, StackCrawlMark& stackMark, AssemblyLoadContext assemblyLoadContext, RuntimeAssembly requestingAssembly, Boolean throwOnFileNotFound)
   at System.Reflection.Assembly.Load(AssemblyName assemblyRef)
   at Microsoft.VisualStudio.TestPlatform.Common.ExtensionFramework.TestPluginCache.CurrentDomainAssemblyResolve(Object sender, AssemblyResolveEventArgs args) in /_/src/Microsoft.TestPlatform.Common/ExtensionFramework/TestPluginCache.cs:line 513
   at System.Runtime.Loader.AssemblyLoadContext.GetFirstResolvedAssemblyFromResolvingEvent(AssemblyName assemblyName)
   at System.Runtime.Loader.AssemblyLoadContext.ResolveUsingEvent(AssemblyName assemblyName)
   at System.Runtime.Loader.AssemblyLoadContext.ResolveUsingResolvingEvent(IntPtr gchManagedAssemblyLoadContext, AssemblyName assemblyName)
TpTrace Information: 0 : 23184, 1, 2024/08/02, 16:35:44.446, 18403597979275, vstest.console.dll, AssemblyResolver.OnResolve: Microsoft.TestPlatform.Extensions.BlameDataCollector: Resolving assembly.
TpTrace Information: 0 : 23184, 1, 2024/08/02, 16:35:44.446, 18403597979909, vstest.console.dll, AssemblyResolver.OnResolve: Microsoft.TestPlatform.Extensions.BlameDataCollector: Searching in: 'C:\Program Files\dotnet\sdk\8.0.302\Extensions'.
TpTrace Information: 0 : 23184, 1, 2024/08/02, 16:35:44.447, 18403597991660, vstest.console.dll, AssemblyResolver.OnResolve: Microsoft.TestPlatform.Extensions.BlameDataCollector: Loading assembly 'C:\Program Files\dotnet\sdk\8.0.302\Extensions\Microsoft.TestPlatform.Extensions.BlameDataCollector.dll'.
TpTrace Information: 0 : 23184, 1, 2024/08/02, 16:35:44.448, 18403598003961, vstest.console.dll, AssemblyResolver.OnResolve: Resolved assembly: Microsoft.TestPlatform.Extensions.BlameDataCollector, from path: C:\Program Files\dotnet\sdk\8.0.302\Extensions\Microsoft.TestPlatform.Extensions.BlameDataCollector.dll
TpTrace Verbose: 0 : 23184, 1, 2024/08/02, 16:35:44.448, 18403598005673, vstest.console.dll, MetadataReaderExtensionsHelper: Discovering extensions inside assembly 'Microsoft.TestPlatform.Extensions.BlameDataCollector, Version=15.0.0.0, Culture=neutral, PublicKeyToken=b03f5f7f11d50a3a' file path 'C:\Program Files\dotnet\sdk\8.0.302\Extensions\Microsoft.TestPlatform.Extensions.BlameDataCollector.dll'
TpTrace Information: 0 : 23184, 1, 2024/08/02, 16:35:44.452, 18403598040927, vstest.console.dll, AssemblyResolver.OnResolve: Microsoft.TestPlatform.Extensions.EventLogCollector: Resolving assembly.
TpTrace Information: 0 : 23184, 1, 2024/08/02, 16:35:44.452, 18403598046011, vstest.console.dll, AssemblyResolver.OnResolve: Microsoft.TestPlatform.Extensions.EventLogCollector: Searching in: 'C:\Program Files\dotnet\sdk\8.0.302\Extensions'.
TpTrace Information: 0 : 23184, 1, 2024/08/02, 16:35:44.453, 18403598057277, vstest.console.dll, AssemblyResolver.OnResolve: Microsoft.TestPlatform.Extensions.EventLogCollector: Loading assembly 'C:\Program Files\dotnet\sdk\8.0.302\Extensions\Microsoft.TestPlatform.Extensions.EventLogCollector.dll'.
TpTrace Information: 0 : 23184, 1, 2024/08/02, 16:35:44.455, 18403598076519, vstest.console.dll, AssemblyResolver.OnResolve: Resolved assembly: Microsoft.TestPlatform.Extensions.EventLogCollector, from path: C:\Program Files\dotnet\sdk\8.0.302\Extensions\Microsoft.TestPlatform.Extensions.EventLogCollector.dll
TpTrace Verbose: 0 : 23184, 1, 2024/08/02, 16:35:44.456, 18403598079697, vstest.console.dll, MetadataReaderExtensionsHelper: Discovering extensions inside assembly 'Microsoft.TestPlatform.Extensions.EventLogCollector, Version=15.0.0.0, Culture=neutral, PublicKeyToken=b03f5f7f11d50a3a' file path 'C:\Program Files\dotnet\sdk\8.0.302\Extensions\Microsoft.TestPlatform.Extensions.EventLogCollector.dll'
TpTrace Information: 0 : 23184, 1, 2024/08/02, 16:35:44.463, 18403598156128, vstest.console.dll, AssemblyResolver.OnResolve: Microsoft.TestPlatform.TestHostRuntimeProvider: Resolving assembly.
TpTrace Information: 0 : 23184, 1, 2024/08/02, 16:35:44.464, 18403598159219, vstest.console.dll, AssemblyResolver.OnResolve: Microsoft.TestPlatform.TestHostRuntimeProvider: Searching in: 'C:\Program Files\dotnet\sdk\8.0.302\Extensions'.
TpTrace Information: 0 : 23184, 1, 2024/08/02, 16:35:44.465, 18403598172881, vstest.console.dll, AssemblyResolver.OnResolve: Microsoft.TestPlatform.TestHostRuntimeProvider: Loading assembly 'C:\Program Files\dotnet\sdk\8.0.302\Extensions\Microsoft.TestPlatform.TestHostRuntimeProvider.dll'.
TpTrace Information: 0 : 23184, 1, 2024/08/02, 16:35:44.466, 18403598186570, vstest.console.dll, AssemblyResolver.OnResolve: Resolved assembly: Microsoft.TestPlatform.TestHostRuntimeProvider, from path: C:\Program Files\dotnet\sdk\8.0.302\Extensions\Microsoft.TestPlatform.TestHostRuntimeProvider.dll
TpTrace Verbose: 0 : 23184, 1, 2024/08/02, 16:35:44.466, 18403598188201, vstest.console.dll, MetadataReaderExtensionsHelper: Discovering extensions inside assembly 'Microsoft.TestPlatform.TestHostRuntimeProvider, Version=15.0.0.0, Culture=neutral, PublicKeyToken=b03f5f7f11d50a3a' file path 'C:\Program Files\dotnet\sdk\8.0.302\Extensions\Microsoft.TestPlatform.TestHostRuntimeProvider.dll'
TpTrace Information: 0 : 23184, 1, 2024/08/02, 16:35:44.474, 18403598265234, vstest.console.dll, GetTestExtensionFromType: Register extension with identifier data 'HostProvider://DefaultTestHost' and type 'Microsoft.VisualStudio.TestPlatform.CrossPlatEngine.Hosting.DefaultTestHostManager, Microsoft.TestPlatform.TestHostRuntimeProvider, Version=15.0.0.0, Culture=neutral, PublicKeyToken=b03f5f7f11d50a3a' inside file 'C:\Program Files\dotnet\sdk\8.0.302\Extensions\Microsoft.TestPlatform.TestHostRuntimeProvider.dll'
TpTrace Information: 0 : 23184, 1, 2024/08/02, 16:35:44.476, 18403598280495, vstest.console.dll, GetTestExtensionFromType: Register extension with identifier data 'HostProvider://DotnetTestHost' and type 'Microsoft.VisualStudio.TestPlatform.CrossPlatEngine.Hosting.DotnetTestHostManager, Microsoft.TestPlatform.TestHostRuntimeProvider, Version=15.0.0.0, Culture=neutral, PublicKeyToken=b03f5f7f11d50a3a' inside file 'C:\Program Files\dotnet\sdk\8.0.302\Extensions\Microsoft.TestPlatform.TestHostRuntimeProvider.dll'
TpTrace Information: 0 : 23184, 1, 2024/08/02, 16:35:44.476, 18403598282530, vstest.console.dll, AssemblyResolver.OnResolve: Microsoft.VisualStudio.TestPlatform.Extensions.Html.TestLogger: Resolving assembly.
TpTrace Information: 0 : 23184, 1, 2024/08/02, 16:35:44.476, 18403598283060, vstest.console.dll, AssemblyResolver.OnResolve: Microsoft.VisualStudio.TestPlatform.Extensions.Html.TestLogger: Searching in: 'C:\Program Files\dotnet\sdk\8.0.302\Extensions'.
TpTrace Information: 0 : 23184, 1, 2024/08/02, 16:35:44.477, 18403598294563, vstest.console.dll, AssemblyResolver.OnResolve: Microsoft.VisualStudio.TestPlatform.Extensions.Html.TestLogger: Loading assembly 'C:\Program Files\dotnet\sdk\8.0.302\Extensions\Microsoft.VisualStudio.TestPlatform.Extensions.Html.TestLogger.dll'.
TpTrace Information: 0 : 23184, 1, 2024/08/02, 16:35:44.479, 18403598308544, vstest.console.dll, AssemblyResolver.OnResolve: Resolved assembly: Microsoft.VisualStudio.TestPlatform.Extensions.Html.TestLogger, from path: C:\Program Files\dotnet\sdk\8.0.302\Extensions\Microsoft.VisualStudio.TestPlatform.Extensions.Html.TestLogger.dll
TpTrace Verbose: 0 : 23184, 1, 2024/08/02, 16:35:44.479, 18403598310602, vstest.console.dll, MetadataReaderExtensionsHelper: Discovering extensions inside assembly 'Microsoft.VisualStudio.TestPlatform.Extensions.Html.TestLogger, Version=15.0.0.0, Culture=neutral, PublicKeyToken=b03f5f7f11d50a3a' file path 'C:\Program Files\dotnet\sdk\8.0.302\Extensions\Microsoft.VisualStudio.TestPlatform.Extensions.Html.TestLogger.dll'
TpTrace Information: 0 : 23184, 1, 2024/08/02, 16:35:44.481, 18403598332622, vstest.console.dll, AssemblyResolver.OnResolve: Microsoft.VisualStudio.TestPlatform.Extensions.Trx.TestLogger: Resolving assembly.
TpTrace Information: 0 : 23184, 1, 2024/08/02, 16:35:44.481, 18403598335148, vstest.console.dll, AssemblyResolver.OnResolve: Microsoft.VisualStudio.TestPlatform.Extensions.Trx.TestLogger: Searching in: 'C:\Program Files\dotnet\sdk\8.0.302\Extensions'.
TpTrace Information: 0 : 23184, 1, 2024/08/02, 16:35:44.483, 18403598348772, vstest.console.dll, AssemblyResolver.OnResolve: Microsoft.VisualStudio.TestPlatform.Extensions.Trx.TestLogger: Loading assembly 'C:\Program Files\dotnet\sdk\8.0.302\Extensions\Microsoft.VisualStudio.TestPlatform.Extensions.Trx.TestLogger.dll'.
TpTrace Information: 0 : 23184, 1, 2024/08/02, 16:35:44.484, 18403598360910, vstest.console.dll, AssemblyResolver.OnResolve: Resolved assembly: Microsoft.VisualStudio.TestPlatform.Extensions.Trx.TestLogger, from path: C:\Program Files\dotnet\sdk\8.0.302\Extensions\Microsoft.VisualStudio.TestPlatform.Extensions.Trx.TestLogger.dll
TpTrace Verbose: 0 : 23184, 1, 2024/08/02, 16:35:44.484, 18403598362905, vstest.console.dll, MetadataReaderExtensionsHelper: Discovering extensions inside assembly 'Microsoft.VisualStudio.TestPlatform.Extensions.Trx.TestLogger, Version=15.0.0.0, Culture=neutral, PublicKeyToken=b03f5f7f11d50a3a' file path 'C:\Program Files\dotnet\sdk\8.0.302\Extensions\Microsoft.VisualStudio.TestPlatform.Extensions.Trx.TestLogger.dll'
TpTrace Verbose: 0 : 23184, 1, 2024/08/02, 16:35:44.487, 18403598392509, vstest.console.dll, TestPluginCache: Discovered the extensions using extension path ''.
TpTrace Verbose: 0 : 23184, 1, 2024/08/02, 16:35:44.487, 18403598395087, vstest.console.dll, TestPluginCache: Discoverers are ''.
TpTrace Verbose: 0 : 23184, 1, 2024/08/02, 16:35:44.487, 18403598395789, vstest.console.dll, TestPluginCache: Executors are ''.
TpTrace Verbose: 0 : 23184, 1, 2024/08/02, 16:35:44.487, 18403598396310, vstest.console.dll, TestPluginCache: Executors2 are ''.
TpTrace Verbose: 0 : 23184, 1, 2024/08/02, 16:35:44.487, 18403598396822, vstest.console.dll, TestPluginCache: Setting providers are ''.
TpTrace Verbose: 0 : 23184, 1, 2024/08/02, 16:35:44.487, 18403598397323, vstest.console.dll, TestPluginCache: Loggers are ''.
TpTrace Verbose: 0 : 23184, 1, 2024/08/02, 16:35:44.488, 18403598401647, vstest.console.dll, TestPluginCache: TestHosts are 'HostProvider://DefaultTestHost,HostProvider://DotnetTestHost'.
TpTrace Verbose: 0 : 23184, 1, 2024/08/02, 16:35:44.488, 18403598402443, vstest.console.dll, TestPluginCache: DataCollectors are ''.
TpTrace Information: 0 : 23184, 1, 2024/08/02, 16:35:44.523, 18403598757269, vstest.console.dll, RunTestsArgumentProcessor:Execute: Test run is starting.
TpTrace Verbose: 0 : 23184, 1, 2024/08/02, 16:35:44.524, 18403598758870, vstest.console.dll, RunTestsArgumentProcessor:Execute: Queuing Test run.
TpTrace Information: 0 : 23184, 1, 2024/08/02, 16:35:44.524, 18403598762951, vstest.console.dll, TestRequestManager.RunTests: run tests started.
TpTrace Information: 0 : 23184, 1, 2024/08/02, 16:35:44.527, 18403598795933, vstest.console.dll, AssemblyMetadataProvider.GetFrameworkName: Determined framework:'.NETCoreApp,Version=v6.0' for source: 'C:\Users\VC\Desktop\Presidio\67acres\RealEstateAPISln\RealestateAppTesting\bin\Debug\net6.0\fine-code-coverage\build-output\RealestateAppTesting.dll'
TpTrace Information: 0 : 23184, 1, 2024/08/02, 16:35:44.528, 18403598800942, vstest.console.dll, Determined framework for all sources: .NETCoreApp,Version=v6.0
TpTrace Verbose: 0 : 23184, 1, 2024/08/02, 16:35:44.529, 18403598810351, vstest.console.dll, TestRequestManager.UpdateRunSettingsIfRequired: Default architecture: X64 IsDefaultTargetArchitecture: True, Current process architecture: X64 OperatingSystem: Windows.
TpTrace Information: 0 : 23184, 1, 2024/08/02, 16:35:44.533, 18403598853132, vstest.console.dll, AssemblyMetadataProvider.GetArchitecture: Determined architecture:AnyCPU info for assembly: C:\Users\VC\Desktop\Presidio\67acres\RealEstateAPISln\RealestateAppTesting\bin\Debug\net6.0\fine-code-coverage\build-output\RealestateAppTesting.dll
TpTrace Information: 0 : 23184, 1, 2024/08/02, 16:35:44.533, 18403598854578, vstest.console.dll, Determined platform for source 'C:\Users\VC\Desktop\Presidio\67acres\RealEstateAPISln\RealestateAppTesting\bin\Debug\net6.0\fine-code-coverage\build-output\RealestateAppTesting.dll' was AnyCPU and it will use the default plaform X64.
TpTrace Information: 0 : 23184, 1, 2024/08/02, 16:35:44.533, 18403598855014, vstest.console.dll, None of the sources provided any runnable platform, using the default platform: X64
TpTrace Information: 0 : 23184, 1, 2024/08/02, 16:35:44.533, 18403598856722, vstest.console.dll, Platform was updated to 'X64'.
TpTrace Information: 0 : 23184, 1, 2024/08/02, 16:35:44.541, 18403598936997, vstest.console.dll, InferRunSettingsHelper.IsTestSettingsEnabled: Unable to navigate to RunSettings/MSTest. Current node: RunSettings
TpTrace Information: 0 : 23184, 1, 2024/08/02, 16:35:44.543, 18403598952527, vstest.console.dll, AssemblyResolver.OnResolve: Microsoft.VisualStudio.TestPlatform.Fakes: Resolving assembly.
TpTrace Information: 0 : 23184, 1, 2024/08/02, 16:35:44.543, 18403598954459, vstest.console.dll, AssemblyResolver.OnResolve: Microsoft.VisualStudio.TestPlatform.Fakes: Searching in: 'C:\Program Files\dotnet\sdk\8.0.302\Extensions'.
TpTrace Information: 0 : 23184, 1, 2024/08/02, 16:35:44.543, 18403598956356, vstest.console.dll, AssemblyResolver.OnResolve: Microsoft.VisualStudio.TestPlatform.Fakes: Assembly path does not exist: 'C:\Program Files\dotnet\sdk\8.0.302\Extensions\Microsoft.VisualStudio.TestPlatform.Fakes.dll', returning.
TpTrace Information: 0 : 23184, 1, 2024/08/02, 16:35:44.543, 18403598957638, vstest.console.dll, AssemblyResolver.OnResolve: Microsoft.VisualStudio.TestPlatform.Fakes: Assembly path does not exist: 'C:\Program Files\dotnet\sdk\8.0.302\Extensions\Microsoft.VisualStudio.TestPlatform.Fakes.exe', returning.
TpTrace Information: 0 : 23184, 1, 2024/08/02, 16:35:44.544, 18403598958264, vstest.console.dll, AssemblyResolver.OnResolve: Microsoft.VisualStudio.TestPlatform.Fakes: Searching in: 'C:\Program Files\dotnet\sdk\8.0.302'.
TpTrace Information: 0 : 23184, 1, 2024/08/02, 16:35:44.544, 18403598959275, vstest.console.dll, AssemblyResolver.OnResolve: Microsoft.VisualStudio.TestPlatform.Fakes: Assembly path does not exist: 'C:\Program Files\dotnet\sdk\8.0.302\Microsoft.VisualStudio.TestPlatform.Fakes.dll', returning.
TpTrace Information: 0 : 23184, 1, 2024/08/02, 16:35:44.544, 18403598960284, vstest.console.dll, AssemblyResolver.OnResolve: Microsoft.VisualStudio.TestPlatform.Fakes: Assembly path does not exist: 'C:\Program Files\dotnet\sdk\8.0.302\Microsoft.VisualStudio.TestPlatform.Fakes.exe', returning.
TpTrace Information: 0 : 23184, 1, 2024/08/02, 16:35:44.544, 18403598960977, vstest.console.dll, AssemblyResolver.OnResolve: Microsoft.VisualStudio.TestPlatform.Fakes: Failed to load assembly.
TpTrace Information: 0 : 23184, 1, 2024/08/02, 16:35:44.544, 18403598966923, vstest.console.dll, Failed to load assembly Microsoft.VisualStudio.TestPlatform.Fakes, Version=17.0.0.0, Culture=neutral. Reason:System.IO.FileNotFoundException: Could not load file or assembly 'Microsoft.VisualStudio.TestPlatform.Fakes, Version=17.0.0.0, Culture=neutral, PublicKeyToken=null'. The system cannot find the file specified.
File name: 'Microsoft.VisualStudio.TestPlatform.Fakes, Version=17.0.0.0, Culture=neutral, PublicKeyToken=null'
   at System.Reflection.RuntimeAssembly.InternalLoad(AssemblyName assemblyName, StackCrawlMark& stackMark, AssemblyLoadContext assemblyLoadContext, RuntimeAssembly requestingAssembly, Boolean throwOnFileNotFound)
   at System.Reflection.Assembly.Load(AssemblyName assemblyRef)
   at Microsoft.VisualStudio.TestPlatform.Common.Utilities.FakesUtilities.LoadTestPlatformAssembly() in /_/src/Microsoft.TestPlatform.Common/Utilities/FakesUtilities.cs:line 272
TpTrace Verbose: 0 : 23184, 1, 2024/08/02, 16:35:44.552, 18403599046425, vstest.console.dll, TestPluginCache.DiscoverTestExtensions: finding test extensions in assemblies ends with: TestLogger.dll TPluginInfo: Microsoft.VisualStudio.TestPlatform.Common.ExtensionFramework.Utilities.TestLoggerPluginInformation TExtension: Microsoft.VisualStudio.TestPlatform.ObjectModel.Client.ITestLogger
TpTrace Verbose: 0 : 23184, 1, 2024/08/02, 16:35:44.553, 18403599049866, vstest.console.dll, TestPluginCache.GetExtensionPaths: Filtered extension paths: 
TpTrace Verbose: 0 : 23184, 1, 2024/08/02, 16:35:44.553, 18403599053765, vstest.console.dll, TestPluginCache.GetExtensionPaths: Added default extension paths: C:\Program Files\dotnet\sdk\8.0.302\Extensions\Microsoft.Diagnostics.NETCore.Client.dll
C:\Program Files\dotnet\sdk\8.0.302\Extensions\Microsoft.TestPlatform.Extensions.BlameDataCollector.dll
C:\Program Files\dotnet\sdk\8.0.302\Extensions\Microsoft.TestPlatform.Extensions.EventLogCollector.dll
C:\Program Files\dotnet\sdk\8.0.302\Extensions\Microsoft.TestPlatform.TestHostRuntimeProvider.dll
C:\Program Files\dotnet\sdk\8.0.302\Extensions\Microsoft.VisualStudio.TestPlatform.Extensions.Html.TestLogger.dll
C:\Program Files\dotnet\sdk\8.0.302\Extensions\Microsoft.VisualStudio.TestPlatform.Extensions.Trx.TestLogger.dll
TpTrace Verbose: 0 : 23184, 1, 2024/08/02, 16:35:44.553, 18403599055688, vstest.console.dll, TestPluginCache.GetExtensionPaths: Added unfilterableExtensionPaths: 
TpTrace Information: 0 : 23184, 1, 2024/08/02, 16:35:44.554, 18403599058883, vstest.console.dll, AssemblyResolver.AddSearchDirectories: Adding more searchDirectories C:\Program Files\dotnet\sdk\8.0.302\Extensions,C:\Program Files\dotnet\sdk\8.0.302
TpTrace Verbose: 0 : 23184, 1, 2024/08/02, 16:35:44.554, 18403599060047, vstest.console.dll, TestPluginCache.DiscoverTestExtensions: Discovering the extensions using extension path.
TpTrace Verbose: 0 : 23184, 1, 2024/08/02, 16:35:44.554, 18403599060924, vstest.console.dll, TestPluginCache.GetExtensionPaths: Filtered extension paths: 
TpTrace Verbose: 0 : 23184, 1, 2024/08/02, 16:35:44.554, 18403599061525, vstest.console.dll, TestPluginCache.GetExtensionPaths: Added default extension paths: C:\Program Files\dotnet\sdk\8.0.302\Extensions\Microsoft.Diagnostics.NETCore.Client.dll
C:\Program Files\dotnet\sdk\8.0.302\Extensions\Microsoft.TestPlatform.Extensions.BlameDataCollector.dll
C:\Program Files\dotnet\sdk\8.0.302\Extensions\Microsoft.TestPlatform.Extensions.EventLogCollector.dll
C:\Program Files\dotnet\sdk\8.0.302\Extensions\Microsoft.TestPlatform.TestHostRuntimeProvider.dll
C:\Program Files\dotnet\sdk\8.0.302\Extensions\Microsoft.VisualStudio.TestPlatform.Extensions.Html.TestLogger.dll
C:\Program Files\dotnet\sdk\8.0.302\Extensions\Microsoft.VisualStudio.TestPlatform.Extensions.Trx.TestLogger.dll
TpTrace Verbose: 0 : 23184, 1, 2024/08/02, 16:35:44.554, 18403599062107, vstest.console.dll, TestPluginCache.GetExtensionPaths: Added unfilterableExtensionPaths: 
TpTrace Verbose: 0 : 23184, 1, 2024/08/02, 16:35:44.554, 18403599063989, vstest.console.dll, TestPluginCache.DiscoverTestExtensions: Discovering the extensions using allExtensionPaths: C:\Program Files\dotnet\sdk\8.0.302\Extensions\Microsoft.Diagnostics.NETCore.Client.dll
C:\Program Files\dotnet\sdk\8.0.302\Extensions\Microsoft.TestPlatform.Extensions.BlameDataCollector.dll
C:\Program Files\dotnet\sdk\8.0.302\Extensions\Microsoft.TestPlatform.Extensions.EventLogCollector.dll
C:\Program Files\dotnet\sdk\8.0.302\Extensions\Microsoft.TestPlatform.TestHostRuntimeProvider.dll
C:\Program Files\dotnet\sdk\8.0.302\Extensions\Microsoft.VisualStudio.TestPlatform.Extensions.Html.TestLogger.dll
C:\Program Files\dotnet\sdk\8.0.302\Extensions\Microsoft.VisualStudio.TestPlatform.Extensions.Trx.TestLogger.dll
TpTrace Information: 0 : 23184, 1, 2024/08/02, 16:35:44.554, 18403599066785, vstest.console.dll, AssemblyResolver.AddSearchDirectories: Adding more searchDirectories C:\Program Files\dotnet\sdk\8.0.302\Extensions,C:\Program Files\dotnet\sdk\8.0.302
TpTrace Information: 0 : 23184, 1, 2024/08/02, 16:35:44.555, 18403599068371, vstest.console.dll, AssemblyResolver.AddSearchDirectories: Adding more searchDirectories C:\Program Files\dotnet\sdk\8.0.302\Extensions,C:\Program Files\dotnet\sdk\8.0.302
TpTrace Information: 0 : 23184, 1, 2024/08/02, 16:35:44.555, 18403599069084, vstest.console.dll, AssemblyResolver.AddSearchDirectories: Adding more searchDirectories C:\Program Files\dotnet\sdk\8.0.302\Extensions,C:\Program Files\dotnet\sdk\8.0.302
TpTrace Information: 0 : 23184, 1, 2024/08/02, 16:35:44.555, 18403599069722, vstest.console.dll, AssemblyResolver.AddSearchDirectories: Adding more searchDirectories C:\Program Files\dotnet\sdk\8.0.302\Extensions,C:\Program Files\dotnet\sdk\8.0.302
TpTrace Information: 0 : 23184, 1, 2024/08/02, 16:35:44.555, 18403599070428, vstest.console.dll, AssemblyResolver.AddSearchDirectories: Adding more searchDirectories C:\Program Files\dotnet\sdk\8.0.302\Extensions,C:\Program Files\dotnet\sdk\8.0.302
TpTrace Information: 0 : 23184, 1, 2024/08/02, 16:35:44.555, 18403599071053, vstest.console.dll, AssemblyResolver.AddSearchDirectories: Adding more searchDirectories C:\Program Files\dotnet\sdk\8.0.302\Extensions,C:\Program Files\dotnet\sdk\8.0.302
TpTrace Verbose: 0 : 23184, 1, 2024/08/02, 16:35:44.555, 18403599073742, vstest.console.dll, MetadataReaderExtensionsHelper: Discovering extensions inside assembly 'Microsoft.Diagnostics.NETCore.Client, Version=0.2.10.15101, Culture=neutral, PublicKeyToken=31bf3856ad364e35' file path 'C:\Program Files\dotnet\sdk\8.0.302\Extensions\Microsoft.Diagnostics.NETCore.Client.dll'
TpTrace Information: 0 : 23184, 1, 2024/08/02, 16:35:44.557, 18403599098215, vstest.console.dll, AssemblyResolver.OnResolve: Microsoft.Bcl.AsyncInterfaces: Resolving assembly.
TpTrace Information: 0 : 23184, 1, 2024/08/02, 16:35:44.558, 18403599100433, vstest.console.dll, AssemblyResolver.OnResolve: Microsoft.Bcl.AsyncInterfaces: Resolved from cache.
TpTrace Verbose: 0 : 23184, 1, 2024/08/02, 16:35:44.558, 18403599101052, vstest.console.dll, CurrentDomainAssemblyResolve: Resolving assembly 'Microsoft.Bcl.AsyncInterfaces'.
TpTrace Information: 0 : 23184, 1, 2024/08/02, 16:35:44.558, 18403599101989, vstest.console.dll, AssemblyResolver.OnResolve: Microsoft.Bcl.AsyncInterfaces: Resolving assembly.
TpTrace Information: 0 : 23184, 1, 2024/08/02, 16:35:44.558, 18403599102556, vstest.console.dll, AssemblyResolver.OnResolve: Microsoft.Bcl.AsyncInterfaces: Resolved from cache.
TpTrace Verbose: 0 : 23184, 1, 2024/08/02, 16:35:44.558, 18403599103042, vstest.console.dll, CurrentDomainAssemblyResolve: Resolving assembly 'Microsoft.Bcl.AsyncInterfaces'.
TpTrace Verbose: 0 : 23184, 1, 2024/08/02, 16:35:44.558, 18403599103789, vstest.console.dll, CurrentDomainAssemblyResolve: Failed to resolve assembly 'Microsoft.Bcl.AsyncInterfaces'.
TpTrace Verbose: 0 : 23184, 1, 2024/08/02, 16:35:44.559, 18403599109099, vstest.console.dll, CurrentDomainAssemblyResolve: Failed to resolve assembly 'Microsoft.Bcl.AsyncInterfaces'.
TpTrace Warning: 0 : 23184, 1, 2024/08/02, 16:35:44.560, 18403599118642, vstest.console.dll, TestPluginDiscoverer: Failed to get types from assembly 'Microsoft.Diagnostics.NETCore.Client, Version=0.2.10.15101, Culture=neutral, PublicKeyToken=31bf3856ad364e35'. Error: System.Reflection.ReflectionTypeLoadException: Unable to load one or more of the requested types.
Could not load file or assembly 'Microsoft.Bcl.AsyncInterfaces, Version=6.0.0.0, Culture=neutral, PublicKeyToken=cc7b13ffcd2ddd51'. The system cannot find the file specified.
   at System.Reflection.RuntimeModule.GetTypes(RuntimeModule module)
   at System.Reflection.RuntimeModule.GetTypes()
   at Microsoft.VisualStudio.TestPlatform.Common.ExtensionFramework.TestPluginDiscoverer.GetTestExtensionsFromAssembly[TPluginInfo,TExtension](Assembly assembly, Dictionary`2 pluginInfos, String filePath) in /_/src/Microsoft.TestPlatform.Common/ExtensionFramework/TestPluginDiscoverer.cs:line 158
System.IO.FileNotFoundException: Could not load file or assembly 'Microsoft.Bcl.AsyncInterfaces, Version=6.0.0.0, Culture=neutral, PublicKeyToken=cc7b13ffcd2ddd51'. The system cannot find the file specified.
File name: 'Microsoft.Bcl.AsyncInterfaces, Version=6.0.0.0, Culture=neutral, PublicKeyToken=cc7b13ffcd2ddd51'
 ---> System.IO.FileNotFoundException: Could not load file or assembly 'Microsoft.Bcl.AsyncInterfaces, Culture=neutral, PublicKeyToken=null'. The system cannot find the file specified.
File name: 'Microsoft.Bcl.AsyncInterfaces, Culture=neutral, PublicKeyToken=null'
   at System.Reflection.RuntimeAssembly.InternalLoad(AssemblyName assemblyName, StackCrawlMark& stackMark, AssemblyLoadContext assemblyLoadContext, RuntimeAssembly requestingAssembly, Boolean throwOnFileNotFound)
   at System.Reflection.Assembly.Load(AssemblyName assemblyRef)
   at Microsoft.VisualStudio.TestPlatform.Common.ExtensionFramework.TestPluginCache.CurrentDomainAssemblyResolve(Object sender, AssemblyResolveEventArgs args) in /_/src/Microsoft.TestPlatform.Common/ExtensionFramework/TestPluginCache.cs:line 513
   at System.Runtime.Loader.AssemblyLoadContext.GetFirstResolvedAssemblyFromResolvingEvent(AssemblyName assemblyName)
   at System.Runtime.Loader.AssemblyLoadContext.ResolveUsingEvent(AssemblyName assemblyName)
   at System.Runtime.Loader.AssemblyLoadContext.ResolveUsingResolvingEvent(IntPtr gchManagedAssemblyLoadContext, AssemblyName assemblyName)
TpTrace Warning: 0 : 23184, 1, 2024/08/02, 16:35:44.560, 18403599124172, vstest.console.dll, LoaderExceptions: System.IO.FileNotFoundException: Could not load file or assembly 'Microsoft.Bcl.AsyncInterfaces, Version=6.0.0.0, Culture=neutral, PublicKeyToken=cc7b13ffcd2ddd51'. The system cannot find the file specified.
File name: 'Microsoft.Bcl.AsyncInterfaces, Version=6.0.0.0, Culture=neutral, PublicKeyToken=cc7b13ffcd2ddd51'
 ---> System.IO.FileNotFoundException: Could not load file or assembly 'Microsoft.Bcl.AsyncInterfaces, Culture=neutral, PublicKeyToken=null'. The system cannot find the file specified.
File name: 'Microsoft.Bcl.AsyncInterfaces, Culture=neutral, PublicKeyToken=null'
   at System.Reflection.RuntimeAssembly.InternalLoad(AssemblyName assemblyName, StackCrawlMark& stackMark, AssemblyLoadContext assemblyLoadContext, RuntimeAssembly requestingAssembly, Boolean throwOnFileNotFound)
   at System.Reflection.Assembly.Load(AssemblyName assemblyRef)
   at Microsoft.VisualStudio.TestPlatform.Common.ExtensionFramework.TestPluginCache.CurrentDomainAssemblyResolve(Object sender, AssemblyResolveEventArgs args) in /_/src/Microsoft.TestPlatform.Common/ExtensionFramework/TestPluginCache.cs:line 513
   at System.Runtime.Loader.AssemblyLoadContext.GetFirstResolvedAssemblyFromResolvingEvent(AssemblyName assemblyName)
   at System.Runtime.Loader.AssemblyLoadContext.ResolveUsingEvent(AssemblyName assemblyName)
   at System.Runtime.Loader.AssemblyLoadContext.ResolveUsingResolvingEvent(IntPtr gchManagedAssemblyLoadContext, AssemblyName assemblyName)
TpTrace Verbose: 0 : 23184, 1, 2024/08/02, 16:35:44.560, 18403599126196, vstest.console.dll, MetadataReaderExtensionsHelper: Discovering extensions inside assembly 'Microsoft.TestPlatform.Extensions.BlameDataCollector, Version=15.0.0.0, Culture=neutral, PublicKeyToken=b03f5f7f11d50a3a' file path 'C:\Program Files\dotnet\sdk\8.0.302\Extensions\Microsoft.TestPlatform.Extensions.BlameDataCollector.dll'
TpTrace Information: 0 : 23184, 1, 2024/08/02, 16:35:44.562, 18403599147085, vstest.console.dll, GetTestExtensionFromType: Register extension with identifier data 'logger://Microsoft/TestPlatform/Extensions/Blame/v1' and type 'Microsoft.TestPlatform.Extensions.BlameDataCollector.BlameLogger, Microsoft.TestPlatform.Extensions.BlameDataCollector, Version=15.0.0.0, Culture=neutral, PublicKeyToken=b03f5f7f11d50a3a' inside file 'C:\Program Files\dotnet\sdk\8.0.302\Extensions\Microsoft.TestPlatform.Extensions.BlameDataCollector.dll'
TpTrace Verbose: 0 : 23184, 1, 2024/08/02, 16:35:44.563, 18403599150242, vstest.console.dll, MetadataReaderExtensionsHelper: Discovering extensions inside assembly 'Microsoft.TestPlatform.Extensions.EventLogCollector, Version=15.0.0.0, Culture=neutral, PublicKeyToken=b03f5f7f11d50a3a' file path 'C:\Program Files\dotnet\sdk\8.0.302\Extensions\Microsoft.TestPlatform.Extensions.EventLogCollector.dll'
TpTrace Verbose: 0 : 23184, 1, 2024/08/02, 16:35:44.564, 18403599167194, vstest.console.dll, MetadataReaderExtensionsHelper: Discovering extensions inside assembly 'Microsoft.TestPlatform.TestHostRuntimeProvider, Version=15.0.0.0, Culture=neutral, PublicKeyToken=b03f5f7f11d50a3a' file path 'C:\Program Files\dotnet\sdk\8.0.302\Extensions\Microsoft.TestPlatform.TestHostRuntimeProvider.dll'
TpTrace Verbose: 0 : 23184, 1, 2024/08/02, 16:35:44.566, 18403599183336, vstest.console.dll, MetadataReaderExtensionsHelper: Discovering extensions inside assembly 'Microsoft.VisualStudio.TestPlatform.Extensions.Html.TestLogger, Version=15.0.0.0, Culture=neutral, PublicKeyToken=b03f5f7f11d50a3a' file path 'C:\Program Files\dotnet\sdk\8.0.302\Extensions\Microsoft.VisualStudio.TestPlatform.Extensions.Html.TestLogger.dll'
TpTrace Information: 0 : 23184, 1, 2024/08/02, 16:35:44.568, 18403599203280, vstest.console.dll, GetTestExtensionFromType: Register extension with identifier data 'logger://Microsoft/TestPlatform/HtmlLogger/v1' and type 'Microsoft.VisualStudio.TestPlatform.Extensions.HtmlLogger.HtmlLogger, Microsoft.VisualStudio.TestPlatform.Extensions.Html.TestLogger, Version=15.0.0.0, Culture=neutral, PublicKeyToken=b03f5f7f11d50a3a' inside file 'C:\Program Files\dotnet\sdk\8.0.302\Extensions\Microsoft.VisualStudio.TestPlatform.Extensions.Html.TestLogger.dll'
TpTrace Verbose: 0 : 23184, 1, 2024/08/02, 16:35:44.568, 18403599206919, vstest.console.dll, MetadataReaderExtensionsHelper: Discovering extensions inside assembly 'Microsoft.VisualStudio.TestPlatform.Extensions.Trx.TestLogger, Version=15.0.0.0, Culture=neutral, PublicKeyToken=b03f5f7f11d50a3a' file path 'C:\Program Files\dotnet\sdk\8.0.302\Extensions\Microsoft.VisualStudio.TestPlatform.Extensions.Trx.TestLogger.dll'
TpTrace Information: 0 : 23184, 1, 2024/08/02, 16:35:44.570, 18403599226430, vstest.console.dll, GetTestExtensionFromType: Register extension with identifier data 'logger://Microsoft/TestPlatform/TrxLogger/v1' and type 'Microsoft.VisualStudio.TestPlatform.Extensions.TrxLogger.TrxLogger, Microsoft.VisualStudio.TestPlatform.Extensions.Trx.TestLogger, Version=15.0.0.0, Culture=neutral, PublicKeyToken=b03f5f7f11d50a3a' inside file 'C:\Program Files\dotnet\sdk\8.0.302\Extensions\Microsoft.VisualStudio.TestPlatform.Extensions.Trx.TestLogger.dll'
TpTrace Verbose: 0 : 23184, 1, 2024/08/02, 16:35:44.571, 18403599228989, vstest.console.dll, TestPluginCache: Discovered the extensions using extension path ''.
TpTrace Verbose: 0 : 23184, 1, 2024/08/02, 16:35:44.571, 18403599229742, vstest.console.dll, TestPluginCache: Discoverers are ''.
TpTrace Verbose: 0 : 23184, 1, 2024/08/02, 16:35:44.571, 18403599230286, vstest.console.dll, TestPluginCache: Executors are ''.
TpTrace Verbose: 0 : 23184, 1, 2024/08/02, 16:35:44.571, 18403599230799, vstest.console.dll, TestPluginCache: Executors2 are ''.
TpTrace Verbose: 0 : 23184, 1, 2024/08/02, 16:35:44.571, 18403599231562, vstest.console.dll, TestPluginCache: Setting providers are ''.
TpTrace Verbose: 0 : 23184, 1, 2024/08/02, 16:35:44.571, 18403599233399, vstest.console.dll, TestPluginCache: Loggers are 'logger://Microsoft/TestPlatform/Extensions/Blame/v1,logger://Microsoft/TestPlatform/HtmlLogger/v1,logger://Microsoft/TestPlatform/TrxLogger/v1'.
TpTrace Verbose: 0 : 23184, 1, 2024/08/02, 16:35:44.571, 18403599234658, vstest.console.dll, TestPluginCache: TestHosts are 'HostProvider://DefaultTestHost,HostProvider://DotnetTestHost'.
TpTrace Verbose: 0 : 23184, 1, 2024/08/02, 16:35:44.571, 18403599235720, vstest.console.dll, TestPluginCache: DataCollectors are ''.
TpTrace Information: 0 : 23184, 1, 2024/08/02, 16:35:44.573, 18403599255805, vstest.console.dll, TestPluginManager.CreateTestExtension: Attempting to load test extension: Microsoft.TestPlatform.Extensions.BlameDataCollector.BlameLogger
TpTrace Verbose: 0 : 23184, 1, 2024/08/02, 16:35:44.600, 18403599524706, vstest.console.dll, TestEngine: Initializing Parallel Execution as MaxCpuCount is set to: 1
TpTrace Information: 0 : 23184, 1, 2024/08/02, 16:35:44.606, 18403599578386, vstest.console.dll, TestPluginManager.CreateTestExtension: Attempting to load test extension: Microsoft.VisualStudio.TestPlatform.CrossPlatEngine.Hosting.DefaultTestHostManager
TpTrace Information: 0 : 23184, 1, 2024/08/02, 16:35:44.609, 18403599614913, vstest.console.dll, TestPluginManager.CreateTestExtension: Attempting to load test extension: Microsoft.VisualStudio.TestPlatform.CrossPlatEngine.Hosting.DotnetTestHostManager
TpTrace Information: 0 : 23184, 1, 2024/08/02, 16:35:44.611, 18403599633663, vstest.console.dll, InferRunSettingsHelper.IsTestSettingsEnabled: Unable to navigate to RunSettings/MSTest. Current node: RunSettings
TpTrace Verbose: 0 : 23184, 1, 2024/08/02, 16:35:44.612, 18403599647266, vstest.console.dll, ParallelOperationManager.ClearSlots: Clearing all slots. Slots should accept more work: True
TpTrace Verbose: 0 : 23184, 1, 2024/08/02, 16:35:44.614, 18403599664070, vstest.console.dll, ParallelOperationManager.SetOccupiedSlotCount: Setting slot counts AvailableSlotCount = 1, OccupiedSlotCount = 0.
TpTrace Verbose: 0 : 23184, 1, 2024/08/02, 16:35:44.615, 18403599672268, vstest.console.dll, Occupied slots:

TpTrace Verbose: 0 : 23184, 1, 2024/08/02, 16:35:44.625, 18403599775230, vstest.console.dll, TestEngine.GetExecutionManager: Chosen execution manager 'Microsoft.VisualStudio.TestPlatform.CrossPlatEngine.Client.Parallel.ParallelProxyExecutionManager, Microsoft.TestPlatform.CrossPlatEngine, Version=15.0.0.0, Culture=neutral, PublicKeyToken=b03f5f7f11d50a3a' ParallelLevel '1'.
TpTrace Verbose: 0 : 23184, 1, 2024/08/02, 16:35:44.626, 18403599779065, vstest.console.dll, TestRunRequest.ExecuteAsync: Creating test run request.
TpTrace Verbose: 0 : 23184, 1, 2024/08/02, 16:35:44.626, 18403599783256, vstest.console.dll, TestRunRequest.ExecuteAsync: Starting.
TpTrace Information: 0 : 23184, 1, 2024/08/02, 16:35:44.630, 18403599819985, vstest.console.dll, TestRunRequest.ExecuteAsync: Starting run with settings:TestRunCriteria:
   KeepAlive=False,FrequencyOfRunStatsChangeEvent=10,RunStatsChangeEventTimeout=00:00:01.5000000,TestCaseFilter=,TestExecutorLauncher=
   Settingsxml=<RunSettings>
  <RunConfiguration>
    <ResultsDirectory>C:\Users\VC\Desktop\Presidio\67acres\RealEstateAPISln\RealestateAppTesting\bin\Debug\net6.0\fine-code-coverage\coverage-tool-output</ResultsDirectory>
    <TargetPlatform>X64</TargetPlatform>
    <TargetFrameworkVersion>.NETCoreApp,Version=v6.0</TargetFrameworkVersion>
    <DesignMode>False</DesignMode>
    <CollectSourceInformation>False</CollectSourceInformation>
  </RunConfiguration>
  <LoggerRunSettings>
    <Loggers>
      <Logger friendlyName="blame" enabled="True" />
      <Logger friendlyName="Console" uri="logger://microsoft/TestPlatform/ConsoleLogger/v1" assemblyQualifiedName="Microsoft.VisualStudio.TestPlatform.CommandLine.Internal.ConsoleLogger, vstest.console, Version=15.0.0.0, Culture=neutral, PublicKeyToken=b03f5f7f11d50a3a" codeBase="C:\Program Files\dotnet\sdk\8.0.302\vstest.console.dll" enabled="True" />
    </Loggers>
  </LoggerRunSettings>
  <DataCollectionRunSettings>
    <DataCollectors>
      <DataCollector friendlyName="blame" enabled="True">
        <Configuration>
          <ResultsDirectory>C:\Users\VC\Desktop\Presidio\67acres\RealEstateAPISln\RealestateAppTesting\bin\Debug\net6.0\fine-code-coverage\coverage-tool-output</ResultsDirectory>
        </Configuration>
      </DataCollector>
    </DataCollectors>
  </DataCollectionRunSettings>
</RunSettings>

TpTrace Verbose: 0 : 23184, 1, 2024/08/02, 16:35:44.630, 18403599822558, vstest.console.dll, TestRunRequest.ExecuteAsync: Wait for the first run request is over.
TpTrace Verbose: 0 : 23184, 1, 2024/08/02, 16:35:44.631, 18403599830586, vstest.console.dll, MulticastDelegateUtilities.SafeInvoke: TestRun.TestRunStart: Invoking callbacks was skipped because there are no subscribers.
TpTrace Verbose: 0 : 23184, 4, 2024/08/02, 16:35:44.631, 18403599834591, vstest.console.dll, MulticastDelegateUtilities.SafeInvoke: InternalTestLoggerEvents.SendTestRunStart: Invoking callback 1/1 for Microsoft.VisualStudio.TestPlatform.CommandLine.Internal.ConsoleLogger., took 0 ms.
TpTrace Verbose: 0 : 23184, 1, 2024/08/02, 16:35:44.633, 18403599852905, vstest.console.dll, ParallelProxyExecutionManager: Start execution. Total sources: 1
TpTrace Verbose: 0 : 23184, 1, 2024/08/02, 16:35:44.634, 18403599860299, vstest.console.dll, ParallelOperationManager.StartWork: Starting adding 1 workloads.
TpTrace Verbose: 0 : 23184, 1, 2024/08/02, 16:35:44.634, 18403599862344, vstest.console.dll, ParallelOperationManager.ClearSlots: Clearing all slots. Slots should accept more work: True
TpTrace Verbose: 0 : 23184, 1, 2024/08/02, 16:35:44.634, 18403599864242, vstest.console.dll, ParallelOperationManager.SetOccupiedSlotCount: Setting slot counts AvailableSlotCount = 1, OccupiedSlotCount = 0.
TpTrace Verbose: 0 : 23184, 1, 2024/08/02, 16:35:44.634, 18403599865063, vstest.console.dll, Occupied slots:

TpTrace Verbose: 0 : 23184, 1, 2024/08/02, 16:35:44.638, 18403599899077, vstest.console.dll, TestRequestSender is acting as server.
TpTrace Verbose: 0 : 23184, 1, 2024/08/02, 16:35:44.642, 18403599939234, vstest.console.dll, ParallelOperationManager.RunWorkInParallel: Adding 1 workload to slot, remaining workloads 0.
TpTrace Verbose: 0 : 23184, 1, 2024/08/02, 16:35:44.642, 18403599941657, vstest.console.dll, ParallelOperationManager.SetOccupiedSlotCount: Setting slot counts AvailableSlotCount = 0, OccupiedSlotCount = 1.
TpTrace Verbose: 0 : 23184, 1, 2024/08/02, 16:35:44.642, 18403599944927, vstest.console.dll, Occupied slots:
0: C:\Users\VC\Desktop\Presidio\67acres\RealEstateAPISln\RealestateAppTesting\bin\Debug\net6.0\fine-code-coverage\build-output\RealestateAppTesting.dll
TpTrace Verbose: 0 : 23184, 1, 2024/08/02, 16:35:44.645, 18403599972610, vstest.console.dll, ParallelOperationManager.RunWorkInParallel: Started host in slot number 0 for work (source): C:\Users\VC\Desktop\Presidio\67acres\RealEstateAPISln\RealestateAppTesting\bin\Debug\net6.0\fine-code-coverage\build-output\RealestateAppTesting.dll.
TpTrace Verbose: 0 : 23184, 1, 2024/08/02, 16:35:44.647, 18403600000548, vstest.console.dll, ParallelOperationManager.RunWorkInParallel: We started 1 work items, which is the max parallel level. Won't start more work.
TpTrace Verbose: 0 : 23184, 1, 2024/08/02, 16:35:44.648, 18403600002737, vstest.console.dll, ParallelOperationManager.RunWorkInParallel: We started 1 work items in here, returning True.
TpTrace Information: 0 : 23184, 1, 2024/08/02, 16:35:44.648, 18403600003421, vstest.console.dll, TestRunRequest.ExecuteAsync: Started.
TpTrace Verbose: 0 : 23184, 5, 2024/08/02, 16:35:44.648, 18403600004420, vstest.console.dll, ParallelProxyExecutionManager.StartTestRunOnConcurrentManager: Initializing uninitialized client. Started clients: 0
TpTrace Verbose: 0 : 23184, 5, 2024/08/02, 16:35:44.648, 18403600008165, vstest.console.dll, DataCollectionRequestSender.InitializeCommunication : Initialize communication. 
TpTrace Verbose: 0 : 23184, 1, 2024/08/02, 16:35:44.650, 18403600018238, vstest.console.dll, TestRunRequest.WaitForCompletion: Waiting with timeout -1.
TpTrace Information: 0 : 23184, 5, 2024/08/02, 16:35:44.667, 18403600198160, vstest.console.dll, Listening on Endpoint : 127.0.0.1:59530
TpTrace Verbose: 0 : 23184, 5, 2024/08/02, 16:35:44.684, 18403600360091, vstest.console.dll, DotnetDataCollectionLauncher: Adding  --runtimeconfig "C:\Program Files\dotnet\sdk\8.0.302\datacollector.runtimeconfig.json" in args
TpTrace Verbose: 0 : 23184, 5, 2024/08/02, 16:35:44.684, 18403600364735, vstest.console.dll, DotnetDataCollectionLauncher: Adding  --depsfile "C:\Program Files\dotnet\sdk\8.0.302\datacollector.deps.json" in args
TpTrace Verbose: 0 : 23184, 5, 2024/08/02, 16:35:44.685, 18403600370945, vstest.console.dll, DotnetDataCollectionLauncher: Full path of dotnet.exe is C:\Program Files\dotnet\dotnet.exe
TpTrace Information: 0 : 23184, 5, 2024/08/02, 16:35:44.698, 18403600503324, vstest.console.dll, ProxyDataCollectionManager.Initialize: Launched datacollector processId: 21144 port: 59530
TpTrace Information: 0 : 23184, 5, 2024/08/02, 16:35:44.698, 18403600506552, vstest.console.dll, ProxyDataCollectionManager.Initialize: waiting for connection with timeout: 90 seconds
TpTrace Verbose: 0 : 23184, 5, 2024/08/02, 16:35:44.699, 18403600508382, vstest.console.dll, DataCollectionRequestSender.WaitForRequestHandlerConnection : Waiting for connection with timeout: 90000
TpTrace Verbose: 0 : 23184, 5, 2024/08/02, 16:35:45.070, 18403604220525, vstest.console.dll, SocketCommunicationManager.WaitForClientConnection took: 371 ms, with 90000 ms timeout, and finished with True.
TpTrace Information: 0 : 23184, 7, 2024/08/02, 16:35:45.070, 18403604221893, vstest.console.dll, Using the buffer size of 16384 bytes
TpTrace Information: 0 : 23184, 7, 2024/08/02, 16:35:45.070, 18403604224295, vstest.console.dll, Accepted Client request and set the flag
TpTrace Verbose: 0 : 23184, 5, 2024/08/02, 16:35:45.070, 18403604225539, vstest.console.dll, ProxyDataCollectionManager.InvokeDataCollectionServiceAction: Starting.
TpTrace Information: 0 : 23184, 5, 2024/08/02, 16:35:45.070, 18403604227572, vstest.console.dll, ProxyDataCollectionManager.BeforeTestRunStart: Get environment variable and port for datacollector processId: 21144 port: 59530
TpTrace Verbose: 0 : 23184, 5, 2024/08/02, 16:35:45.071, 18403604230010, vstest.console.dll, DataCollectionRequestSender.SendBeforeTestRunStartAndGetResult: Send BeforeTestRunStart message with settingsXml <RunSettings><RunConfiguration><ResultsDirectory>C:\Users\VC\Desktop\Presidio\67acres\RealEstateAPISln\RealestateAppTesting\bin\Debug\net6.0\fine-code-coverage\coverage-tool-output</ResultsDirectory><TargetPlatform>X64</TargetPlatform><TargetFrameworkVersion>.NETCoreApp,Version=v6.0</TargetFrameworkVersion><DesignMode>False</DesignMode><CollectSourceInformation>False</CollectSourceInformation><TestAdaptersPaths>C:\Program Files\dotnet\sdk\8.0.302\Extensions</TestAdaptersPaths></RunConfiguration><LoggerRunSettings><Loggers><Logger friendlyName="blame" enabled="True" /><Logger friendlyName="Console" uri="logger://microsoft/TestPlatform/ConsoleLogger/v1" assemblyQualifiedName="Microsoft.VisualStudio.TestPlatform.CommandLine.Internal.ConsoleLogger, vstest.console, Version=15.0.0.0, Culture=neutral, PublicKeyToken=b03f5f7f11d50a3a" codeBase="C:\Program Files\dotnet\sdk\8.0.302\vstest.console.dll" enabled="True" /></Loggers></LoggerRunSettings><DataCollectionRunSettings><DataCollectors><DataCollector friendlyName="blame" enabled="True"><Configuration><ResultsDirectory>C:\Users\VC\Desktop\Presidio\67acres\RealEstateAPISln\RealestateAppTesting\bin\Debug\net6.0\fine-code-coverage\coverage-tool-output</ResultsDirectory></Configuration></DataCollector></DataCollectors></DataCollectionRunSettings></RunSettings> and sources System.Collections.Generic.List`1[System.String]: 
TpTrace Verbose: 0 : 23184, 5, 2024/08/02, 16:35:45.214, 18403605661345, vstest.console.dll, DataCollectionRequestSender.SendBeforeTestRunStartAndGetResult: Received message: (DataCollection.SendMessage) -> {"MessageType":"DataCollection.SendMessage","Payload":{"FriendlyName":null,"Uri":null,"TestCaseId":"00000000-0000-0000-0000-000000000000","Message":"Logging DataCollector Diagnostics in file: C:\\Users\\VC\\Desktop\\Presidio\\67acres\\RealEstateAPISln\\RealestateAppTesting\\bin\\Debug\\net6.0\\fine-code-coverage\\coverage-tool-output\\diagnostics.datacollector.24-08-02_16-35-44_68358_5.log","Level":0}}
TpTrace Verbose: 0 : 23184, 5, 2024/08/02, 16:35:45.425, 18403607770101, vstest.console.dll, DataCollectionRequestSender.SendBeforeTestRunStartAndGetResult: Received message: (DataCollection.BeforeTestRunStartResult) -> {"MessageType":"DataCollection.BeforeTestRunStartResult","Payload":{"EnvironmentVariables":{},"DataCollectionEventsPort":59532}}
TpTrace Information: 0 : 23184, 5, 2024/08/02, 16:35:45.434, 18403607867393, vstest.console.dll, ProxyDataCollectionManager.BeforeTestRunStart: SendBeforeTestRunStartAndGetResult successful, env variable from datacollector:   and testhost port: 59532
TpTrace Information: 0 : 23184, 5, 2024/08/02, 16:35:45.435, 18403607869950, vstest.console.dll, ProxyDataCollectionManager.InvokeDataCollectionServiceAction: Completed.
TpTrace Verbose: 0 : 23184, 5, 2024/08/02, 16:35:45.435, 18403607871012, vstest.console.dll, ParallelProxyExecutionManager.StartTestRunOnConcurrentManager: Initializing test run. Started clients: 0
TpTrace Verbose: 0 : 23184, 5, 2024/08/02, 16:35:45.435, 18403607872783, vstest.console.dll, ProxyExecutionManager: Test host is always Lazy initialize.
TpTrace Verbose: 0 : 23184, 5, 2024/08/02, 16:35:45.435, 18403607876976, vstest.console.dll, TestRequestSender.InitializeCommunication: initialize communication. 
TpTrace Information: 0 : 23184, 5, 2024/08/02, 16:35:45.437, 18403607888835, vstest.console.dll, SocketServer.Start: Listening on endpoint : 127.0.0.1:59533
TpTrace Verbose: 0 : 23184, 5, 2024/08/02, 16:35:45.438, 18403607904776, vstest.console.dll, DotnetTestHostmanager.GetTestHostProcessStartInfo: Platform environment 'X64' target architecture 'X64' framework '.NETCoreApp,Version=v6.0' OS 'Windows'
TpTrace Verbose: 0 : 23184, 5, 2024/08/02, 16:35:45.439, 18403607911811, vstest.console.dll, DotnetTestHostmanager: Adding  --runtimeconfig "C:\Users\VC\Desktop\Presidio\67acres\RealEstateAPISln\RealestateAppTesting\bin\Debug\net6.0\fine-code-coverage\build-output\RealestateAppTesting.runtimeconfig.json" in args
TpTrace Verbose: 0 : 23184, 5, 2024/08/02, 16:35:45.439, 18403607913715, vstest.console.dll, DotnetTestHostmanager: Adding  --depsfile "C:\Users\VC\Desktop\Presidio\67acres\RealEstateAPISln\RealestateAppTesting\bin\Debug\net6.0\fine-code-coverage\build-output\RealestateAppTesting.deps.json" in args
TpTrace Verbose: 0 : 23184, 5, 2024/08/02, 16:35:45.440, 18403607919218, vstest.console.dll, DotnetTestHostmanager.IsWinOnArm: Current PROCESSOR_ARCHITECTURE from environment variable 'AMD64'
TpTrace Verbose: 0 : 23184, 5, 2024/08/02, 16:35:45.440, 18403607920570, vstest.console.dll, DotnetTestHostmanager.IsWinOnArm: Is Windows on ARM 'False'
TpTrace Verbose: 0 : 23184, 5, 2024/08/02, 16:35:45.440, 18403607922160, vstest.console.dll, DotnetTestHostManager: testhost.exe found at path: C:\Users\VC\Desktop\Presidio\67acres\RealEstateAPISln\RealestateAppTesting\bin\Debug\net6.0\fine-code-coverage\build-output\testhost.exe
TpTrace Verbose: 0 : 23184, 5, 2024/08/02, 16:35:45.440, 18403607923083, vstest.console.dll, DotnetTestHostmanager: Full path of host exe is C:\Users\VC\Desktop\Presidio\67acres\RealEstateAPISln\RealestateAppTesting\bin\Debug\net6.0\fine-code-coverage\build-output\testhost.exe
TpTrace Verbose: 0 : 23184, 5, 2024/08/02, 16:35:45.440, 18403607925621, vstest.console.dll, DotnetTestHostmanager.LaunchTestHostAsync: Found 'VSTEST_WINAPPHOST_DOTNET_ROOT' in env variables, value 'C:\Program Files\dotnet', forwarding to 'DOTNET_ROOT'
TpTrace Verbose: 0 : 23184, 5, 2024/08/02, 16:35:45.441, 18403607928717, vstest.console.dll, DotnetTestHostManager: Starting process 'C:\Users\VC\Desktop\Presidio\67acres\RealEstateAPISln\RealestateAppTesting\bin\Debug\net6.0\fine-code-coverage\build-output\testhost.exe' with command line ' --runtimeconfig "C:\Users\VC\Desktop\Presidio\67acres\RealEstateAPISln\RealestateAppTesting\bin\Debug\net6.0\fine-code-coverage\build-output\RealestateAppTesting.runtimeconfig.json" --depsfile "C:\Users\VC\Desktop\Presidio\67acres\RealEstateAPISln\RealestateAppTesting\bin\Debug\net6.0\fine-code-coverage\build-output\RealestateAppTesting.deps.json" --port 59533 --endpoint 127.0.0.1:059533 --role client --parentprocessid 23184 --diag "C:\Users\VC\Desktop\Presidio\67acres\RealEstateAPISln\RealestateAppTesting\bin\Debug\net6.0\fine-code-coverage\coverage-tool-output\diagnostics.host.24-08-02_16-35-45_43783_5.log" --tracelevel 4 --datacollectionport 59532 --telemetryoptedin false'
TpTrace Verbose: 0 : 23184, 5, 2024/08/02, 16:35:45.454, 18403608062555, vstest.console.dll, MulticastDelegateUtilities.SafeInvoke: HostProviderEvents.OnHostLaunched: Invoking callback 1/2 for Microsoft.VisualStudio.TestPlatform.CrossPlatEngine.Client.ProxyExecutionManagerWithDataCollection., took 2 ms.
TpTrace Verbose: 0 : 23184, 5, 2024/08/02, 16:35:45.455, 18403608070572, vstest.console.dll, Test Runtime launched
TpTrace Verbose: 0 : 23184, 5, 2024/08/02, 16:35:45.455, 18403608072347, vstest.console.dll, MulticastDelegateUtilities.SafeInvoke: HostProviderEvents.OnHostLaunched: Invoking callback 2/2 for Microsoft.VisualStudio.TestPlatform.CrossPlatEngine.Client.ProxyOperationManager., took 0 ms.
TpTrace Verbose: 0 : 23184, 5, 2024/08/02, 16:35:45.455, 18403608074814, vstest.console.dll, TestRequestSender.WaitForRequestHandlerConnection: waiting for connection with timeout: 90000.
TpTrace Verbose: 0 : 23184, 5, 2024/08/02, 16:35:45.877, 18403612292744, vstest.console.dll, TestRequestSender.WaitForRequestHandlerConnection: waiting took 421 ms, with timeout 90000 ms, and result 0, which is success.
TpTrace Verbose: 0 : 23184, 12, 2024/08/02, 16:35:45.877, 18403612293841, vstest.console.dll, MulticastDelegateUtilities.SafeInvoke: SocketServer: ClientConnected: Invoking callback 1/1 for Microsoft.VisualStudio.TestPlatform.CommunicationUtilities.TestRequestSender., took 0 ms.
TpTrace Verbose: 0 : 23184, 12, 2024/08/02, 16:35:45.877, 18403612296954, vstest.console.dll, SocketServer.OnClientConnected: Client connected for endPoint: 127.0.0.1:59533, starting MessageLoopAsync:
TpTrace Verbose: 0 : 23184, 12, 2024/08/02, 16:35:45.879, 18403612308683, vstest.console.dll, TcpClientExtensions.MessageLoopAsync: Polling on remoteEndPoint: 127.0.0.1:59534 localEndPoint: 127.0.0.1:59533 after 0 ms
TpTrace Verbose: 0 : 23184, 5, 2024/08/02, 16:35:45.881, 18403612328918, vstest.console.dll, TestRequestSender.CheckVersionWithTestHost: Sending check version message: {"MessageType":"ProtocolVersion","Payload":7}
TpTrace Verbose: 0 : 23184, 12, 2024/08/02, 16:35:46.163, 18403615154202, vstest.console.dll, TcpClientExtensions.MessageLoopAsync: NotifyDataAvailable remoteEndPoint: 127.0.0.1:59534 localEndPoint: 127.0.0.1:59533
TpTrace Verbose: 0 : 23184, 12, 2024/08/02, 16:35:46.164, 18403615158576, vstest.console.dll, TestRequestSender.CheckVersionWithTestHost: onMessageReceived received message: (ProtocolVersion) -> {"MessageType":"ProtocolVersion","Payload":7}
TpTrace Verbose: 0 : 23184, 12, 2024/08/02, 16:35:46.165, 18403615168799, vstest.console.dll, MulticastDelegateUtilities.SafeInvoke: LengthPrefixCommunicationChannel: MessageReceived: Invoking callback 1/1 for Microsoft.VisualStudio.TestPlatform.CommunicationUtilities.TestRequestSender+<>c__DisplayClass29_0., took 1 ms.
TpTrace Verbose: 0 : 23184, 12, 2024/08/02, 16:35:46.165, 18403615170535, vstest.console.dll, TcpClientExtensions.MessageLoopAsync: Polling on remoteEndPoint: 127.0.0.1:59534 localEndPoint: 127.0.0.1:59533 after 286 ms
TpTrace Verbose: 0 : 23184, 5, 2024/08/02, 16:35:46.165, 18403615171089, vstest.console.dll, TestPluginCache.GetExtensionPaths: Filtered extension paths: 
TpTrace Verbose: 0 : 23184, 5, 2024/08/02, 16:35:46.165, 18403615173794, vstest.console.dll, TestPluginCache.GetExtensionPaths: Added default extension paths: C:\Program Files\dotnet\sdk\8.0.302\Extensions\Microsoft.Diagnostics.NETCore.Client.dll
C:\Program Files\dotnet\sdk\8.0.302\Extensions\Microsoft.TestPlatform.Extensions.BlameDataCollector.dll
C:\Program Files\dotnet\sdk\8.0.302\Extensions\Microsoft.TestPlatform.Extensions.EventLogCollector.dll
C:\Program Files\dotnet\sdk\8.0.302\Extensions\Microsoft.TestPlatform.TestHostRuntimeProvider.dll
C:\Program Files\dotnet\sdk\8.0.302\Extensions\Microsoft.VisualStudio.TestPlatform.Extensions.Html.TestLogger.dll
C:\Program Files\dotnet\sdk\8.0.302\Extensions\Microsoft.VisualStudio.TestPlatform.Extensions.Trx.TestLogger.dll
TpTrace Verbose: 0 : 23184, 5, 2024/08/02, 16:35:46.165, 18403615174763, vstest.console.dll, TestPluginCache.GetExtensionPaths: Added unfilterableExtensionPaths: 
TpTrace Verbose: 0 : 23184, 5, 2024/08/02, 16:35:46.171, 18403615237668, vstest.console.dll, TestRequestSender.InitializeExecution: Sending initialize execution with message: {"Version":7,"MessageType":"TestExecution.Initialize","Payload":["C:\\Users\\VC\\Desktop\\Presidio\\67acres\\RealEstateAPISln\\RealestateAppTesting\\bin\\Debug\\net6.0\\fine-code-coverage\\build-output\\NUnit3.TestAdapter.dll"]}
TpTrace Verbose: 0 : 23184, 5, 2024/08/02, 16:35:46.172, 18403615241956, vstest.console.dll, ParallelProxyExecutionManager.StartTestRunOnConcurrentManager: Execution starting. Started clients: 1
TpTrace Verbose: 0 : 23184, 5, 2024/08/02, 16:35:46.172, 18403615246898, vstest.console.dll, TestRunRequest:SendTestRunMessage: Starting.
TpTrace Verbose: 0 : 23184, 5, 2024/08/02, 16:35:46.173, 18403615250222, vstest.console.dll, MulticastDelegateUtilities.SafeInvoke: TestRun.LogMessages: Invoking callback 1/1 for Microsoft.VisualStudio.TestPlatform.CommandLine.TestRunResultAggregator., took 0 ms.
TpTrace Information: 0 : 23184, 5, 2024/08/02, 16:35:46.173, 18403615251168, vstest.console.dll, TestRunRequest:SendTestRunMessage: Completed.
TpTrace Verbose: 0 : 23184, 4, 2024/08/02, 16:35:46.173, 18403615254486, vstest.console.dll, MulticastDelegateUtilities.SafeInvoke: InternalTestLoggerEvents.SendTestRunMessage: Invoking callback 1/1 for Microsoft.VisualStudio.TestPlatform.CommandLine.Internal.ConsoleLogger., took 0 ms.
TpTrace Warning: 0 : 23184, 5, 2024/08/02, 16:35:46.174, 18403615258445, vstest.console.dll, InferRunSettingsHelper.MakeRunsettingsCompatible: Removing the following settings: TargetPlatform from RunSettings file. To use those settings please move to latest version of Microsoft.NET.Test.Sdk
TpTrace Verbose: 0 : 23184, 12, 2024/08/02, 16:35:46.175, 18403615273464, vstest.console.dll, TcpClientExtensions.MessageLoopAsync: NotifyDataAvailable remoteEndPoint: 127.0.0.1:59534 localEndPoint: 127.0.0.1:59533
TpTrace Verbose: 0 : 23184, 12, 2024/08/02, 16:35:46.176, 18403615281897, vstest.console.dll, TestRequestSender.OnExecutionMessageReceived: Received message: {"Version":7,"MessageType":"TestSession.Message","Payload":{"MessageLevel":0,"Message":"Logging TestHost Diagnostics in file: C:\\Users\\VC\\Desktop\\Presidio\\67acres\\RealEstateAPISln\\RealestateAppTesting\\bin\\Debug\\net6.0\\fine-code-coverage\\coverage-tool-output\\diagnostics.host.24-08-02_16-35-45_43783_5.log"}}
TpTrace Verbose: 0 : 23184, 12, 2024/08/02, 16:35:46.182, 18403615339858, vstest.console.dll, TestRunRequest:SendTestRunMessage: Starting.
TpTrace Verbose: 0 : 23184, 4, 2024/08/02, 16:35:46.182, 18403615344594, vstest.console.dll, MulticastDelegateUtilities.SafeInvoke: InternalTestLoggerEvents.SendTestRunMessage: Invoking callback 1/1 for Microsoft.VisualStudio.TestPlatform.CommandLine.Internal.ConsoleLogger., took 0 ms.
TpTrace Verbose: 0 : 23184, 12, 2024/08/02, 16:35:46.182, 18403615344601, vstest.console.dll, MulticastDelegateUtilities.SafeInvoke: TestRun.LogMessages: Invoking callback 1/1 for Microsoft.VisualStudio.TestPlatform.CommandLine.TestRunResultAggregator., took 0 ms.
TpTrace Information: 0 : 23184, 12, 2024/08/02, 16:35:46.189, 18403615409972, vstest.console.dll, TestRunRequest:SendTestRunMessage: Completed.
TpTrace Verbose: 0 : 23184, 12, 2024/08/02, 16:35:46.189, 18403615411476, vstest.console.dll, MulticastDelegateUtilities.SafeInvoke: LengthPrefixCommunicationChannel: MessageReceived: Invoking callback 1/1 for Microsoft.VisualStudio.TestPlatform.CommunicationUtilities.TestRequestSender+<>c__DisplayClass34_0., took 13 ms.
TpTrace Verbose: 0 : 23184, 12, 2024/08/02, 16:35:46.189, 18403615412128, vstest.console.dll, TcpClientExtensions.MessageLoopAsync: Polling on remoteEndPoint: 127.0.0.1:59534 localEndPoint: 127.0.0.1:59533 after 24 ms
TpTrace Verbose: 0 : 23184, 5, 2024/08/02, 16:35:46.193, 18403615449962, vstest.console.dll, TestRequestSender.StartTestRun: Sending test run with message: {"Version":7,"MessageType":"TestExecution.StartWithSources","Payload":{"AdapterSourceMap":{"_none_":["C:\\Users\\VC\\Desktop\\Presidio\\67acres\\RealEstateAPISln\\RealestateAppTesting\\bin\\Debug\\net6.0\\fine-code-coverage\\build-output\\RealestateAppTesting.dll"]},"RunSettings":"<RunSettings>\r\n  <RunConfiguration>\r\n    <ResultsDirectory>C:\\Users\\VC\\Desktop\\Presidio\\67acres\\RealEstateAPISln\\RealestateAppTesting\\bin\\Debug\\net6.0\\fine-code-coverage\\coverage-tool-output</ResultsDirectory>\r\n    <TargetFrameworkVersion>.NETCoreApp,Version=v6.0</TargetFrameworkVersion>\r\n    <DesignMode>False</DesignMode>\r\n    <CollectSourceInformation>False</CollectSourceInformation>\r\n  </RunConfiguration>\r\n  <LoggerRunSettings>\r\n    <Loggers>\r\n      <Logger friendlyName=\"blame\" enabled=\"True\" />\r\n      <Logger friendlyName=\"Console\" uri=\"logger://microsoft/TestPlatform/ConsoleLogger/v1\" assemblyQualifiedName=\"Microsoft.VisualStudio.TestPlatform.CommandLine.Internal.ConsoleLogger, vstest.console, Version=15.0.0.0, Culture=neutral, PublicKeyToken=b03f5f7f11d50a3a\" codeBase=\"C:\\Program Files\\dotnet\\sdk\\8.0.302\\vstest.console.dll\" enabled=\"True\" />\r\n    </Loggers>\r\n  </LoggerRunSettings>\r\n  <DataCollectionRunSettings>\r\n    <DataCollectors>\r\n      <DataCollector friendlyName=\"blame\" enabled=\"True\">\r\n        <Configuration>\r\n          <ResultsDirectory>C:\\Users\\VC\\Desktop\\Presidio\\67acres\\RealEstateAPISln\\RealestateAppTesting\\bin\\Debug\\net6.0\\fine-code-coverage\\coverage-tool-output</ResultsDirectory>\r\n        </Configuration>\r\n      </DataCollector>\r\n    </DataCollectors>\r\n  </DataCollectionRunSettings>\r\n</RunSettings>","TestExecutionContext":{"FrequencyOfRunStatsChangeEvent":10,"RunStatsChangeEventTimeout":"00:00:01.5000000","InIsolation":false,"KeepAlive":false,"AreTestCaseLevelEventsRequired":false,"IsDebug":false,"TestCaseFilter":null,"FilterOptions":null},"Package":null}}
TpTrace Verbose: 0 : 23184, 5, 2024/08/02, 16:35:46.193, 18403615453335, vstest.console.dll, ParallelProxyExecutionManager.StartTestRunOnConcurrentManager: Execution started. Started clients: 1
TpTrace Verbose: 0 : 23184, 12, 2024/08/02, 16:35:46.751, 18403621028419, vstest.console.dll, TcpClientExtensions.MessageLoopAsync: NotifyDataAvailable remoteEndPoint: 127.0.0.1:59534 localEndPoint: 127.0.0.1:59533
TpTrace Verbose: 0 : 23184, 12, 2024/08/02, 16:35:46.751, 18403621032139, vstest.console.dll, TestRequestSender.OnExecutionMessageReceived: Received message: {"Version":7,"MessageType":"TestSession.Message","Payload":{"MessageLevel":0,"Message":"NUnit Adapter 4.4.0.0: Test execution started"}}
TpTrace Verbose: 0 : 23184, 12, 2024/08/02, 16:35:46.751, 18403621035394, vstest.console.dll, TestRunRequest:SendTestRunMessage: Starting.
TpTrace Verbose: 0 : 23184, 12, 2024/08/02, 16:35:46.751, 18403621037381, vstest.console.dll, MulticastDelegateUtilities.SafeInvoke: TestRun.LogMessages: Invoking callback 1/1 for Microsoft.VisualStudio.TestPlatform.CommandLine.TestRunResultAggregator., took 0 ms.
TpTrace Verbose: 0 : 23184, 4, 2024/08/02, 16:35:46.751, 18403621037929, vstest.console.dll, MulticastDelegateUtilities.SafeInvoke: InternalTestLoggerEvents.SendTestRunMessage: Invoking callback 1/1 for Microsoft.VisualStudio.TestPlatform.CommandLine.Internal.ConsoleLogger., took 0 ms.
TpTrace Information: 0 : 23184, 12, 2024/08/02, 16:35:46.751, 18403621038187, vstest.console.dll, TestRunRequest:SendTestRunMessage: Completed.
TpTrace Verbose: 0 : 23184, 12, 2024/08/02, 16:35:46.752, 18403621040793, vstest.console.dll, MulticastDelegateUtilities.SafeInvoke: LengthPrefixCommunicationChannel: MessageReceived: Invoking callback 1/1 for Microsoft.VisualStudio.TestPlatform.CommunicationUtilities.TestRequestSender+<>c__DisplayClass34_0., took 0 ms.
TpTrace Verbose: 0 : 23184, 12, 2024/08/02, 16:35:46.752, 18403621041676, vstest.console.dll, TcpClientExtensions.MessageLoopAsync: Polling on remoteEndPoint: 127.0.0.1:59534 localEndPoint: 127.0.0.1:59533 after 562 ms
TpTrace Verbose: 0 : 23184, 12, 2024/08/02, 16:35:46.828, 18403621804292, vstest.console.dll, TcpClientExtensions.MessageLoopAsync: NotifyDataAvailable remoteEndPoint: 127.0.0.1:59534 localEndPoint: 127.0.0.1:59533
TpTrace Verbose: 0 : 23184, 12, 2024/08/02, 16:35:46.828, 18403621807889, vstest.console.dll, TestRequestSender.OnExecutionMessageReceived: Received message: {"Version":7,"MessageType":"TestSession.Message","Payload":{"MessageLevel":0,"Message":"Running all tests in C:\\Users\\VC\\Desktop\\Presidio\\67acres\\RealEstateAPISln\\RealestateAppTesting\\bin\\Debug\\net6.0\\fine-code-coverage\\build-output\\RealestateAppTesting.dll"}}
TpTrace Verbose: 0 : 23184, 12, 2024/08/02, 16:35:46.829, 18403621810857, vstest.console.dll, TestRunRequest:SendTestRunMessage: Starting.
TpTrace Verbose: 0 : 23184, 12, 2024/08/02, 16:35:46.829, 18403621812513, vstest.console.dll, MulticastDelegateUtilities.SafeInvoke: TestRun.LogMessages: Invoking callback 1/1 for Microsoft.VisualStudio.TestPlatform.CommandLine.TestRunResultAggregator., took 0 ms.
TpTrace Verbose: 0 : 23184, 4, 2024/08/02, 16:35:46.829, 18403621813428, vstest.console.dll, MulticastDelegateUtilities.SafeInvoke: InternalTestLoggerEvents.SendTestRunMessage: Invoking callback 1/1 for Microsoft.VisualStudio.TestPlatform.CommandLine.Internal.ConsoleLogger., took 0 ms.
TpTrace Information: 0 : 23184, 12, 2024/08/02, 16:35:46.829, 18403621813445, vstest.console.dll, TestRunRequest:SendTestRunMessage: Completed.
TpTrace Verbose: 0 : 23184, 12, 2024/08/02, 16:35:46.829, 18403621816493, vstest.console.dll, MulticastDelegateUtilities.SafeInvoke: LengthPrefixCommunicationChannel: MessageReceived: Invoking callback 1/1 for Microsoft.VisualStudio.TestPlatform.CommunicationUtilities.TestRequestSender+<>c__DisplayClass34_0., took 0 ms.
TpTrace Verbose: 0 : 23184, 12, 2024/08/02, 16:35:46.829, 18403621817506, vstest.console.dll, TcpClientExtensions.MessageLoopAsync: Polling on remoteEndPoint: 127.0.0.1:59534 localEndPoint: 127.0.0.1:59533 after 77 ms
TpTrace Verbose: 0 : 23184, 12, 2024/08/02, 16:35:47.265, 18403626177919, vstest.console.dll, TcpClientExtensions.MessageLoopAsync: NotifyDataAvailable remoteEndPoint: 127.0.0.1:59534 localEndPoint: 127.0.0.1:59533
TpTrace Verbose: 0 : 23184, 12, 2024/08/02, 16:35:47.266, 18403626181527, vstest.console.dll, TestRequestSender.OnExecutionMessageReceived: Received message: {"Version":7,"MessageType":"TestSession.Message","Payload":{"MessageLevel":0,"Message":"   NUnit3TestExecutor discovered 40 of 40 NUnit test cases using Current Discovery mode, Non-Explicit run"}}
TpTrace Verbose: 0 : 23184, 12, 2024/08/02, 16:35:47.266, 18403626184367, vstest.console.dll, TestRunRequest:SendTestRunMessage: Starting.
TpTrace Verbose: 0 : 23184, 12, 2024/08/02, 16:35:47.266, 18403626185876, vstest.console.dll, MulticastDelegateUtilities.SafeInvoke: TestRun.LogMessages: Invoking callback 1/1 for Microsoft.VisualStudio.TestPlatform.CommandLine.TestRunResultAggregator., took 0 ms.
TpTrace Information: 0 : 23184, 12, 2024/08/02, 16:35:47.266, 18403626186594, vstest.console.dll, TestRunRequest:SendTestRunMessage: Completed.
TpTrace Verbose: 0 : 23184, 12, 2024/08/02, 16:35:47.266, 18403626187256, vstest.console.dll, MulticastDelegateUtilities.SafeInvoke: LengthPrefixCommunicationChannel: MessageReceived: Invoking callback 1/1 for Microsoft.VisualStudio.TestPlatform.CommunicationUtilities.TestRequestSender+<>c__DisplayClass34_0., took 0 ms.
TpTrace Verbose: 0 : 23184, 12, 2024/08/02, 16:35:47.267, 18403626188291, vstest.console.dll, TcpClientExtensions.MessageLoopAsync: Polling on remoteEndPoint: 127.0.0.1:59534 localEndPoint: 127.0.0.1:59533 after 437 ms
TpTrace Verbose: 0 : 23184, 4, 2024/08/02, 16:35:47.267, 18403626189719, vstest.console.dll, MulticastDelegateUtilities.SafeInvoke: InternalTestLoggerEvents.SendTestRunMessage: Invoking callback 1/1 for Microsoft.VisualStudio.TestPlatform.CommandLine.Internal.ConsoleLogger., took 0 ms.
TpTrace Verbose: 0 : 23184, 12, 2024/08/02, 16:35:48.026, 18403633780383, vstest.console.dll, TcpClientExtensions.MessageLoopAsync: NotifyDataAvailable remoteEndPoint: 127.0.0.1:59534 localEndPoint: 127.0.0.1:59533
TpTrace Verbose: 0 : 23184, 12, 2024/08/02, 16:35:48.026, 18403633784868, vstest.console.dll, TestRequestSender.OnExecutionMessageReceived: Received message: {"Version":7,"MessageType":"TestExecution.StatsChange","Payload":{"NewTestResults":[],"TestRunStatistics":{"ExecutedTests":0,"Stats":{}},"ActiveTests":[{"Id":"7f6946be-9039-9d59-bb9f-0953b49a559b","FullyQualifiedName":"RealestateAppTesting.RepositoryTesting.MediaRepositoryTest.AddTest","DisplayName":"AddTest","ExecutorUri":"executor://NUnit3TestExecutor","Source":"C:\\Users\\VC\\Desktop\\Presidio\\67acres\\RealEstateAPISln\\RealestateAppTesting\\bin\\Debug\\net6.0\\fine-code-coverage\\build-output\\RealestateAppTesting.dll","CodeFilePath":null,"LineNumber":0,"Properties":[{"Key":{"Id":"NUnit.Seed","Label":"Seed","Category":"","Description":"","Attributes":0,"ValueType":"System.String"},"Value":"166887351"}]}]}}
TpTrace Verbose: 0 : 23184, 12, 2024/08/02, 16:35:48.070, 18403634222253, vstest.console.dll, TestRunRequest:SendTestRunStatsChange: Starting.
TpTrace Verbose: 0 : 23184, 12, 2024/08/02, 16:35:48.070, 18403634225629, vstest.console.dll, InProgress is AddTest
TpTrace Verbose: 0 : 23184, 12, 2024/08/02, 16:35:48.070, 18403634227405, vstest.console.dll, MulticastDelegateUtilities.SafeInvoke: TestRun.RunStatsChanged: Invoking callbacks was skipped because there are no subscribers.
TpTrace Information: 0 : 23184, 12, 2024/08/02, 16:35:48.070, 18403634227961, vstest.console.dll, TestRunRequest:SendTestRunStatsChange: Completed.
TpTrace Verbose: 0 : 23184, 12, 2024/08/02, 16:35:48.071, 18403634228806, vstest.console.dll, MulticastDelegateUtilities.SafeInvoke: LengthPrefixCommunicationChannel: MessageReceived: Invoking callback 1/1 for Microsoft.VisualStudio.TestPlatform.CommunicationUtilities.TestRequestSender+<>c__DisplayClass34_0., took 44 ms.
TpTrace Verbose: 0 : 23184, 12, 2024/08/02, 16:35:48.071, 18403634229374, vstest.console.dll, TcpClientExtensions.MessageLoopAsync: Polling on remoteEndPoint: 127.0.0.1:59534 localEndPoint: 127.0.0.1:59533 after 804 ms
TpTrace Verbose: 0 : 23184, 12, 2024/08/02, 16:35:49.085, 18403644373020, vstest.console.dll, TcpClientExtensions.MessageLoopAsync: Polling on remoteEndPoint: 127.0.0.1:59534 localEndPoint: 127.0.0.1:59533 after 1014 ms
TpTrace Verbose: 0 : 23184, 12, 2024/08/02, 16:35:49.796, 18403651485215, vstest.console.dll, TcpClientExtensions.MessageLoopAsync: NotifyDataAvailable remoteEndPoint: 127.0.0.1:59534 localEndPoint: 127.0.0.1:59533
TpTrace Verbose: 0 : 23184, 12, 2024/08/02, 16:35:49.796, 18403651487771, vstest.console.dll, TestRequestSender.OnExecutionMessageReceived: Received message: {"Version":7,"MessageType":"TestExecution.StatsChange","Payload":{"NewTestResults":[{"TestCase":{"Id":"7f6946be-9039-9d59-bb9f-0953b49a559b","FullyQualifiedName":"RealestateAppTesting.RepositoryTesting.MediaRepositoryTest.AddTest","DisplayName":"AddTest","ExecutorUri":"executor://NUnit3TestExecutor","Source":"C:\\Users\\VC\\Desktop\\Presidio\\67acres\\RealEstateAPISln\\RealestateAppTesting\\bin\\Debug\\net6.0\\fine-code-coverage\\build-output\\RealestateAppTesting.dll","CodeFilePath":null,"LineNumber":0,"Properties":[{"Key":{"Id":"NUnit.Seed","Label":"Seed","Category":"","Description":"","Attributes":0,"ValueType":"System.String"},"Value":"166887351"}]},"Attachments":[],"Outcome":1,"ErrorMessage":null,"ErrorStackTrace":null,"DisplayName":"AddTest","Messages":[],"ComputerName":"DESKTOP-DPV93JG","Duration":"00:00:02.3682910","StartTime":"2024-08-02T11:05:47.3597597+00:00","EndTime":"2024-08-02T11:05:49.7278792+00:00","Properties":[{"Key":{"Id":"NUnit.Seed","Label":"Seed","Category":"","Description":"","Attributes":0,"ValueType":"System.String"},"Value":"166887351"}]}],"TestRunStatistics":{"ExecutedTests":1,"Stats":{"Passed":1}},"ActiveTests":[{"Id":"f5cc2fb0-372b-fdf4-4709-202d7e61a865","FullyQualifiedName":"RealestateAppTesting.RepositoryTesting.MediaRepositoryTest.DelTest","DisplayName":"DelTest","ExecutorUri":"executor://NUnit3TestExecutor","Source":"C:\\Users\\VC\\Desktop\\Presidio\\67acres\\RealEstateAPISln\\RealestateAppTesting\\bin\\Debug\\net6.0\\fine-code-coverage\\build-output\\RealestateAppTesting.dll","CodeFilePath":null,"LineNumber":0,"Properties":[{"Key":{"Id":"NUnit.Seed","Label":"Seed","Category":"","Description":"","Attributes":0,"ValueType":"System.String"},"Value":"1872735537"}]}]}}
TpTrace Verbose: 0 : 23184, 12, 2024/08/02, 16:35:49.812, 18403651642594, vstest.console.dll, TestRunRequest:SendTestRunStatsChange: Starting.
TpTrace Verbose: 0 : 23184, 12, 2024/08/02, 16:35:49.812, 18403651643812, vstest.console.dll, InProgress is DelTest
TpTrace Verbose: 0 : 23184, 12, 2024/08/02, 16:35:49.812, 18403651645882, vstest.console.dll, MulticastDelegateUtilities.SafeInvoke: TestRun.RunStatsChanged: Invoking callbacks was skipped because there are no subscribers.
TpTrace Information: 0 : 23184, 12, 2024/08/02, 16:35:49.812, 18403651646292, vstest.console.dll, TestRunRequest:SendTestRunStatsChange: Completed.
TpTrace Verbose: 0 : 23184, 12, 2024/08/02, 16:35:49.812, 18403651646676, vstest.console.dll, MulticastDelegateUtilities.SafeInvoke: LengthPrefixCommunicationChannel: MessageReceived: Invoking callback 1/1 for Microsoft.VisualStudio.TestPlatform.CommunicationUtilities.TestRequestSender+<>c__DisplayClass34_0., took 15 ms.
TpTrace Verbose: 0 : 23184, 12, 2024/08/02, 16:35:49.812, 18403651647035, vstest.console.dll, TcpClientExtensions.MessageLoopAsync: Polling on remoteEndPoint: 127.0.0.1:59534 localEndPoint: 127.0.0.1:59533 after 727 ms
TpTrace Verbose: 0 : 23184, 4, 2024/08/02, 16:35:49.815, 18403651677620, vstest.console.dll, MulticastDelegateUtilities.SafeInvoke: InternalTestLoggerEvents.SendTestResult: Invoking callback 1/1 for Microsoft.VisualStudio.TestPlatform.CommandLine.Internal.ConsoleLogger., took 3 ms.
TpTrace Verbose: 0 : 23184, 12, 2024/08/02, 16:35:50.041, 18403653936023, vstest.console.dll, TcpClientExtensions.MessageLoopAsync: NotifyDataAvailable remoteEndPoint: 127.0.0.1:59534 localEndPoint: 127.0.0.1:59533
TpTrace Verbose: 0 : 23184, 12, 2024/08/02, 16:35:50.042, 18403653940194, vstest.console.dll, TestRequestSender.OnExecutionMessageReceived: Received message: {"Version":7,"MessageType":"TestExecution.StatsChange","Payload":{"NewTestResults":[{"TestCase":{"Id":"f5cc2fb0-372b-fdf4-4709-202d7e61a865","FullyQualifiedName":"RealestateAppTesting.RepositoryTesting.MediaRepositoryTest.DelTest","DisplayName":"DelTest","ExecutorUri":"executor://NUnit3TestExecutor","Source":"C:\\Users\\VC\\Desktop\\Presidio\\67acres\\RealEstateAPISln\\RealestateAppTesting\\bin\\Debug\\net6.0\\fine-code-coverage\\build-output\\RealestateAppTesting.dll","CodeFilePath":null,"LineNumber":0,"Properties":[{"Key":{"Id":"NUnit.Seed","Label":"Seed","Category":"","Description":"","Attributes":0,"ValueType":"System.String"},"Value":"1872735537"}]},"Attachments":[],"Outcome":1,"ErrorMessage":null,"ErrorStackTrace":null,"DisplayName":"DelTest","Messages":[],"ComputerName":"DESKTOP-DPV93JG","Duration":"00:00:00.0504290","StartTime":"2024-08-02T11:05:49.7310718+00:00","EndTime":"2024-08-02T11:05:49.7815007+00:00","Properties":[{"Key":{"Id":"NUnit.Seed","Label":"Seed","Category":"","Description":"","Attributes":0,"ValueType":"System.String"},"Value":"1872735537"}]},{"TestCase":{"Id":"f1d29d2f-f8b3-1137-ac79-1ea4926db039","FullyQualifiedName":"RealestateAppTesting.RepositoryTesting.MediaRepositoryTest.GetAllTest","DisplayName":"GetAllTest","ExecutorUri":"executor://NUnit3TestExecutor","Source":"C:\\Users\\VC\\Desktop\\Presidio\\67acres\\RealEstateAPISln\\RealestateAppTesting\\bin\\Debug\\net6.0\\fine-code-coverage\\build-output\\RealestateAppTesting.dll","CodeFilePath":null,"LineNumber":0,"Properties":[{"Key":{"Id":"NUnit.Seed","Label":"Seed","Category":"","Description":"","Attributes":0,"ValueType":"System.String"},"Value":"681111368"}]},"Attachments":[],"Outcome":1,"ErrorMessage":null,"ErrorStackTrace":null,"DisplayName":"GetAllTest","Messages":[],"ComputerName":"DESKTOP-DPV93JG","Duration":"00:00:00.0752120","StartTime":"2024-08-02T11:05:49.7815458+00:00","EndTime":"2024-08-02T11:05:49.8567576+00:00","Properties":[{"Key":{"Id":"NUnit.Seed","Label":"Seed","Category":"","Description":"","Attributes":0,"ValueType":"System.String"},"Value":"681111368"}]},{"TestCase":{"Id":"4286d853-63d6-f33c-dfb4-60d2f9916e21","FullyQualifiedName":"RealestateAppTesting.RepositoryTesting.MediaRepositoryTest.GetTest","DisplayName":"GetTest","ExecutorUri":"executor://NUnit3TestExecutor","Source":"C:\\Users\\VC\\Desktop\\Presidio\\67acres\\RealEstateAPISln\\RealestateAppTesting\\bin\\Debug\\net6.0\\fine-code-coverage\\build-output\\RealestateAppTesting.dll","CodeFilePath":null,"LineNumber":0,"Properties":[{"Key":{"Id":"NUnit.Seed","Label":"Seed","Category":"","Description":"","Attributes":0,"ValueType":"System.String"},"Value":"144947819"}]},"Attachments":[],"Outcome":1,"ErrorMessage":null,"ErrorStackTrace":null,"DisplayName":"GetTest","Messages":[],"ComputerName":"DESKTOP-DPV93JG","Duration":"00:00:00.0049070","StartTime":"2024-08-02T11:05:49.8568044+00:00","EndTime":"2024-08-02T11:05:49.8617107+00:00","Properties":[{"Key":{"Id":"NUnit.Seed","Label":"Seed","Category":"","Description":"","Attributes":0,"ValueType":"System.String"},"Value":"144947819"}]},{"TestCase":{"Id":"245bd649-57be-77ea-8ca4-93e1ddaa439e","FullyQualifiedName":"RealestateAppTesting.RepositoryTesting.MediaRepositoryTest.UpdateTest","DisplayName":"UpdateTest","ExecutorUri":"executor://NUnit3TestExecutor","Source":"C:\\Users\\VC\\Desktop\\Presidio\\67acres\\RealEstateAPISln\\RealestateAppTesting\\bin\\Debug\\net6.0\\fine-code-coverage\\build-output\\RealestateAppTesting.dll","CodeFilePath":null,"LineNumber":0,"Properties":[{"Key":{"Id":"NUnit.Seed","Label":"Seed","Category":"","Description":"","Attributes":0,"ValueType":"System.String"},"Value":"1260975493"}]},"Attachments":[],"Outcome":1,"ErrorMessage":null,"ErrorStackTrace":null,"DisplayName":"UpdateTest","Messages":[],"ComputerName":"DESKTOP-DPV93JG","Duration":"00:00:00.0114870","StartTime":"2024-08-02T11:05:49.8617493+00:00","EndTime":"2024-08-02T11:05:49.8732363+00:00","Properties":[{"Key":{"Id":"NUnit.Seed","Label":"Seed","Category":"","Description":"","Attributes":0,"ValueType":"System.String"},"Value":"1260975493"}]},{"TestCase":{"Id":"a55e61d0-a8eb-921d-588e-e7f78fed5e89","FullyQualifiedName":"RealestateAppTesting.RepositoryTesting.OtpRepositoryTest.AddTest","DisplayName":"AddTest","ExecutorUri":"executor://NUnit3TestExecutor","Source":"C:\\Users\\VC\\Desktop\\Presidio\\67acres\\RealEstateAPISln\\RealestateAppTesting\\bin\\Debug\\net6.0\\fine-code-coverage\\build-output\\RealestateAppTesting.dll","CodeFilePath":null,"LineNumber":0,"Properties":[{"Key":{"Id":"NUnit.Seed","Label":"Seed","Category":"","Description":"","Attributes":0,"ValueType":"System.String"},"Value":"1040883777"}]},"Attachments":[],"Outcome":1,"ErrorMessage":null,"ErrorStackTrace":null,"DisplayName":"AddTest","Messages":[],"ComputerName":"DESKTOP-DPV93JG","Duration":"00:00:00.0409200","StartTime":"2024-08-02T11:05:49.8797853+00:00","EndTime":"2024-08-02T11:05:49.9207059+00:00","Properties":[{"Key":{"Id":"NUnit.Seed","Label":"Seed","Category":"","Description":"","Attributes":0,"ValueType":"System.String"},"Value":"1040883777"}]},{"TestCase":{"Id":"b3592bec-668b-0743-4689-1e15f3c3dcc8","FullyQualifiedName":"RealestateAppTesting.RepositoryTesting.OtpRepositoryTest.DelTest","DisplayName":"DelTest","ExecutorUri":"executor://NUnit3TestExecutor","Source":"C:\\Users\\VC\\Desktop\\Presidio\\67acres\\RealEstateAPISln\\RealestateAppTesting\\bin\\Debug\\net6.0\\fine-code-coverage\\build-output\\RealestateAppTesting.dll","CodeFilePath":null,"LineNumber":0,"Properties":[{"Key":{"Id":"NUnit.Seed","Label":"Seed","Category":"","Description":"","Attributes":0,"ValueType":"System.String"},"Value":"1117631117"}]},"Attachments":[],"Outcome":1,"ErrorMessage":null,"ErrorStackTrace":null,"DisplayName":"DelTest","Messages":[],"ComputerName":"DESKTOP-DPV93JG","Duration":"00:00:00.0072550","StartTime":"2024-08-02T11:05:49.9207553+00:00","EndTime":"2024-08-02T11:05:49.9280102+00:00","Properties":[{"Key":{"Id":"NUnit.Seed","Label":"Seed","Category":"","Description":"","Attributes":0,"ValueType":"System.String"},"Value":"1117631117"}]},{"TestCase":{"Id":"70e45f25-f9f2-26e1-a459-40ccf26f2b12","FullyQualifiedName":"RealestateAppTesting.RepositoryTesting.OtpRepositoryTest.GetTest","DisplayName":"GetTest","ExecutorUri":"executor://NUnit3TestExecutor","Source":"C:\\Users\\VC\\Desktop\\Presidio\\67acres\\RealEstateAPISln\\RealestateAppTesting\\bin\\Debug\\net6.0\\fine-code-coverage\\build-output\\RealestateAppTesting.dll","CodeFilePath":null,"LineNumber":0,"Properties":[{"Key":{"Id":"NUnit.Seed","Label":"Seed","Category":"","Description":"","Attributes":0,"ValueType":"System.String"},"Value":"1013752689"}]},"Attachments":[],"Outcome":1,"ErrorMessage":null,"ErrorStackTrace":null,"DisplayName":"GetTest","Messages":[],"ComputerName":"DESKTOP-DPV93JG","Duration":"00:00:00.0173610","StartTime":"2024-08-02T11:05:49.9280744+00:00","EndTime":"2024-08-02T11:05:49.9454357+00:00","Properties":[{"Key":{"Id":"NUnit.Seed","Label":"Seed","Category":"","Description":"","Attributes":0,"ValueType":"System.String"},"Value":"1013752689"}]},{"TestCase":{"Id":"6e017169-1cde-af2c-782e-97631b6a4012","FullyQualifiedName":"RealestateAppTesting.RepositoryTesting.PropertyDetailsRepositoryTest.AddTest","DisplayName":"AddTest","ExecutorUri":"executor://NUnit3TestExecutor","Source":"C:\\Users\\VC\\Desktop\\Presidio\\67acres\\RealEstateAPISln\\RealestateAppTesting\\bin\\Debug\\net6.0\\fine-code-coverage\\build-output\\RealestateAppTesting.dll","CodeFilePath":null,"LineNumber":0,"Properties":[{"Key":{"Id":"NUnit.Seed","Label":"Seed","Category":"","Description":"","Attributes":0,"ValueType":"System.String"},"Value":"1483184111"}]},"Attachments":[],"Outcome":1,"ErrorMessage":null,"ErrorStackTrace":null,"DisplayName":"AddTest","Messages":[],"ComputerName":"DESKTOP-DPV93JG","Duration":"00:00:00.0829500","StartTime":"2024-08-02T11:05:49.9457095+00:00","EndTime":"2024-08-02T11:05:50.0286585+00:00","Properties":[{"Key":{"Id":"NUnit.Seed","Label":"Seed","Category":"","Description":"","Attributes":0,"ValueType":"System.String"},"Value":"1483184111"}]},{"TestCase":{"Id":"8dcded6c-31ba-9305-b471-6fad292a5820","FullyQualifiedName":"RealestateAppTesting.RepositoryTesting.PropertyDetailsRepositoryTest.DelTest","DisplayName":"DelTest","ExecutorUri":"executor://NUnit3TestExecutor","Source":"C:\\Users\\VC\\Desktop\\Presidio\\67acres\\RealEstateAPISln\\RealestateAppTesting\\bin\\Debug\\net6.0\\fine-code-coverage\\build-output\\RealestateAppTesting.dll","CodeFilePath":null,"LineNumber":0,"Properties":[{"Key":{"Id":"NUnit.Seed","Label":"Seed","Category":"","Description":"","Attributes":0,"ValueType":"System.String"},"Value":"1000165435"}]},"Attachments":[],"Outcome":1,"ErrorMessage":null,"ErrorStackTrace":null,"DisplayName":"DelTest","Messages":[],"ComputerName":"DESKTOP-DPV93JG","Duration":"00:00:00.0056570","StartTime":"2024-08-02T11:05:50.0287095+00:00","EndTime":"2024-08-02T11:05:50.0343656+00:00","Properties":[{"Key":{"Id":"NUnit.Seed","Label":"Seed","Category":"","Description":"","Attributes":0,"ValueType":"System.String"},"Value":"1000165435"}]}],"TestRunStatistics":{"ExecutedTests":10,"Stats":{"Passed":10}},"ActiveTests":[{"Id":"7fe3199e-7ca9-8ee2-efa0-e7a05f93a49d","FullyQualifiedName":"RealestateAppTesting.RepositoryTesting.PropertyDetailsRepositoryTest.GetAllTest","DisplayName":"GetAllTest","ExecutorUri":"executor://NUnit3TestExecutor","Source":"C:\\Users\\VC\\Desktop\\Presidio\\67acres\\RealEstateAPISln\\RealestateAppTesting\\bin\\Debug\\net6.0\\fine-code-coverage\\build-output\\RealestateAppTesting.dll","CodeFilePath":null,"LineNumber":0,"Properties":[{"Key":{"Id":"NUnit.Seed","Label":"Seed","Category":"","Description":"","Attributes":0,"ValueType":"System.String"},"Value":"1250229123"}]}]}}
TpTrace Verbose: 0 : 23184, 12, 2024/08/02, 16:35:50.045, 18403653975620, vstest.console.dll, TestRunRequest:SendTestRunStatsChange: Starting.
TpTrace Verbose: 0 : 23184, 12, 2024/08/02, 16:35:50.045, 18403653976754, vstest.console.dll, InProgress is GetAllTest
TpTrace Verbose: 0 : 23184, 12, 2024/08/02, 16:35:50.045, 18403653977649, vstest.console.dll, MulticastDelegateUtilities.SafeInvoke: TestRun.RunStatsChanged: Invoking callbacks was skipped because there are no subscribers.
TpTrace Information: 0 : 23184, 12, 2024/08/02, 16:35:50.045, 18403653977948, vstest.console.dll, TestRunRequest:SendTestRunStatsChange: Completed.
TpTrace Verbose: 0 : 23184, 12, 2024/08/02, 16:35:50.046, 18403653978287, vstest.console.dll, MulticastDelegateUtilities.SafeInvoke: LengthPrefixCommunicationChannel: MessageReceived: Invoking callback 1/1 for Microsoft.VisualStudio.TestPlatform.CommunicationUtilities.TestRequestSender+<>c__DisplayClass34_0., took 3 ms.
TpTrace Verbose: 0 : 23184, 12, 2024/08/02, 16:35:50.046, 18403653978655, vstest.console.dll, TcpClientExtensions.MessageLoopAsync: Polling on remoteEndPoint: 127.0.0.1:59534 localEndPoint: 127.0.0.1:59533 after 233 ms
TpTrace Verbose: 0 : 23184, 4, 2024/08/02, 16:35:50.046, 18403653983321, vstest.console.dll, MulticastDelegateUtilities.SafeInvoke: InternalTestLoggerEvents.SendTestResult: Invoking callback 1/1 for Microsoft.VisualStudio.TestPlatform.CommandLine.Internal.ConsoleLogger., took 0 ms.
TpTrace Verbose: 0 : 23184, 4, 2024/08/02, 16:35:50.046, 18403653984553, vstest.console.dll, MulticastDelegateUtilities.SafeInvoke: InternalTestLoggerEvents.SendTestResult: Invoking callback 1/1 for Microsoft.VisualStudio.TestPlatform.CommandLine.Internal.ConsoleLogger., took 0 ms.
TpTrace Verbose: 0 : 23184, 4, 2024/08/02, 16:35:50.046, 18403653985397, vstest.console.dll, MulticastDelegateUtilities.SafeInvoke: InternalTestLoggerEvents.SendTestResult: Invoking callback 1/1 for Microsoft.VisualStudio.TestPlatform.CommandLine.Internal.ConsoleLogger., took 0 ms.
TpTrace Verbose: 0 : 23184, 4, 2024/08/02, 16:35:50.046, 18403653986090, vstest.console.dll, MulticastDelegateUtilities.SafeInvoke: InternalTestLoggerEvents.SendTestResult: Invoking callback 1/1 for Microsoft.VisualStudio.TestPlatform.CommandLine.Internal.ConsoleLogger., took 0 ms.
TpTrace Verbose: 0 : 23184, 4, 2024/08/02, 16:35:50.046, 18403653986760, vstest.console.dll, MulticastDelegateUtilities.SafeInvoke: InternalTestLoggerEvents.SendTestResult: Invoking callback 1/1 for Microsoft.VisualStudio.TestPlatform.CommandLine.Internal.ConsoleLogger., took 0 ms.
TpTrace Verbose: 0 : 23184, 4, 2024/08/02, 16:35:50.046, 18403653987418, vstest.console.dll, MulticastDelegateUtilities.SafeInvoke: InternalTestLoggerEvents.SendTestResult: Invoking callback 1/1 for Microsoft.VisualStudio.TestPlatform.CommandLine.Internal.ConsoleLogger., took 0 ms.
TpTrace Verbose: 0 : 23184, 4, 2024/08/02, 16:35:50.046, 18403653988077, vstest.console.dll, MulticastDelegateUtilities.SafeInvoke: InternalTestLoggerEvents.SendTestResult: Invoking callback 1/1 for Microsoft.VisualStudio.TestPlatform.CommandLine.Internal.ConsoleLogger., took 0 ms.
TpTrace Verbose: 0 : 23184, 4, 2024/08/02, 16:35:50.047, 18403653988828, vstest.console.dll, MulticastDelegateUtilities.SafeInvoke: InternalTestLoggerEvents.SendTestResult: Invoking callback 1/1 for Microsoft.VisualStudio.TestPlatform.CommandLine.Internal.ConsoleLogger., took 0 ms.
TpTrace Verbose: 0 : 23184, 4, 2024/08/02, 16:35:50.047, 18403653989262, vstest.console.dll, MulticastDelegateUtilities.SafeInvoke: InternalTestLoggerEvents.SendTestResult: Invoking callback 1/1 for Microsoft.VisualStudio.TestPlatform.CommandLine.Internal.ConsoleLogger., took 0 ms.
TpTrace Verbose: 0 : 23184, 12, 2024/08/02, 16:35:50.423, 18403657749584, vstest.console.dll, TcpClientExtensions.MessageLoopAsync: NotifyDataAvailable remoteEndPoint: 127.0.0.1:59534 localEndPoint: 127.0.0.1:59533
TpTrace Verbose: 0 : 23184, 12, 2024/08/02, 16:35:50.423, 18403657754137, vstest.console.dll, TestRequestSender.OnExecutionMessageReceived: Received message: {"Version":7,"MessageType":"TestExecution.StatsChange","Payload":{"NewTestResults":[{"TestCase":{"Id":"7fe3199e-7ca9-8ee2-efa0-e7a05f93a49d","FullyQualifiedName":"RealestateAppTesting.RepositoryTesting.PropertyDetailsRepositoryTest.GetAllTest","DisplayName":"GetAllTest","ExecutorUri":"executor://NUnit3TestExecutor","Source":"C:\\Users\\VC\\Desktop\\Presidio\\67acres\\RealEstateAPISln\\RealestateAppTesting\\bin\\Debug\\net6.0\\fine-code-coverage\\build-output\\RealestateAppTesting.dll","CodeFilePath":null,"LineNumber":0,"Properties":[{"Key":{"Id":"NUnit.Seed","Label":"Seed","Category":"","Description":"","Attributes":0,"ValueType":"System.String"},"Value":"1250229123"}]},"Attachments":[],"Outcome":1,"ErrorMessage":null,"ErrorStackTrace":null,"DisplayName":"GetAllTest","Messages":[],"ComputerName":"DESKTOP-DPV93JG","Duration":"00:00:00.0114540","StartTime":"2024-08-02T11:05:50.0344063+00:00","EndTime":"2024-08-02T11:05:50.04586+00:00","Properties":[{"Key":{"Id":"NUnit.Seed","Label":"Seed","Category":"","Description":"","Attributes":0,"ValueType":"System.String"},"Value":"1250229123"}]},{"TestCase":{"Id":"ded095ea-39d9-3371-8eca-7fdd6812a9b5","FullyQualifiedName":"RealestateAppTesting.RepositoryTesting.PropertyDetailsRepositoryTest.GetTest","DisplayName":"GetTest","ExecutorUri":"executor://NUnit3TestExecutor","Source":"C:\\Users\\VC\\Desktop\\Presidio\\67acres\\RealEstateAPISln\\RealestateAppTesting\\bin\\Debug\\net6.0\\fine-code-coverage\\build-output\\RealestateAppTesting.dll","CodeFilePath":null,"LineNumber":0,"Properties":[{"Key":{"Id":"NUnit.Seed","Label":"Seed","Category":"","Description":"","Attributes":0,"ValueType":"System.String"},"Value":"256013519"}]},"Attachments":[],"Outcome":1,"ErrorMessage":null,"ErrorStackTrace":null,"DisplayName":"GetTest","Messages":[],"ComputerName":"DESKTOP-DPV93JG","Duration":"00:00:00.0027000","StartTime":"2024-08-02T11:05:50.0459033+00:00","EndTime":"2024-08-02T11:05:50.0486031+00:00","Properties":[{"Key":{"Id":"NUnit.Seed","Label":"Seed","Category":"","Description":"","Attributes":0,"ValueType":"System.String"},"Value":"256013519"}]},{"TestCase":{"Id":"5b3c6913-e6d6-f8b3-a483-1d93bf802262","FullyQualifiedName":"RealestateAppTesting.RepositoryTesting.PropertyDetailsRepositoryTest.UpdateTest","DisplayName":"UpdateTest","ExecutorUri":"executor://NUnit3TestExecutor","Source":"C:\\Users\\VC\\Desktop\\Presidio\\67acres\\RealEstateAPISln\\RealestateAppTesting\\bin\\Debug\\net6.0\\fine-code-coverage\\build-output\\RealestateAppTesting.dll","CodeFilePath":null,"LineNumber":0,"Properties":[{"Key":{"Id":"NUnit.Seed","Label":"Seed","Category":"","Description":"","Attributes":0,"ValueType":"System.String"},"Value":"1380539358"}]},"Attachments":[],"Outcome":1,"ErrorMessage":null,"ErrorStackTrace":null,"DisplayName":"UpdateTest","Messages":[],"ComputerName":"DESKTOP-DPV93JG","Duration":"00:00:00.0032960","StartTime":"2024-08-02T11:05:50.0486317+00:00","EndTime":"2024-08-02T11:05:50.0519273+00:00","Properties":[{"Key":{"Id":"NUnit.Seed","Label":"Seed","Category":"","Description":"","Attributes":0,"ValueType":"System.String"},"Value":"1380539358"}]},{"TestCase":{"Id":"1b89ae0a-48b4-b139-8526-f80ac5476b3d","FullyQualifiedName":"RealestateAppTesting.RepositoryTesting.PropertyRepositoryTest.AddTest","DisplayName":"AddTest","ExecutorUri":"executor://NUnit3TestExecutor","Source":"C:\\Users\\VC\\Desktop\\Presidio\\67acres\\RealEstateAPISln\\RealestateAppTesting\\bin\\Debug\\net6.0\\fine-code-coverage\\build-output\\RealestateAppTesting.dll","CodeFilePath":null,"LineNumber":0,"Properties":[{"Key":{"Id":"NUnit.Seed","Label":"Seed","Category":"","Description":"","Attributes":0,"ValueType":"System.String"},"Value":"1276192340"}]},"Attachments":[],"Outcome":1,"ErrorMessage":null,"ErrorStackTrace":null,"DisplayName":"AddTest","Messages":[],"ComputerName":"DESKTOP-DPV93JG","Duration":"00:00:00.2403510","StartTime":"2024-08-02T11:05:50.0523941+00:00","EndTime":"2024-08-02T11:05:50.2927443+00:00","Properties":[{"Key":{"Id":"NUnit.Seed","Label":"Seed","Category":"","Description":"","Attributes":0,"ValueType":"System.String"},"Value":"1276192340"}]},{"TestCase":{"Id":"a6476fe6-b0c0-dc83-6365-b505bfe5d252","FullyQualifiedName":"RealestateAppTesting.RepositoryTesting.PropertyRepositoryTest.DelTest","DisplayName":"DelTest","ExecutorUri":"executor://NUnit3TestExecutor","Source":"C:\\Users\\VC\\Desktop\\Presidio\\67acres\\RealEstateAPISln\\RealestateAppTesting\\bin\\Debug\\net6.0\\fine-code-coverage\\build-output\\RealestateAppTesting.dll","CodeFilePath":null,"LineNumber":0,"Properties":[{"Key":{"Id":"NUnit.Seed","Label":"Seed","Category":"","Description":"","Attributes":0,"ValueType":"System.String"},"Value":"1689386087"}]},"Attachments":[],"Outcome":1,"ErrorMessage":null,"ErrorStackTrace":null,"DisplayName":"DelTest","Messages":[],"ComputerName":"DESKTOP-DPV93JG","Duration":"00:00:00.0230630","StartTime":"2024-08-02T11:05:50.2928018+00:00","EndTime":"2024-08-02T11:05:50.3158641+00:00","Properties":[{"Key":{"Id":"NUnit.Seed","Label":"Seed","Category":"","Description":"","Attributes":0,"ValueType":"System.String"},"Value":"1689386087"}]},{"TestCase":{"Id":"58f6721b-9d94-a43a-58b9-55e38da39c75","FullyQualifiedName":"RealestateAppTesting.RepositoryTesting.PropertyRepositoryTest.GetAllTest","DisplayName":"GetAllTest","ExecutorUri":"executor://NUnit3TestExecutor","Source":"C:\\Users\\VC\\Desktop\\Presidio\\67acres\\RealEstateAPISln\\RealestateAppTesting\\bin\\Debug\\net6.0\\fine-code-coverage\\build-output\\RealestateAppTesting.dll","CodeFilePath":null,"LineNumber":0,"Properties":[{"Key":{"Id":"NUnit.Seed","Label":"Seed","Category":"","Description":"","Attributes":0,"ValueType":"System.String"},"Value":"1827288750"}]},"Attachments":[],"Outcome":1,"ErrorMessage":null,"ErrorStackTrace":null,"DisplayName":"GetAllTest","Messages":[],"ComputerName":"DESKTOP-DPV93JG","Duration":"00:00:00.0470680","StartTime":"2024-08-02T11:05:50.3159132+00:00","EndTime":"2024-08-02T11:05:50.36298+00:00","Properties":[{"Key":{"Id":"NUnit.Seed","Label":"Seed","Category":"","Description":"","Attributes":0,"ValueType":"System.String"},"Value":"1827288750"}]},{"TestCase":{"Id":"d2978036-491c-ecd2-9edd-3ca4e040cae1","FullyQualifiedName":"RealestateAppTesting.RepositoryTesting.PropertyRepositoryTest.GetTest","DisplayName":"GetTest","ExecutorUri":"executor://NUnit3TestExecutor","Source":"C:\\Users\\VC\\Desktop\\Presidio\\67acres\\RealEstateAPISln\\RealestateAppTesting\\bin\\Debug\\net6.0\\fine-code-coverage\\build-output\\RealestateAppTesting.dll","CodeFilePath":null,"LineNumber":0,"Properties":[{"Key":{"Id":"NUnit.Seed","Label":"Seed","Category":"","Description":"","Attributes":0,"ValueType":"System.String"},"Value":"267463490"}]},"Attachments":[],"Outcome":1,"ErrorMessage":null,"ErrorStackTrace":null,"DisplayName":"GetTest","Messages":[],"ComputerName":"DESKTOP-DPV93JG","Duration":"00:00:00.0030510","StartTime":"2024-08-02T11:05:50.3630255+00:00","EndTime":"2024-08-02T11:05:50.3660756+00:00","Properties":[{"Key":{"Id":"NUnit.Seed","Label":"Seed","Category":"","Description":"","Attributes":0,"ValueType":"System.String"},"Value":"267463490"}]},{"TestCase":{"Id":"5288b097-1b50-e3c5-e9f1-1dd5073ee502","FullyQualifiedName":"RealestateAppTesting.RepositoryTesting.PropertyRepositoryTest.UpdateTest","DisplayName":"UpdateTest","ExecutorUri":"executor://NUnit3TestExecutor","Source":"C:\\Users\\VC\\Desktop\\Presidio\\67acres\\RealEstateAPISln\\RealestateAppTesting\\bin\\Debug\\net6.0\\fine-code-coverage\\build-output\\RealestateAppTesting.dll","CodeFilePath":null,"LineNumber":0,"Properties":[{"Key":{"Id":"NUnit.Seed","Label":"Seed","Category":"","Description":"","Attributes":0,"ValueType":"System.String"},"Value":"1163854416"}]},"Attachments":[],"Outcome":1,"ErrorMessage":null,"ErrorStackTrace":null,"DisplayName":"UpdateTest","Messages":[],"ComputerName":"DESKTOP-DPV93JG","Duration":"00:00:00.0048540","StartTime":"2024-08-02T11:05:50.3661016+00:00","EndTime":"2024-08-02T11:05:50.370955+00:00","Properties":[{"Key":{"Id":"NUnit.Seed","Label":"Seed","Category":"","Description":"","Attributes":0,"ValueType":"System.String"},"Value":"1163854416"}]},{"TestCase":{"Id":"cd9b4611-4ca9-c7e3-2300-45dd2a43c59d","FullyQualifiedName":"RealestateAppTesting.RepositoryTesting.TokenRepositoryTest.AddTest","DisplayName":"AddTest","ExecutorUri":"executor://NUnit3TestExecutor","Source":"C:\\Users\\VC\\Desktop\\Presidio\\67acres\\RealEstateAPISln\\RealestateAppTesting\\bin\\Debug\\net6.0\\fine-code-coverage\\build-output\\RealestateAppTesting.dll","CodeFilePath":null,"LineNumber":0,"Properties":[{"Key":{"Id":"NUnit.Seed","Label":"Seed","Category":"","Description":"","Attributes":0,"ValueType":"System.String"},"Value":"546474421"}]},"Attachments":[],"Outcome":1,"ErrorMessage":null,"ErrorStackTrace":null,"DisplayName":"AddTest","Messages":[],"ComputerName":"DESKTOP-DPV93JG","Duration":"00:00:00.0471590","StartTime":"2024-08-02T11:05:50.3711573+00:00","EndTime":"2024-08-02T11:05:50.4183153+00:00","Properties":[{"Key":{"Id":"NUnit.Seed","Label":"Seed","Category":"","Description":"","Attributes":0,"ValueType":"System.String"},"Value":"546474421"}]}],"TestRunStatistics":{"ExecutedTests":19,"Stats":{"Passed":19}},"ActiveTests":[{"Id":"933a64d2-4417-cd47-49c7-c303398be4fc","FullyQualifiedName":"RealestateAppTesting.RepositoryTesting.TokenRepositoryTest.DelTest","DisplayName":"DelTest","ExecutorUri":"executor://NUnit3TestExecutor","Source":"C:\\Users\\VC\\Desktop\\Presidio\\67acres\\RealEstateAPISln\\RealestateAppTesting\\bin\\Debug\\net6.0\\fine-code-coverage\\build-output\\RealestateAppTesting.dll","CodeFilePath":null,"LineNumber":0,"Properties":[{"Key":{"Id":"NUnit.Seed","Label":"Seed","Category":"","Description":"","Attributes":0,"ValueType":"System.String"},"Value":"640643011"}]}]}}
TpTrace Verbose: 0 : 23184, 12, 2024/08/02, 16:35:50.426, 18403657783963, vstest.console.dll, TestRunRequest:SendTestRunStatsChange: Starting.
TpTrace Verbose: 0 : 23184, 12, 2024/08/02, 16:35:50.426, 18403657785062, vstest.console.dll, InProgress is DelTest
TpTrace Verbose: 0 : 23184, 12, 2024/08/02, 16:35:50.426, 18403657786305, vstest.console.dll, MulticastDelegateUtilities.SafeInvoke: TestRun.RunStatsChanged: Invoking callbacks was skipped because there are no subscribers.
TpTrace Information: 0 : 23184, 12, 2024/08/02, 16:35:50.426, 18403657786807, vstest.console.dll, TestRunRequest:SendTestRunStatsChange: Completed.
TpTrace Verbose: 0 : 23184, 12, 2024/08/02, 16:35:50.426, 18403657787262, vstest.console.dll, MulticastDelegateUtilities.SafeInvoke: LengthPrefixCommunicationChannel: MessageReceived: Invoking callback 1/1 for Microsoft.VisualStudio.TestPlatform.CommunicationUtilities.TestRequestSender+<>c__DisplayClass34_0., took 3 ms.
TpTrace Verbose: 0 : 23184, 4, 2024/08/02, 16:35:50.426, 18403657787555, vstest.console.dll, MulticastDelegateUtilities.SafeInvoke: InternalTestLoggerEvents.SendTestResult: Invoking callback 1/1 for Microsoft.VisualStudio.TestPlatform.CommandLine.Internal.ConsoleLogger., took 0 ms.
TpTrace Verbose: 0 : 23184, 12, 2024/08/02, 16:35:50.426, 18403657787772, vstest.console.dll, TcpClientExtensions.MessageLoopAsync: Polling on remoteEndPoint: 127.0.0.1:59534 localEndPoint: 127.0.0.1:59533 after 380 ms
TpTrace Verbose: 0 : 23184, 4, 2024/08/02, 16:35:50.427, 18403657789342, vstest.console.dll, MulticastDelegateUtilities.SafeInvoke: InternalTestLoggerEvents.SendTestResult: Invoking callback 1/1 for Microsoft.VisualStudio.TestPlatform.CommandLine.Internal.ConsoleLogger., took 0 ms.
TpTrace Verbose: 0 : 23184, 4, 2024/08/02, 16:35:50.427, 18403657791237, vstest.console.dll, MulticastDelegateUtilities.SafeInvoke: InternalTestLoggerEvents.SendTestResult: Invoking callback 1/1 for Microsoft.VisualStudio.TestPlatform.CommandLine.Internal.ConsoleLogger., took 0 ms.
TpTrace Verbose: 0 : 23184, 4, 2024/08/02, 16:35:50.427, 18403657792504, vstest.console.dll, MulticastDelegateUtilities.SafeInvoke: InternalTestLoggerEvents.SendTestResult: Invoking callback 1/1 for Microsoft.VisualStudio.TestPlatform.CommandLine.Internal.ConsoleLogger., took 0 ms.
TpTrace Verbose: 0 : 23184, 4, 2024/08/02, 16:35:50.427, 18403657793341, vstest.console.dll, MulticastDelegateUtilities.SafeInvoke: InternalTestLoggerEvents.SendTestResult: Invoking callback 1/1 for Microsoft.VisualStudio.TestPlatform.CommandLine.Internal.ConsoleLogger., took 0 ms.
TpTrace Verbose: 0 : 23184, 4, 2024/08/02, 16:35:50.427, 18403657794154, vstest.console.dll, MulticastDelegateUtilities.SafeInvoke: InternalTestLoggerEvents.SendTestResult: Invoking callback 1/1 for Microsoft.VisualStudio.TestPlatform.CommandLine.Internal.ConsoleLogger., took 0 ms.
TpTrace Verbose: 0 : 23184, 4, 2024/08/02, 16:35:50.427, 18403657795068, vstest.console.dll, MulticastDelegateUtilities.SafeInvoke: InternalTestLoggerEvents.SendTestResult: Invoking callback 1/1 for Microsoft.VisualStudio.TestPlatform.CommandLine.Internal.ConsoleLogger., took 0 ms.
TpTrace Verbose: 0 : 23184, 4, 2024/08/02, 16:35:50.427, 18403657795737, vstest.console.dll, MulticastDelegateUtilities.SafeInvoke: InternalTestLoggerEvents.SendTestResult: Invoking callback 1/1 for Microsoft.VisualStudio.TestPlatform.CommandLine.Internal.ConsoleLogger., took 0 ms.
TpTrace Verbose: 0 : 23184, 4, 2024/08/02, 16:35:50.430, 18403657819815, vstest.console.dll, MulticastDelegateUtilities.SafeInvoke: InternalTestLoggerEvents.SendTestResult: Invoking callback 1/1 for Microsoft.VisualStudio.TestPlatform.CommandLine.Internal.ConsoleLogger., took 2 ms.
TpTrace Verbose: 0 : 23184, 12, 2024/08/02, 16:35:50.543, 18403658953886, vstest.console.dll, TcpClientExtensions.MessageLoopAsync: NotifyDataAvailable remoteEndPoint: 127.0.0.1:59534 localEndPoint: 127.0.0.1:59533
TpTrace Verbose: 0 : 23184, 12, 2024/08/02, 16:35:50.543, 18403658956681, vstest.console.dll, TestRequestSender.OnExecutionMessageReceived: Received message: {"Version":7,"MessageType":"TestExecution.StatsChange","Payload":{"NewTestResults":[{"TestCase":{"Id":"933a64d2-4417-cd47-49c7-c303398be4fc","FullyQualifiedName":"RealestateAppTesting.RepositoryTesting.TokenRepositoryTest.DelTest","DisplayName":"DelTest","ExecutorUri":"executor://NUnit3TestExecutor","Source":"C:\\Users\\VC\\Desktop\\Presidio\\67acres\\RealEstateAPISln\\RealestateAppTesting\\bin\\Debug\\net6.0\\fine-code-coverage\\build-output\\RealestateAppTesting.dll","CodeFilePath":null,"LineNumber":0,"Properties":[{"Key":{"Id":"NUnit.Seed","Label":"Seed","Category":"","Description":"","Attributes":0,"ValueType":"System.String"},"Value":"640643011"}]},"Attachments":[],"Outcome":1,"ErrorMessage":null,"ErrorStackTrace":null,"DisplayName":"DelTest","Messages":[],"ComputerName":"DESKTOP-DPV93JG","Duration":"00:00:00.0058719","StartTime":"2024-08-02T11:05:50.4190602+00:00","EndTime":"2024-08-02T11:05:50.4249327+00:00","Properties":[{"Key":{"Id":"NUnit.Seed","Label":"Seed","Category":"","Description":"","Attributes":0,"ValueType":"System.String"},"Value":"640643011"}]},{"TestCase":{"Id":"45a8b06c-1f78-dec6-40bc-1dc6da270a9e","FullyQualifiedName":"RealestateAppTesting.RepositoryTesting.TokenRepositoryTest.GetAllTest","DisplayName":"GetAllTest","ExecutorUri":"executor://NUnit3TestExecutor","Source":"C:\\Users\\VC\\Desktop\\Presidio\\67acres\\RealEstateAPISln\\RealestateAppTesting\\bin\\Debug\\net6.0\\fine-code-coverage\\build-output\\RealestateAppTesting.dll","CodeFilePath":null,"LineNumber":0,"Properties":[{"Key":{"Id":"NUnit.Seed","Label":"Seed","Category":"","Description":"","Attributes":0,"ValueType":"System.String"},"Value":"15483225"}]},"Attachments":[],"Outcome":1,"ErrorMessage":null,"ErrorStackTrace":null,"DisplayName":"GetAllTest","Messages":[],"ComputerName":"DESKTOP-DPV93JG","Duration":"00:00:00.0097000","StartTime":"2024-08-02T11:05:50.4249684+00:00","EndTime":"2024-08-02T11:05:50.4346674+00:00","Properties":[{"Key":{"Id":"NUnit.Seed","Label":"Seed","Category":"","Description":"","Attributes":0,"ValueType":"System.String"},"Value":"15483225"}]},{"TestCase":{"Id":"e6f509f5-baef-fcbf-3a98-5f8168301f7b","FullyQualifiedName":"RealestateAppTesting.RepositoryTesting.TokenRepositoryTest.GetTest","DisplayName":"GetTest","ExecutorUri":"executor://NUnit3TestExecutor","Source":"C:\\Users\\VC\\Desktop\\Presidio\\67acres\\RealEstateAPISln\\RealestateAppTesting\\bin\\Debug\\net6.0\\fine-code-coverage\\build-output\\RealestateAppTesting.dll","CodeFilePath":null,"LineNumber":0,"Properties":[{"Key":{"Id":"NUnit.Seed","Label":"Seed","Category":"","Description":"","Attributes":0,"ValueType":"System.String"},"Value":"1446103988"}]},"Attachments":[],"Outcome":1,"ErrorMessage":null,"ErrorStackTrace":null,"DisplayName":"GetTest","Messages":[],"ComputerName":"DESKTOP-DPV93JG","Duration":"00:00:00.0028270","StartTime":"2024-08-02T11:05:50.4347124+00:00","EndTime":"2024-08-02T11:05:50.4375385+00:00","Properties":[{"Key":{"Id":"NUnit.Seed","Label":"Seed","Category":"","Description":"","Attributes":0,"ValueType":"System.String"},"Value":"1446103988"}]},{"TestCase":{"Id":"d4820da0-ddea-e53a-6611-8010c486c5fe","FullyQualifiedName":"RealestateAppTesting.RepositoryTesting.TokenRepositoryTest.UpdateTest","DisplayName":"UpdateTest","ExecutorUri":"executor://NUnit3TestExecutor","Source":"C:\\Users\\VC\\Desktop\\Presidio\\67acres\\RealEstateAPISln\\RealestateAppTesting\\bin\\Debug\\net6.0\\fine-code-coverage\\build-output\\RealestateAppTesting.dll","CodeFilePath":null,"LineNumber":0,"Properties":[{"Key":{"Id":"NUnit.Seed","Label":"Seed","Category":"","Description":"","Attributes":0,"ValueType":"System.String"},"Value":"1355723391"}]},"Attachments":[],"Outcome":1,"ErrorMessage":null,"ErrorStackTrace":null,"DisplayName":"UpdateTest","Messages":[],"ComputerName":"DESKTOP-DPV93JG","Duration":"00:00:00.0056030","StartTime":"2024-08-02T11:05:50.4375737+00:00","EndTime":"2024-08-02T11:05:50.4431761+00:00","Properties":[{"Key":{"Id":"NUnit.Seed","Label":"Seed","Category":"","Description":"","Attributes":0,"ValueType":"System.String"},"Value":"1355723391"}]},{"TestCase":{"Id":"ec034d3b-a190-be3d-4400-04dbe3e5046d","FullyQualifiedName":"RealestateAppTesting.RepositoryTesting.UserRepositoryTest.AddTest","DisplayName":"AddTest","ExecutorUri":"executor://NUnit3TestExecutor","Source":"C:\\Users\\VC\\Desktop\\Presidio\\67acres\\RealEstateAPISln\\RealestateAppTesting\\bin\\Debug\\net6.0\\fine-code-coverage\\build-output\\RealestateAppTesting.dll","CodeFilePath":null,"LineNumber":0,"Properties":[{"Key":{"Id":"NUnit.Seed","Label":"Seed","Category":"","Description":"","Attributes":0,"ValueType":"System.String"},"Value":"866867154"}]},"Attachments":[],"Outcome":1,"ErrorMessage":null,"ErrorStackTrace":null,"DisplayName":"AddTest","Messages":[],"ComputerName":"DESKTOP-DPV93JG","Duration":"00:00:00.0451080","StartTime":"2024-08-02T11:05:50.443486+00:00","EndTime":"2024-08-02T11:05:50.4885931+00:00","Properties":[{"Key":{"Id":"NUnit.Seed","Label":"Seed","Category":"","Description":"","Attributes":0,"ValueType":"System.String"},"Value":"866867154"}]},{"TestCase":{"Id":"00337b94-5de4-f82f-61ae-130338a1be79","FullyQualifiedName":"RealestateAppTesting.RepositoryTesting.UserRepositoryTest.DelTest","DisplayName":"DelTest","ExecutorUri":"executor://NUnit3TestExecutor","Source":"C:\\Users\\VC\\Desktop\\Presidio\\67acres\\RealEstateAPISln\\RealestateAppTesting\\bin\\Debug\\net6.0\\fine-code-coverage\\build-output\\RealestateAppTesting.dll","CodeFilePath":null,"LineNumber":0,"Properties":[{"Key":{"Id":"NUnit.Seed","Label":"Seed","Category":"","Description":"","Attributes":0,"ValueType":"System.String"},"Value":"568076583"}]},"Attachments":[],"Outcome":1,"ErrorMessage":null,"ErrorStackTrace":null,"DisplayName":"DelTest","Messages":[],"ComputerName":"DESKTOP-DPV93JG","Duration":"00:00:00.0053650","StartTime":"2024-08-02T11:05:50.4886487+00:00","EndTime":"2024-08-02T11:05:50.4940134+00:00","Properties":[{"Key":{"Id":"NUnit.Seed","Label":"Seed","Category":"","Description":"","Attributes":0,"ValueType":"System.String"},"Value":"568076583"}]},{"TestCase":{"Id":"011e4400-357f-edc7-32ae-e221d7ea973d","FullyQualifiedName":"RealestateAppTesting.RepositoryTesting.UserRepositoryTest.GetAllTest","DisplayName":"GetAllTest","ExecutorUri":"executor://NUnit3TestExecutor","Source":"C:\\Users\\VC\\Desktop\\Presidio\\67acres\\RealEstateAPISln\\RealestateAppTesting\\bin\\Debug\\net6.0\\fine-code-coverage\\build-output\\RealestateAppTesting.dll","CodeFilePath":null,"LineNumber":0,"Properties":[{"Key":{"Id":"NUnit.Seed","Label":"Seed","Category":"","Description":"","Attributes":0,"ValueType":"System.String"},"Value":"840600185"}]},"Attachments":[],"Outcome":1,"ErrorMessage":null,"ErrorStackTrace":null,"DisplayName":"GetAllTest","Messages":[],"ComputerName":"DESKTOP-DPV93JG","Duration":"00:00:00.0311630","StartTime":"2024-08-02T11:05:50.4940632+00:00","EndTime":"2024-08-02T11:05:50.5252257+00:00","Properties":[{"Key":{"Id":"NUnit.Seed","Label":"Seed","Category":"","Description":"","Attributes":0,"ValueType":"System.String"},"Value":"840600185"}]},{"TestCase":{"Id":"bc9a4210-3ec3-98a7-b5cb-c581bc1f3893","FullyQualifiedName":"RealestateAppTesting.RepositoryTesting.UserRepositoryTest.GetTest","DisplayName":"GetTest","ExecutorUri":"executor://NUnit3TestExecutor","Source":"C:\\Users\\VC\\Desktop\\Presidio\\67acres\\RealEstateAPISln\\RealestateAppTesting\\bin\\Debug\\net6.0\\fine-code-coverage\\build-output\\RealestateAppTesting.dll","CodeFilePath":null,"LineNumber":0,"Properties":[{"Key":{"Id":"NUnit.Seed","Label":"Seed","Category":"","Description":"","Attributes":0,"ValueType":"System.String"},"Value":"578538950"}]},"Attachments":[],"Outcome":1,"ErrorMessage":null,"ErrorStackTrace":null,"DisplayName":"GetTest","Messages":[],"ComputerName":"DESKTOP-DPV93JG","Duration":"00:00:00.0028530","StartTime":"2024-08-02T11:05:50.5253134+00:00","EndTime":"2024-08-02T11:05:50.5281668+00:00","Properties":[{"Key":{"Id":"NUnit.Seed","Label":"Seed","Category":"","Description":"","Attributes":0,"ValueType":"System.String"},"Value":"578538950"}]},{"TestCase":{"Id":"8ec99dcd-3d49-393c-10e8-fd2e1bf55504","FullyQualifiedName":"RealestateAppTesting.RepositoryTesting.UserRepositoryTest.UpdateTest","DisplayName":"UpdateTest","ExecutorUri":"executor://NUnit3TestExecutor","Source":"C:\\Users\\VC\\Desktop\\Presidio\\67acres\\RealEstateAPISln\\RealestateAppTesting\\bin\\Debug\\net6.0\\fine-code-coverage\\build-output\\RealestateAppTesting.dll","CodeFilePath":null,"LineNumber":0,"Properties":[{"Key":{"Id":"NUnit.Seed","Label":"Seed","Category":"","Description":"","Attributes":0,"ValueType":"System.String"},"Value":"538604582"}]},"Attachments":[],"Outcome":1,"ErrorMessage":null,"ErrorStackTrace":null,"DisplayName":"UpdateTest","Messages":[],"ComputerName":"DESKTOP-DPV93JG","Duration":"00:00:00.0102830","StartTime":"2024-08-02T11:05:50.5282034+00:00","EndTime":"2024-08-02T11:05:50.5384857+00:00","Properties":[{"Key":{"Id":"NUnit.Seed","Label":"Seed","Category":"","Description":"","Attributes":0,"ValueType":"System.String"},"Value":"538604582"}]}],"TestRunStatistics":{"ExecutedTests":28,"Stats":{"Passed":28}},"ActiveTests":[{"Id":"ea3055b7-5f92-25f3-caad-b6006b9923f7","FullyQualifiedName":"RealestateAppTesting.ServiceTesting.PropertyServiceTest.AddTest","DisplayName":"AddTest","ExecutorUri":"executor://NUnit3TestExecutor","Source":"C:\\Users\\VC\\Desktop\\Presidio\\67acres\\RealEstateAPISln\\RealestateAppTesting\\bin\\Debug\\net6.0\\fine-code-coverage\\build-output\\RealestateAppTesting.dll","CodeFilePath":null,"LineNumber":0,"Properties":[{"Key":{"Id":"NUnit.Seed","Label":"Seed","Category":"","Description":"","Attributes":0,"ValueType":"System.String"},"Value":"532055857"}]}]}}
TpTrace Verbose: 0 : 23184, 12, 2024/08/02, 16:35:50.546, 18403658983632, vstest.console.dll, TestRunRequest:SendTestRunStatsChange: Starting.
TpTrace Verbose: 0 : 23184, 12, 2024/08/02, 16:35:50.546, 18403658984829, vstest.console.dll, InProgress is AddTest
TpTrace Verbose: 0 : 23184, 12, 2024/08/02, 16:35:50.546, 18403658985571, vstest.console.dll, MulticastDelegateUtilities.SafeInvoke: TestRun.RunStatsChanged: Invoking callbacks was skipped because there are no subscribers.
TpTrace Information: 0 : 23184, 12, 2024/08/02, 16:35:50.546, 18403658985955, vstest.console.dll, TestRunRequest:SendTestRunStatsChange: Completed.
TpTrace Verbose: 0 : 23184, 12, 2024/08/02, 16:35:50.546, 18403658986329, vstest.console.dll, MulticastDelegateUtilities.SafeInvoke: LengthPrefixCommunicationChannel: MessageReceived: Invoking callback 1/1 for Microsoft.VisualStudio.TestPlatform.CommunicationUtilities.TestRequestSender+<>c__DisplayClass34_0., took 2 ms.
TpTrace Verbose: 0 : 23184, 12, 2024/08/02, 16:35:50.546, 18403658986699, vstest.console.dll, TcpClientExtensions.MessageLoopAsync: Polling on remoteEndPoint: 127.0.0.1:59534 localEndPoint: 127.0.0.1:59533 after 119 ms
TpTrace Verbose: 0 : 23184, 4, 2024/08/02, 16:35:50.546, 18403658986873, vstest.console.dll, MulticastDelegateUtilities.SafeInvoke: InternalTestLoggerEvents.SendTestResult: Invoking callback 1/1 for Microsoft.VisualStudio.TestPlatform.CommandLine.Internal.ConsoleLogger., took 0 ms.
TpTrace Verbose: 0 : 23184, 4, 2024/08/02, 16:35:50.546, 18403658988040, vstest.console.dll, MulticastDelegateUtilities.SafeInvoke: InternalTestLoggerEvents.SendTestResult: Invoking callback 1/1 for Microsoft.VisualStudio.TestPlatform.CommandLine.Internal.ConsoleLogger., took 0 ms.
TpTrace Verbose: 0 : 23184, 4, 2024/08/02, 16:35:50.547, 18403658988462, vstest.console.dll, MulticastDelegateUtilities.SafeInvoke: InternalTestLoggerEvents.SendTestResult: Invoking callback 1/1 for Microsoft.VisualStudio.TestPlatform.CommandLine.Internal.ConsoleLogger., took 0 ms.
TpTrace Verbose: 0 : 23184, 4, 2024/08/02, 16:35:50.547, 18403658988855, vstest.console.dll, MulticastDelegateUtilities.SafeInvoke: InternalTestLoggerEvents.SendTestResult: Invoking callback 1/1 for Microsoft.VisualStudio.TestPlatform.CommandLine.Internal.ConsoleLogger., took 0 ms.
TpTrace Verbose: 0 : 23184, 4, 2024/08/02, 16:35:50.547, 18403658989232, vstest.console.dll, MulticastDelegateUtilities.SafeInvoke: InternalTestLoggerEvents.SendTestResult: Invoking callback 1/1 for Microsoft.VisualStudio.TestPlatform.CommandLine.Internal.ConsoleLogger., took 0 ms.
TpTrace Verbose: 0 : 23184, 4, 2024/08/02, 16:35:50.547, 18403658989712, vstest.console.dll, MulticastDelegateUtilities.SafeInvoke: InternalTestLoggerEvents.SendTestResult: Invoking callback 1/1 for Microsoft.VisualStudio.TestPlatform.CommandLine.Internal.ConsoleLogger., took 0 ms.
TpTrace Verbose: 0 : 23184, 4, 2024/08/02, 16:35:50.547, 18403658990087, vstest.console.dll, MulticastDelegateUtilities.SafeInvoke: InternalTestLoggerEvents.SendTestResult: Invoking callback 1/1 for Microsoft.VisualStudio.TestPlatform.CommandLine.Internal.ConsoleLogger., took 0 ms.
TpTrace Verbose: 0 : 23184, 4, 2024/08/02, 16:35:50.547, 18403658990451, vstest.console.dll, MulticastDelegateUtilities.SafeInvoke: InternalTestLoggerEvents.SendTestResult: Invoking callback 1/1 for Microsoft.VisualStudio.TestPlatform.CommandLine.Internal.ConsoleLogger., took 0 ms.
TpTrace Verbose: 0 : 23184, 4, 2024/08/02, 16:35:50.547, 18403658990809, vstest.console.dll, MulticastDelegateUtilities.SafeInvoke: InternalTestLoggerEvents.SendTestResult: Invoking callback 1/1 for Microsoft.VisualStudio.TestPlatform.CommandLine.Internal.ConsoleLogger., took 0 ms.
TpTrace Verbose: 0 : 23184, 12, 2024/08/02, 16:35:50.617, 18403659697696, vstest.console.dll, TcpClientExtensions.MessageLoopAsync: NotifyDataAvailable remoteEndPoint: 127.0.0.1:59534 localEndPoint: 127.0.0.1:59533
TpTrace Verbose: 0 : 23184, 12, 2024/08/02, 16:35:50.618, 18403659700120, vstest.console.dll, TestRequestSender.OnExecutionMessageReceived: Received message: {"Version":7,"MessageType":"TestSession.Message","Payload":{"MessageLevel":1,"Message":"\r\n11\r\n"}}
TpTrace Verbose: 0 : 23184, 12, 2024/08/02, 16:35:50.618, 18403659702146, vstest.console.dll, TestRunRequest:SendTestRunMessage: Starting.
TpTrace Verbose: 0 : 23184, 12, 2024/08/02, 16:35:50.618, 18403659703240, vstest.console.dll, MulticastDelegateUtilities.SafeInvoke: TestRun.LogMessages: Invoking callback 1/1 for Microsoft.VisualStudio.TestPlatform.CommandLine.TestRunResultAggregator., took 0 ms.
TpTrace Information: 0 : 23184, 12, 2024/08/02, 16:35:50.618, 18403659703791, vstest.console.dll, TestRunRequest:SendTestRunMessage: Completed.
TpTrace Verbose: 0 : 23184, 12, 2024/08/02, 16:35:50.618, 18403659704312, vstest.console.dll, MulticastDelegateUtilities.SafeInvoke: LengthPrefixCommunicationChannel: MessageReceived: Invoking callback 1/1 for Microsoft.VisualStudio.TestPlatform.CommunicationUtilities.TestRequestSender+<>c__DisplayClass34_0., took 0 ms.
TpTrace Verbose: 0 : 23184, 12, 2024/08/02, 16:35:50.618, 18403659704834, vstest.console.dll, TcpClientExtensions.MessageLoopAsync: Polling on remoteEndPoint: 127.0.0.1:59534 localEndPoint: 127.0.0.1:59533 after 71 ms
TpTrace Verbose: 0 : 23184, 4, 2024/08/02, 16:35:50.619, 18403659710638, vstest.console.dll, MulticastDelegateUtilities.SafeInvoke: InternalTestLoggerEvents.SendTestRunMessage: Invoking callback 1/1 for Microsoft.VisualStudio.TestPlatform.CommandLine.Internal.ConsoleLogger., took 0 ms.
TpTrace Verbose: 0 : 23184, 12, 2024/08/02, 16:35:51.005, 18403663568714, vstest.console.dll, TcpClientExtensions.MessageLoopAsync: NotifyDataAvailable remoteEndPoint: 127.0.0.1:59534 localEndPoint: 127.0.0.1:59533
TpTrace Verbose: 0 : 23184, 12, 2024/08/02, 16:35:51.005, 18403663572413, vstest.console.dll, TestRequestSender.OnExecutionMessageReceived: Received message: {"Version":7,"MessageType":"TestExecution.StatsChange","Payload":{"NewTestResults":[{"TestCase":{"Id":"ea3055b7-5f92-25f3-caad-b6006b9923f7","FullyQualifiedName":"RealestateAppTesting.ServiceTesting.PropertyServiceTest.AddTest","DisplayName":"AddTest","ExecutorUri":"executor://NUnit3TestExecutor","Source":"C:\\Users\\VC\\Desktop\\Presidio\\67acres\\RealEstateAPISln\\RealestateAppTesting\\bin\\Debug\\net6.0\\fine-code-coverage\\build-output\\RealestateAppTesting.dll","CodeFilePath":null,"LineNumber":0,"Properties":[{"Key":{"Id":"NUnit.Seed","Label":"Seed","Category":"","Description":"","Attributes":0,"ValueType":"System.String"},"Value":"532055857"}]},"Attachments":[],"Outcome":1,"ErrorMessage":null,"ErrorStackTrace":null,"DisplayName":"AddTest","Messages":[],"ComputerName":"DESKTOP-DPV93JG","Duration":"00:00:00.0269870","StartTime":"2024-08-02T11:05:50.5389033+00:00","EndTime":"2024-08-02T11:05:50.5658901+00:00","Properties":[{"Key":{"Id":"NUnit.Seed","Label":"Seed","Category":"","Description":"","Attributes":0,"ValueType":"System.String"},"Value":"532055857"}]},{"TestCase":{"Id":"88e62fc3-00c7-294f-2dfa-7a3025aa4a4c","FullyQualifiedName":"RealestateAppTesting.ServiceTesting.PropertyServiceTest.DeleteTest","DisplayName":"DeleteTest","ExecutorUri":"executor://NUnit3TestExecutor","Source":"C:\\Users\\VC\\Desktop\\Presidio\\67acres\\RealEstateAPISln\\RealestateAppTesting\\bin\\Debug\\net6.0\\fine-code-coverage\\build-output\\RealestateAppTesting.dll","CodeFilePath":null,"LineNumber":0,"Properties":[{"Key":{"Id":"NUnit.Seed","Label":"Seed","Category":"","Description":"","Attributes":0,"ValueType":"System.String"},"Value":"695531229"}]},"Attachments":[],"Outcome":1,"ErrorMessage":null,"ErrorStackTrace":null,"DisplayName":"DeleteTest","Messages":[],"ComputerName":"DESKTOP-DPV93JG","Duration":"00:00:00.0078760","StartTime":"2024-08-02T11:05:50.5659343+00:00","EndTime":"2024-08-02T11:05:50.5738099+00:00","Properties":[{"Key":{"Id":"NUnit.Seed","Label":"Seed","Category":"","Description":"","Attributes":0,"ValueType":"System.String"},"Value":"695531229"}]},{"TestCase":{"Id":"96390cbe-386a-7a8e-5b24-5e43ae681a35","FullyQualifiedName":"RealestateAppTesting.ServiceTesting.PropertyServiceTest.GetAll","DisplayName":"GetAll","ExecutorUri":"executor://NUnit3TestExecutor","Source":"C:\\Users\\VC\\Desktop\\Presidio\\67acres\\RealEstateAPISln\\RealestateAppTesting\\bin\\Debug\\net6.0\\fine-code-coverage\\build-output\\RealestateAppTesting.dll","CodeFilePath":null,"LineNumber":0,"Properties":[{"Key":{"Id":"NUnit.Seed","Label":"Seed","Category":"","Description":"","Attributes":0,"ValueType":"System.String"},"Value":"377940236"}]},"Attachments":[],"Outcome":1,"ErrorMessage":null,"ErrorStackTrace":null,"DisplayName":"GetAll","Messages":[],"ComputerName":"DESKTOP-DPV93JG","Duration":"00:00:00.0060160","StartTime":"2024-08-02T11:05:50.5738683+00:00","EndTime":"2024-08-02T11:05:50.5798835+00:00","Properties":[{"Key":{"Id":"NUnit.Seed","Label":"Seed","Category":"","Description":"","Attributes":0,"ValueType":"System.String"},"Value":"377940236"}]},{"TestCase":{"Id":"4b2301b9-207a-31ae-6cf6-4932e33c5f30","FullyQualifiedName":"RealestateAppTesting.ServiceTesting.PropertyServiceTest.UpdateTest","DisplayName":"UpdateTest","ExecutorUri":"executor://NUnit3TestExecutor","Source":"C:\\Users\\VC\\Desktop\\Presidio\\67acres\\RealEstateAPISln\\RealestateAppTesting\\bin\\Debug\\net6.0\\fine-code-coverage\\build-output\\RealestateAppTesting.dll","CodeFilePath":null,"LineNumber":0,"Properties":[{"Key":{"Id":"NUnit.Seed","Label":"Seed","Category":"","Description":"","Attributes":0,"ValueType":"System.String"},"Value":"1372987459"}]},"Attachments":[],"Outcome":1,"ErrorMessage":null,"ErrorStackTrace":null,"DisplayName":"UpdateTest","Messages":[{"Category":"StdOutMsgs","Text":"\r\n11\r\n"}],"ComputerName":"DESKTOP-DPV93JG","Duration":"00:00:00.0112370","StartTime":"2024-08-02T11:05:50.5801797+00:00","EndTime":"2024-08-02T11:05:50.5914168+00:00","Properties":[{"Key":{"Id":"NUnit.Seed","Label":"Seed","Category":"","Description":"","Attributes":0,"ValueType":"System.String"},"Value":"1372987459"}]},{"TestCase":{"Id":"9a783a4f-0e54-8bb0-e7f0-25332437330b","FullyQualifiedName":"RealestateAppTesting.ServiceTesting.PropertyServiceTest.ViewTest","DisplayName":"ViewTest","ExecutorUri":"executor://NUnit3TestExecutor","Source":"C:\\Users\\VC\\Desktop\\Presidio\\67acres\\RealEstateAPISln\\RealestateAppTesting\\bin\\Debug\\net6.0\\fine-code-coverage\\build-output\\RealestateAppTesting.dll","CodeFilePath":null,"LineNumber":0,"Properties":[{"Key":{"Id":"NUnit.Seed","Label":"Seed","Category":"","Description":"","Attributes":0,"ValueType":"System.String"},"Value":"653427375"}]},"Attachments":[],"Outcome":1,"ErrorMessage":null,"ErrorStackTrace":null,"DisplayName":"ViewTest","Messages":[],"ComputerName":"DESKTOP-DPV93JG","Duration":"00:00:00.0037940","StartTime":"2024-08-02T11:05:50.591461+00:00","EndTime":"2024-08-02T11:05:50.5952548+00:00","Properties":[{"Key":{"Id":"NUnit.Seed","Label":"Seed","Category":"","Description":"","Attributes":0,"ValueType":"System.String"},"Value":"653427375"}]},{"TestCase":{"Id":"b4ee28fa-f6cd-cd93-d2b7-6e89402657ef","FullyQualifiedName":"RealestateAppTesting.ServiceTesting.UserServiceTest.AddTest","DisplayName":"AddTest","ExecutorUri":"executor://NUnit3TestExecutor","Source":"C:\\Users\\VC\\Desktop\\Presidio\\67acres\\RealEstateAPISln\\RealestateAppTesting\\bin\\Debug\\net6.0\\fine-code-coverage\\build-output\\RealestateAppTesting.dll","CodeFilePath":null,"LineNumber":0,"Properties":[{"Key":{"Id":"NUnit.Seed","Label":"Seed","Category":"","Description":"","Attributes":0,"ValueType":"System.String"},"Value":"652153473"}]},"Attachments":[],"Outcome":1,"ErrorMessage":null,"ErrorStackTrace":null,"DisplayName":"AddTest","Messages":[],"ComputerName":"DESKTOP-DPV93JG","Duration":"00:00:00.0068830","StartTime":"2024-08-02T11:05:50.595517+00:00","EndTime":"2024-08-02T11:05:50.6023989+00:00","Properties":[{"Key":{"Id":"NUnit.Seed","Label":"Seed","Category":"","Description":"","Attributes":0,"ValueType":"System.String"},"Value":"652153473"}]},{"TestCase":{"Id":"870d0400-cbf9-1933-52e6-52a2e55ff5f6","FullyQualifiedName":"RealestateAppTesting.ServiceTesting.UserServiceTest.CreateTokenTest","DisplayName":"CreateTokenTest","ExecutorUri":"executor://NUnit3TestExecutor","Source":"C:\\Users\\VC\\Desktop\\Presidio\\67acres\\RealEstateAPISln\\RealestateAppTesting\\bin\\Debug\\net6.0\\fine-code-coverage\\build-output\\RealestateAppTesting.dll","CodeFilePath":null,"LineNumber":0,"Properties":[{"Key":{"Id":"NUnit.Seed","Label":"Seed","Category":"","Description":"","Attributes":0,"ValueType":"System.String"},"Value":"1670072292"}]},"Attachments":[],"Outcome":1,"ErrorMessage":null,"ErrorStackTrace":null,"DisplayName":"CreateTokenTest","Messages":[],"ComputerName":"DESKTOP-DPV93JG","Duration":"00:00:00.3894270","StartTime":"2024-08-02T11:05:50.6024473+00:00","EndTime":"2024-08-02T11:05:50.9918734+00:00","Properties":[{"Key":{"Id":"NUnit.Seed","Label":"Seed","Category":"","Description":"","Attributes":0,"ValueType":"System.String"},"Value":"1670072292"}]},{"TestCase":{"Id":"3c0b59b7-5162-a837-a7eb-8db5add2c993","FullyQualifiedName":"RealestateAppTesting.ServiceTesting.UserServiceTest.GenerateSmsTest","DisplayName":"GenerateSmsTest","ExecutorUri":"executor://NUnit3TestExecutor","Source":"C:\\Users\\VC\\Desktop\\Presidio\\67acres\\RealEstateAPISln\\RealestateAppTesting\\bin\\Debug\\net6.0\\fine-code-coverage\\build-output\\RealestateAppTesting.dll","CodeFilePath":null,"LineNumber":0,"Properties":[{"Key":{"Id":"NUnit.Seed","Label":"Seed","Category":"","Description":"","Attributes":0,"ValueType":"System.String"},"Value":"1140690252"}]},"Attachments":[],"Outcome":1,"ErrorMessage":null,"ErrorStackTrace":null,"DisplayName":"GenerateSmsTest","Messages":[],"ComputerName":"DESKTOP-DPV93JG","Duration":"00:00:00.0021430","StartTime":"2024-08-02T11:05:50.9919261+00:00","EndTime":"2024-08-02T11:05:50.9940693+00:00","Properties":[{"Key":{"Id":"NUnit.Seed","Label":"Seed","Category":"","Description":"","Attributes":0,"ValueType":"System.String"},"Value":"1140690252"}]},{"TestCase":{"Id":"140e8b93-4b94-cabc-c74c-332103e695c6","FullyQualifiedName":"RealestateAppTesting.ServiceTesting.UserServiceTest.LoginTest","DisplayName":"LoginTest","ExecutorUri":"executor://NUnit3TestExecutor","Source":"C:\\Users\\VC\\Desktop\\Presidio\\67acres\\RealEstateAPISln\\RealestateAppTesting\\bin\\Debug\\net6.0\\fine-code-coverage\\build-output\\RealestateAppTesting.dll","CodeFilePath":null,"LineNumber":0,"Properties":[{"Key":{"Id":"NUnit.Seed","Label":"Seed","Category":"","Description":"","Attributes":0,"ValueType":"System.String"},"Value":"342022958"}]},"Attachments":[],"Outcome":1,"ErrorMessage":null,"ErrorStackTrace":null,"DisplayName":"LoginTest","Messages":[],"ComputerName":"DESKTOP-DPV93JG","Duration":"00:00:00.0034390","StartTime":"2024-08-02T11:05:50.9940971+00:00","EndTime":"2024-08-02T11:05:50.9975353+00:00","Properties":[{"Key":{"Id":"NUnit.Seed","Label":"Seed","Category":"","Description":"","Attributes":0,"ValueType":"System.String"},"Value":"342022958"}]}],"TestRunStatistics":{"ExecutedTests":37,"Stats":{"Passed":37}},"ActiveTests":[{"Id":"599eaf16-137d-483e-a689-cecfc9afa369","FullyQualifiedName":"RealestateAppTesting.ServiceTesting.UserServiceTest.SwitchPlanTest","DisplayName":"SwitchPlanTest","ExecutorUri":"executor://NUnit3TestExecutor","Source":"C:\\Users\\VC\\Desktop\\Presidio\\67acres\\RealEstateAPISln\\RealestateAppTesting\\bin\\Debug\\net6.0\\fine-code-coverage\\build-output\\RealestateAppTesting.dll","CodeFilePath":null,"LineNumber":0,"Properties":[{"Key":{"Id":"NUnit.Seed","Label":"Seed","Category":"","Description":"","Attributes":0,"ValueType":"System.String"},"Value":"462193147"}]}]}}
TpTrace Verbose: 0 : 23184, 12, 2024/08/02, 16:35:51.008, 18403663605755, vstest.console.dll, TestRunRequest:SendTestRunStatsChange: Starting.
TpTrace Verbose: 0 : 23184, 12, 2024/08/02, 16:35:51.008, 18403663606760, vstest.console.dll, InProgress is SwitchPlanTest
TpTrace Verbose: 0 : 23184, 12, 2024/08/02, 16:35:51.009, 18403663609327, vstest.console.dll, MulticastDelegateUtilities.SafeInvoke: TestRun.RunStatsChanged: Invoking callbacks was skipped because there are no subscribers.
TpTrace Information: 0 : 23184, 12, 2024/08/02, 16:35:51.009, 18403663609944, vstest.console.dll, TestRunRequest:SendTestRunStatsChange: Completed.
TpTrace Verbose: 0 : 23184, 12, 2024/08/02, 16:35:51.009, 18403663615358, vstest.console.dll, MulticastDelegateUtilities.SafeInvoke: LengthPrefixCommunicationChannel: MessageReceived: Invoking callback 1/1 for Microsoft.VisualStudio.TestPlatform.CommunicationUtilities.TestRequestSender+<>c__DisplayClass34_0., took 4 ms.
TpTrace Verbose: 0 : 23184, 4, 2024/08/02, 16:35:51.009, 18403663615425, vstest.console.dll, MulticastDelegateUtilities.SafeInvoke: InternalTestLoggerEvents.SendTestResult: Invoking callback 1/1 for Microsoft.VisualStudio.TestPlatform.CommandLine.Internal.ConsoleLogger., took 0 ms.
TpTrace Verbose: 0 : 23184, 12, 2024/08/02, 16:35:51.009, 18403663617351, vstest.console.dll, TcpClientExtensions.MessageLoopAsync: Polling on remoteEndPoint: 127.0.0.1:59534 localEndPoint: 127.0.0.1:59533 after 391 ms
TpTrace Verbose: 0 : 23184, 4, 2024/08/02, 16:35:51.010, 18403663619227, vstest.console.dll, MulticastDelegateUtilities.SafeInvoke: InternalTestLoggerEvents.SendTestResult: Invoking callback 1/1 for Microsoft.VisualStudio.TestPlatform.CommandLine.Internal.ConsoleLogger., took 0 ms.
TpTrace Verbose: 0 : 23184, 4, 2024/08/02, 16:35:51.010, 18403663620433, vstest.console.dll, MulticastDelegateUtilities.SafeInvoke: InternalTestLoggerEvents.SendTestResult: Invoking callback 1/1 for Microsoft.VisualStudio.TestPlatform.CommandLine.Internal.ConsoleLogger., took 0 ms.
TpTrace Verbose: 0 : 23184, 4, 2024/08/02, 16:35:51.010, 18403663621280, vstest.console.dll, MulticastDelegateUtilities.SafeInvoke: InternalTestLoggerEvents.SendTestResult: Invoking callback 1/1 for Microsoft.VisualStudio.TestPlatform.CommandLine.Internal.ConsoleLogger., took 0 ms.
TpTrace Verbose: 0 : 23184, 4, 2024/08/02, 16:35:51.010, 18403663621954, vstest.console.dll, MulticastDelegateUtilities.SafeInvoke: InternalTestLoggerEvents.SendTestResult: Invoking callback 1/1 for Microsoft.VisualStudio.TestPlatform.CommandLine.Internal.ConsoleLogger., took 0 ms.
TpTrace Verbose: 0 : 23184, 4, 2024/08/02, 16:35:51.010, 18403663622663, vstest.console.dll, MulticastDelegateUtilities.SafeInvoke: InternalTestLoggerEvents.SendTestResult: Invoking callback 1/1 for Microsoft.VisualStudio.TestPlatform.CommandLine.Internal.ConsoleLogger., took 0 ms.
TpTrace Verbose: 0 : 23184, 4, 2024/08/02, 16:35:51.010, 18403663623339, vstest.console.dll, MulticastDelegateUtilities.SafeInvoke: InternalTestLoggerEvents.SendTestResult: Invoking callback 1/1 for Microsoft.VisualStudio.TestPlatform.CommandLine.Internal.ConsoleLogger., took 0 ms.
TpTrace Verbose: 0 : 23184, 4, 2024/08/02, 16:35:51.010, 18403663624027, vstest.console.dll, MulticastDelegateUtilities.SafeInvoke: InternalTestLoggerEvents.SendTestResult: Invoking callback 1/1 for Microsoft.VisualStudio.TestPlatform.CommandLine.Internal.ConsoleLogger., took 0 ms.
TpTrace Verbose: 0 : 23184, 4, 2024/08/02, 16:35:51.010, 18403663625326, vstest.console.dll, MulticastDelegateUtilities.SafeInvoke: InternalTestLoggerEvents.SendTestResult: Invoking callback 1/1 for Microsoft.VisualStudio.TestPlatform.CommandLine.Internal.ConsoleLogger., took 0 ms.
TpTrace Verbose: 0 : 23184, 12, 2024/08/02, 16:35:51.028, 18403663805125, vstest.console.dll, TcpClientExtensions.MessageLoopAsync: NotifyDataAvailable remoteEndPoint: 127.0.0.1:59534 localEndPoint: 127.0.0.1:59533
TpTrace Verbose: 0 : 23184, 12, 2024/08/02, 16:35:51.028, 18403663807134, vstest.console.dll, TestRequestSender.OnExecutionMessageReceived: Received message: {"Version":7,"MessageType":"TestSession.Message","Payload":{"MessageLevel":0,"Message":"NUnit Adapter 4.4.0.0: Test execution complete"}}
TpTrace Verbose: 0 : 23184, 12, 2024/08/02, 16:35:51.029, 18403663808381, vstest.console.dll, TestRunRequest:SendTestRunMessage: Starting.
TpTrace Verbose: 0 : 23184, 12, 2024/08/02, 16:35:51.029, 18403663809058, vstest.console.dll, MulticastDelegateUtilities.SafeInvoke: TestRun.LogMessages: Invoking callback 1/1 for Microsoft.VisualStudio.TestPlatform.CommandLine.TestRunResultAggregator., took 0 ms.
TpTrace Information: 0 : 23184, 12, 2024/08/02, 16:35:51.029, 18403663809384, vstest.console.dll, TestRunRequest:SendTestRunMessage: Completed.
TpTrace Verbose: 0 : 23184, 12, 2024/08/02, 16:35:51.029, 18403663809671, vstest.console.dll, MulticastDelegateUtilities.SafeInvoke: LengthPrefixCommunicationChannel: MessageReceived: Invoking callback 1/1 for Microsoft.VisualStudio.TestPlatform.CommunicationUtilities.TestRequestSender+<>c__DisplayClass34_0., took 0 ms.
TpTrace Verbose: 0 : 23184, 12, 2024/08/02, 16:35:51.029, 18403663810964, vstest.console.dll, TcpClientExtensions.MessageLoopAsync: Polling on remoteEndPoint: 127.0.0.1:59534 localEndPoint: 127.0.0.1:59533 after 19 ms
TpTrace Verbose: 0 : 23184, 4, 2024/08/02, 16:35:51.029, 18403663809756, vstest.console.dll, MulticastDelegateUtilities.SafeInvoke: InternalTestLoggerEvents.SendTestRunMessage: Invoking callback 1/1 for Microsoft.VisualStudio.TestPlatform.CommandLine.Internal.ConsoleLogger., took 0 ms.
TpTrace Verbose: 0 : 23184, 12, 2024/08/02, 16:35:51.065, 18403664168473, vstest.console.dll, TcpClientExtensions.MessageLoopAsync: NotifyDataAvailable remoteEndPoint: 127.0.0.1:59534 localEndPoint: 127.0.0.1:59533
TpTrace Verbose: 0 : 23184, 12, 2024/08/02, 16:35:51.065, 18403664171521, vstest.console.dll, TestRequestSender.OnExecutionMessageReceived: Received message: {"Version":7,"MessageType":"TestExecution.Completed","Payload":{"TestRunCompleteArgs":{"TestRunStatistics":{"ExecutedTests":40,"Stats":{"Passed":40}},"IsCanceled":false,"IsAborted":false,"Error":null,"AttachmentSets":[],"InvokedDataCollectors":[],"ElapsedTimeInRunningTests":"00:00:04.3615255","Metrics":{},"DiscoveredExtensions":{"TestDiscoverers":["NUnit.VisualStudio.TestAdapter.NUnit3TestDiscoverer, NUnit3.TestAdapter, Version=4.4.0.0, Culture=neutral, PublicKeyToken=4cb40d35494691ac"],"TestExecutors":["executor://NUnit3TestExecutor"],"TestExecutors2":[],"TestSettingsProviders":[]}},"LastRunTests":{"NewTestResults":[{"TestCase":{"Id":"599eaf16-137d-483e-a689-cecfc9afa369","FullyQualifiedName":"RealestateAppTesting.ServiceTesting.UserServiceTest.SwitchPlanTest","DisplayName":"SwitchPlanTest","ExecutorUri":"executor://NUnit3TestExecutor","Source":"C:\\Users\\VC\\Desktop\\Presidio\\67acres\\RealEstateAPISln\\RealestateAppTesting\\bin\\Debug\\net6.0\\fine-code-coverage\\build-output\\RealestateAppTesting.dll","CodeFilePath":null,"LineNumber":0,"Properties":[{"Key":{"Id":"NUnit.Seed","Label":"Seed","Category":"","Description":"","Attributes":0,"ValueType":"System.String"},"Value":"462193147"}]},"Attachments":[],"Outcome":1,"ErrorMessage":null,"ErrorStackTrace":null,"DisplayName":"SwitchPlanTest","Messages":[],"ComputerName":"DESKTOP-DPV93JG","Duration":"00:00:00.0044450","StartTime":"2024-08-02T11:05:50.9975632+00:00","EndTime":"2024-08-02T11:05:51.0020069+00:00","Properties":[{"Key":{"Id":"NUnit.Seed","Label":"Seed","Category":"","Description":"","Attributes":0,"ValueType":"System.String"},"Value":"462193147"}]},{"TestCase":{"Id":"53488a8b-2a68-609a-0240-bd918b99106d","FullyQualifiedName":"RealestateAppTesting.ServiceTesting.UserServiceTest.SwitchRoleTest","DisplayName":"SwitchRoleTest","ExecutorUri":"executor://NUnit3TestExecutor","Source":"C:\\Users\\VC\\Desktop\\Presidio\\67acres\\RealEstateAPISln\\RealestateAppTesting\\bin\\Debug\\net6.0\\fine-code-coverage\\build-output\\RealestateAppTesting.dll","CodeFilePath":null,"LineNumber":0,"Properties":[{"Key":{"Id":"NUnit.Seed","Label":"Seed","Category":"","Description":"","Attributes":0,"ValueType":"System.String"},"Value":"936830581"}]},"Attachments":[],"Outcome":1,"ErrorMessage":null,"ErrorStackTrace":null,"DisplayName":"SwitchRoleTest","Messages":[],"ComputerName":"DESKTOP-DPV93JG","Duration":"00:00:00.0052240","StartTime":"2024-08-02T11:05:51.0020535+00:00","EndTime":"2024-08-02T11:05:51.0072774+00:00","Properties":[{"Key":{"Id":"NUnit.Seed","Label":"Seed","Category":"","Description":"","Attributes":0,"ValueType":"System.String"},"Value":"936830581"}]},{"TestCase":{"Id":"b3e34e13-17e1-e7c8-4085-10b6feabe92a","FullyQualifiedName":"RealestateAppTesting.ServiceTesting.UserServiceTest.VerifySmsTest","DisplayName":"VerifySmsTest","ExecutorUri":"executor://NUnit3TestExecutor","Source":"C:\\Users\\VC\\Desktop\\Presidio\\67acres\\RealEstateAPISln\\RealestateAppTesting\\bin\\Debug\\net6.0\\fine-code-coverage\\build-output\\RealestateAppTesting.dll","CodeFilePath":null,"LineNumber":0,"Properties":[{"Key":{"Id":"NUnit.Seed","Label":"Seed","Category":"","Description":"","Attributes":0,"ValueType":"System.String"},"Value":"1644255103"}]},"Attachments":[],"Outcome":1,"ErrorMessage":null,"ErrorStackTrace":null,"DisplayName":"VerifySmsTest","Messages":[],"ComputerName":"DESKTOP-DPV93JG","Duration":"00:00:00.0023470","StartTime":"2024-08-02T11:05:51.0077734+00:00","EndTime":"2024-08-02T11:05:51.0101206+00:00","Properties":[{"Key":{"Id":"NUnit.Seed","Label":"Seed","Category":"","Description":"","Attributes":0,"ValueType":"System.String"},"Value":"1644255103"}]}],"TestRunStatistics":{"ExecutedTests":40,"Stats":{"Passed":40}},"ActiveTests":[]},"RunAttachments":[],"ExecutorUris":["executor://nunit3testexecutor/"]}}
TpTrace Verbose: 0 : 23184, 12, 2024/08/02, 16:35:51.065, 18403664174305, vstest.console.dll, TestRequestSender.EndSession: Sending end session.
TpTrace Verbose: 0 : 23184, 12, 2024/08/02, 16:35:51.065, 18403664177520, vstest.console.dll, ProxyOperationManager.Close: waiting for test host to exit for 100 ms
TpTrace Verbose: 0 : 23184, 7, 2024/08/02, 16:35:51.111, 18403664629303, vstest.console.dll, TestHostManagerCallbacks.ctor: Experimental forwarding output is disabled.
TpTrace Warning: 0 : 23184, 7, 2024/08/02, 16:35:51.111, 18403664631047, vstest.console.dll, TestHostManagerCallbacks.ErrorReceivedCallback Test host standard error line: 
TpTrace Verbose: 0 : 23184, 7, 2024/08/02, 16:35:51.131, 18403664831851, vstest.console.dll, TestHostProvider.ExitCallBack: Host exited starting callback.
TpTrace Information: 0 : 23184, 7, 2024/08/02, 16:35:51.131, 18403664834339, vstest.console.dll, TestHostManagerCallbacks.ExitCallBack: Testhost processId: 26796 exited with exitcode: 0 error: ''
TpTrace Verbose: 0 : 23184, 7, 2024/08/02, 16:35:51.131, 18403664834937, vstest.console.dll, DotnetTestHostManager.OnHostExited: invoking OnHostExited callback
TpTrace Verbose: 0 : 23184, 7, 2024/08/02, 16:35:51.131, 18403664835635, vstest.console.dll, CrossPlatEngine.TestHostManagerHostExited: calling on client process exit callback.
TpTrace Information: 0 : 23184, 7, 2024/08/02, 16:35:51.131, 18403664836523, vstest.console.dll, TestRequestSender.OnClientProcessExit: Test host process exited. Standard error: 
TpTrace Information: 0 : 23184, 12, 2024/08/02, 16:35:51.131, 18403664837058, vstest.console.dll, SocketServer.Stop: Stop server endPoint: 127.0.0.1:59533
TpTrace Information: 0 : 23184, 12, 2024/08/02, 16:35:51.132, 18403664838341, vstest.console.dll, SocketServer.Stop: Cancellation requested. Stopping message loop.
TpTrace Information: 0 : 23184, 7, 2024/08/02, 16:35:51.131, 18403664837546, vstest.console.dll, SocketServer.Stop: Stop server endPoint: 127.0.0.1:59533
TpTrace Information: 0 : 23184, 7, 2024/08/02, 16:35:51.132, 18403664839395, vstest.console.dll, SocketServer.Stop: Cancellation requested. Stopping message loop.
TpTrace Verbose: 0 : 23184, 7, 2024/08/02, 16:35:51.132, 18403664840039, vstest.console.dll, MulticastDelegateUtilities.SafeInvoke: HostProviderEvents.OnHostExited: Invoking callback 1/1 for Microsoft.VisualStudio.TestPlatform.CrossPlatEngine.Client.ProxyOperationManager., took 0 ms.
TpTrace Information: 0 : 23184, 12, 2024/08/02, 16:35:51.132, 18403664840317, vstest.console.dll, Closing the connection
TpTrace Verbose: 0 : 23184, 12, 2024/08/02, 16:35:51.132, 18403664844638, vstest.console.dll, ProxyDataCollectionManager.InvokeDataCollectionServiceAction: Starting.
TpTrace Information: 0 : 23184, 12, 2024/08/02, 16:35:51.132, 18403664845405, vstest.console.dll, ProxyDataCollectionManager.AfterTestRunEnd: Get attachment set and invoked data collectors processId: 21144 port: 59530
TpTrace Verbose: 0 : 23184, 12, 2024/08/02, 16:35:51.132, 18403664846111, vstest.console.dll, DataCollectionRequestSender.SendAfterTestRunStartAndGetResult: Send AfterTestRunEnd message with isCancelled: False
TpTrace Verbose: 0 : 23184, 12, 2024/08/02, 16:35:51.144, 18403664963389, vstest.console.dll, DataCollectionRequestSender.SendAfterTestRunStartAndGetResult: Received message: (DataCollection.AfterTestRunEndResult) -> {"MessageType":"DataCollection.AfterTestRunEndResult","Payload":{"AttachmentSets":[],"InvokedDataCollectors":[{"Uri":"datacollector://Microsoft/TestPlatform/Extensions/Blame/v1","FriendlyName":"Blame","AssemblyQualifiedName":"Microsoft.TestPlatform.Extensions.BlameDataCollector.BlameCollector, Microsoft.TestPlatform.Extensions.BlameDataCollector, Version=15.0.0.0, Culture=neutral, PublicKeyToken=b03f5f7f11d50a3a","FilePath":"C:\\Program Files\\dotnet\\sdk\\8.0.302\\Extensions\\Microsoft.TestPlatform.Extensions.BlameDataCollector.dll","HasAttachmentProcessor":false}],"Metrics":{}}}
TpTrace Warning: 0 : 23184, 10, 2024/08/02, 16:35:51.151, 18403665028827, vstest.console.dll, DataCollectionLauncher.ErrorReceivedCallback datacollector standard error line: 
TpTrace Information: 0 : 23184, 12, 2024/08/02, 16:35:51.152, 18403665039159, vstest.console.dll, ProxyDataCollectionManager.InvokeDataCollectionServiceAction: Completed.
TpTrace Information: 0 : 23184, 10, 2024/08/02, 16:35:51.163, 18403665153659, vstest.console.dll, DataCollectionLauncher.ExitCallBack: Data collector exited with exitcode: 0 error: ''
TpTrace Verbose: 0 : 23184, 12, 2024/08/02, 16:35:51.207, 18403665588541, vstest.console.dll, TestRunRequest:SendTestRunStatsChange: Starting.
TpTrace Verbose: 0 : 23184, 12, 2024/08/02, 16:35:51.207, 18403665590150, vstest.console.dll, MulticastDelegateUtilities.SafeInvoke: TestRun.RunStatsChanged: Invoking callbacks was skipped because there are no subscribers.
TpTrace Information: 0 : 23184, 12, 2024/08/02, 16:35:51.207, 18403665590478, vstest.console.dll, TestRunRequest:SendTestRunStatsChange: Completed.
TpTrace Verbose: 0 : 23184, 4, 2024/08/02, 16:35:51.207, 18403665591863, vstest.console.dll, MulticastDelegateUtilities.SafeInvoke: InternalTestLoggerEvents.SendTestResult: Invoking callback 1/1 for Microsoft.VisualStudio.TestPlatform.CommandLine.Internal.ConsoleLogger., took 0 ms.
TpTrace Verbose: 0 : 23184, 4, 2024/08/02, 16:35:51.207, 18403665594222, vstest.console.dll, MulticastDelegateUtilities.SafeInvoke: InternalTestLoggerEvents.SendTestResult: Invoking callback 1/1 for Microsoft.VisualStudio.TestPlatform.CommandLine.Internal.ConsoleLogger., took 0 ms.
TpTrace Verbose: 0 : 23184, 4, 2024/08/02, 16:35:51.207, 18403665595429, vstest.console.dll, MulticastDelegateUtilities.SafeInvoke: InternalTestLoggerEvents.SendTestResult: Invoking callback 1/1 for Microsoft.VisualStudio.TestPlatform.CommandLine.Internal.ConsoleLogger., took 0 ms.
TpTrace Verbose: 0 : 23184, 12, 2024/08/02, 16:35:51.207, 18403665595984, vstest.console.dll, ParallelProxyExecutionManager: HandlePartialRunComplete: Total workloads = 1, Total started clients = 1 Total completed clients = 1, Run complete = True, Run canceled: False.
TpTrace Verbose: 0 : 23184, 12, 2024/08/02, 16:35:51.207, 18403665596863, vstest.console.dll, ParallelProxyExecutionManager: HandlePartialRunComplete: All runs completed stopping all managers.
TpTrace Verbose: 0 : 23184, 12, 2024/08/02, 16:35:51.207, 18403665597742, vstest.console.dll, ParallelOperationManager.StopAllManagers: Stopping all managers.
TpTrace Verbose: 0 : 23184, 12, 2024/08/02, 16:35:51.207, 18403665598145, vstest.console.dll, ParallelOperationManager.ClearSlots: Clearing all slots. Slots should accept more work: False
TpTrace Verbose: 0 : 23184, 12, 2024/08/02, 16:35:51.208, 18403665598885, vstest.console.dll, ParallelOperationManager.SetOccupiedSlotCount: Setting slot counts AvailableSlotCount = 1, OccupiedSlotCount = 0.
TpTrace Verbose: 0 : 23184, 12, 2024/08/02, 16:35:51.208, 18403665599719, vstest.console.dll, Occupied slots:

TpTrace Verbose: 0 : 23184, 4, 2024/08/02, 16:35:51.225, 18403665773164, vstest.console.dll, MulticastDelegateUtilities.SafeInvoke: InternalTestLoggerEvents.SendTestRunComplete: Invoking callback 1/2 for Microsoft.TestPlatform.Extensions.BlameDataCollector.BlameLogger., took 0 ms.
TpTrace Verbose: 0 : 23184, 4, 2024/08/02, 16:35:51.237, 18403665896165, vstest.console.dll, MulticastDelegateUtilities.SafeInvoke: InternalTestLoggerEvents.SendTestRunComplete: Invoking callback 2/2 for Microsoft.VisualStudio.TestPlatform.CommandLine.Internal.ConsoleLogger., took 12 ms.
TpTrace Verbose: 0 : 23184, 12, 2024/08/02, 16:35:51.238, 18403665902864, vstest.console.dll, TestRunRequest:TestRunComplete: Starting. IsAborted:False IsCanceled:False.
TpTrace Verbose: 0 : 23184, 12, 2024/08/02, 16:35:51.238, 18403665906172, vstest.console.dll, ParallelOperationManager.DoActionOnAllManagers: Calling an action on all managers.
TpTrace Verbose: 0 : 23184, 12, 2024/08/02, 16:35:51.240, 18403665925550, vstest.console.dll, TestLoggerManager.HandleTestRunComplete: Ignoring as the object is disposed.
TpTrace Verbose: 0 : 23184, 12, 2024/08/02, 16:35:51.241, 18403665930607, vstest.console.dll, MulticastDelegateUtilities.SafeInvoke: TestRun.TestRunComplete: Invoking callback 1/2 for Microsoft.VisualStudio.TestPlatform.CommandLine.TestRunResultAggregator., took 0 ms.
TpTrace Verbose: 0 : 23184, 12, 2024/08/02, 16:35:51.241, 18403665933213, vstest.console.dll, MulticastDelegateUtilities.SafeInvoke: TestRun.TestRunComplete: Invoking callback 2/2 for Microsoft.VisualStudio.TestPlatform.CommandLine.Processors.RunTestsArgumentExecutor+TestRunRequestEventsRegistrar., took 0 ms.
TpTrace Information: 0 : 23184, 12, 2024/08/02, 16:35:51.241, 18403665934998, vstest.console.dll, TestRunRequest:TestRunComplete: Completed.
TpTrace Verbose: 0 : 23184, 12, 2024/08/02, 16:35:51.241, 18403665935482, vstest.console.dll, TestRequestSender.SetOperationComplete: Setting operation complete.
TpTrace Information: 0 : 23184, 12, 2024/08/02, 16:35:51.241, 18403665935917, vstest.console.dll, SocketServer.Stop: Stop server endPoint: 127.0.0.1:59533
TpTrace Information: 0 : 23184, 12, 2024/08/02, 16:35:51.241, 18403665936426, vstest.console.dll, SocketServer.Stop: Cancellation requested. Stopping message loop.
TpTrace Verbose: 0 : 23184, 1, 2024/08/02, 16:35:51.241, 18403665935903, vstest.console.dll, TestRunRequest.Dispose: Starting.
TpTrace Verbose: 0 : 23184, 12, 2024/08/02, 16:35:51.241, 18403665936961, vstest.console.dll, MulticastDelegateUtilities.SafeInvoke: LengthPrefixCommunicationChannel: MessageReceived: Invoking callback 1/1 for Microsoft.VisualStudio.TestPlatform.CommunicationUtilities.TestRequestSender+<>c__DisplayClass34_0., took 176 ms.
TpTrace Information: 0 : 23184, 1, 2024/08/02, 16:35:51.242, 18403665938536, vstest.console.dll, TestRunRequest.Dispose: Completed.
TpTrace Information: 0 : 23184, 1, 2024/08/02, 16:35:51.242, 18403665939528, vstest.console.dll, TestRequestManager.RunTests: run tests completed.
TpTrace Information: 0 : 23184, 12, 2024/08/02, 16:35:51.242, 18403665939561, vstest.console.dll, SocketServer.PrivateStop: Stopping server endPoint: 127.0.0.1:59533 error: 
TpTrace Information: 0 : 23184, 1, 2024/08/02, 16:35:51.242, 18403665940890, vstest.console.dll, RunTestsArgumentProcessor:Execute: Test run is completed.
TpTrace Verbose: 0 : 23184, 1, 2024/08/02, 16:35:51.242, 18403665945276, vstest.console.dll, Executor.Execute: Exiting with exit code of 0
TpTrace Verbose: 0 : 23184, 12, 2024/08/02, 16:35:51.243, 18403665948451, vstest.console.dll, LengthPrefixCommunicationChannel.Dispose: Dispose reader and writer.
TpTrace Information: 0 : 23184, 12, 2024/08/02, 16:35:51.243, 18403665949719, vstest.console.dll, SocketServer.Stop: Raise disconnected event endPoint: 127.0.0.1:59533 error: 
TpTrace Verbose: 0 : 23184, 12, 2024/08/02, 16:35:51.243, 18403665951311, vstest.console.dll, TestRequestSender: OnTestRunAbort: Operation is already complete. Skip error message.
TpTrace Verbose: 0 : 23184, 12, 2024/08/02, 16:35:51.243, 18403665951912, vstest.console.dll, MulticastDelegateUtilities.SafeInvoke: SocketServer: ClientDisconnected: Invoking callback 1/1 for Microsoft.VisualStudio.TestPlatform.CommunicationUtilities.TestRequestSender., took 0 ms.
TpTrace Verbose: 0 : 23184, 12, 2024/08/02, 16:35:51.243, 18403665952220, vstest.console.dll, TcpClientExtensions.MessageLoopAsync: exiting MessageLoopAsync remoteEndPoint: 127.0.0.1:59534 localEndPoint: 127.0.0.1:59533
